{"C:\\Users\\jlc254\\Music\\devopssummit.africa-v3\\src\\components\\SafeLink.tsx": {"path":"C:\\Users\\jlc254\\Music\\devopssummit.africa-v3\\src\\components\\SafeLink.tsx","statementMap":{"0":{"start":{"line":13,"column":13},"end":{"line":36,"column":null}},"1":{"start":{"line":14,"column":8},"end":{"line":14,"column":36}},"2":{"start":{"line":16,"column":21},"end":{"line":24,"column":16}},"3":{"start":{"line":17,"column":4},"end":{"line":22,"column":null}},"4":{"start":{"line":18,"column":6},"end":{"line":18,"column":null}},"5":{"start":{"line":18,"column":40},"end":{"line":18,"column":null}},"6":{"start":{"line":19,"column":18},"end":{"line":19,"column":35}},"7":{"start":{"line":20,"column":6},"end":{"line":20,"column":null}},"8":{"start":{"line":22,"column":6},"end":{"line":22,"column":null}},"9":{"start":{"line":26,"column":2},"end":{"line":36,"column":null}}},"fnMap":{"0":{"name":"(anonymous_0)","decl":{"start":{"line":13,"column":13},"end":{"line":13,"column":25}},"loc":{"start":{"line":13,"column":73},"end":{"line":36,"column":null}},"line":13},"1":{"name":"(anonymous_1)","decl":{"start":{"line":16,"column":27},"end":{"line":16,"column":41}},"loc":{"start":{"line":16,"column":41},"end":{"line":24,"column":6}},"line":16}},"branchMap":{"0":{"loc":{"start":{"line":18,"column":6},"end":{"line":18,"column":null}},"type":"if","locations":[{"start":{"line":18,"column":6},"end":{"line":18,"column":null}},{"start":{},"end":{}}],"line":18},"1":{"loc":{"start":{"line":30,"column":11},"end":{"line":33,"column":null}},"type":"binary-expr","locations":[{"start":{"line":30,"column":11},"end":{"line":30,"column":25}},{"start":{"line":30,"column":25},"end":{"line":33,"column":null}}],"line":30},"2":{"loc":{"start":{"line":36,"column":7},"end":{"line":36,"column":null}},"type":"binary-expr","locations":[{"start":{"line":36,"column":7},"end":{"line":36,"column":21}},{"start":{"line":36,"column":21},"end":{"line":36,"column":null}}],"line":36}},"s":{"0":1,"1":4,"2":4,"3":4,"4":4,"5":0,"6":4,"7":4,"8":0,"9":4},"f":{"0":4,"1":4},"b":{"0":[0,4],"1":[4,4],"2":[4,4]},"meta":{"lastBranch":3,"lastFunction":2,"lastStatement":10,"seen":{"s:13:13:36:Infinity":0,"f:13:13:13:25":0,"s:14:8:14:36":1,"s:16:21:24:16":2,"f:16:27:16:41":1,"s:17:4:22:Infinity":3,"b:18:6:18:Infinity:undefined:undefined:undefined:undefined":0,"s:18:6:18:Infinity":4,"s:18:40:18:Infinity":5,"s:19:18:19:35":6,"s:20:6:20:Infinity":7,"s:22:6:22:Infinity":8,"s:26:2:36:Infinity":9,"b:30:11:30:25:30:25:33:Infinity":1,"b:36:7:36:21:36:21:36:Infinity":2}}}
,"C:\\Users\\jlc254\\Music\\devopssummit.africa-v3\\src\\components\\landing\\Hero.tsx": {"path":"C:\\Users\\jlc254\\Music\\devopssummit.africa-v3\\src\\components\\landing\\Hero.tsx","statementMap":{"0":{"start":{"line":5,"column":19},"end":{"line":5,"column":60}},"1":{"start":{"line":8,"column":19},"end":{"line":8,"column":89}},"2":{"start":{"line":9,"column":2},"end":{"line":22,"column":null}},"3":{"start":{"line":10,"column":10},"end":{"line":17,"column":null}},"4":{"start":{"line":11,"column":19},"end":{"line":11,"column":55}},"5":{"start":{"line":12,"column":6},"end":{"line":17,"column":null}},"6":{"start":{"line":19,"column":4},"end":{"line":19,"column":null}},"7":{"start":{"line":20,"column":15},"end":{"line":20,"column":38}},"8":{"start":{"line":21,"column":4},"end":{"line":21,"column":null}},"9":{"start":{"line":21,"column":17},"end":{"line":21,"column":34}},"10":{"start":{"line":23,"column":2},"end":{"line":23,"column":null}},"11":{"start":{"line":26,"column":33},"end":{"line":132,"column":null}},"12":{"start":{"line":27,"column":8},"end":{"line":27,"column":51}},"13":{"start":{"line":28,"column":8},"end":{"line":28,"column":47}},"14":{"start":{"line":30,"column":2},"end":{"line":127,"column":null}},"15":{"start":{"line":31,"column":4},"end":{"line":31,"column":null}},"16":{"start":{"line":31,"column":28},"end":{"line":31,"column":null}},"17":{"start":{"line":33,"column":19},"end":{"line":33,"column":null}},"18":{"start":{"line":34,"column":16},"end":{"line":34,"column":84}},"19":{"start":{"line":36,"column":94},"end":{"line":36,"column":96}},"20":{"start":{"line":39,"column":10},"end":{"line":40,"column":null}},"21":{"start":{"line":40,"column":6},"end":{"line":40,"column":null}},"22":{"start":{"line":42,"column":10},"end":{"line":44,"column":null}},"23":{"start":{"line":43,"column":6},"end":{"line":43,"column":null}},"24":{"start":{"line":44,"column":6},"end":{"line":44,"column":null}},"25":{"start":{"line":47,"column":10},"end":{"line":59,"column":null}},"26":{"start":{"line":48,"column":6},"end":{"line":48,"column":null}},"27":{"start":{"line":50,"column":22},"end":{"line":50,"column":null}},"28":{"start":{"line":51,"column":20},"end":{"line":51,"column":86}},"29":{"start":{"line":52,"column":6},"end":{"line":59,"column":null}},"30":{"start":{"line":52,"column":55},"end":{"line":59,"column":9}},"31":{"start":{"line":62,"column":10},"end":{"line":84,"column":null}},"32":{"start":{"line":68,"column":6},"end":{"line":84,"column":null}},"33":{"start":{"line":68,"column":19},"end":{"line":68,"column":26}},"34":{"start":{"line":69,"column":18},"end":{"line":69,"column":null}},"35":{"start":{"line":70,"column":19},"end":{"line":70,"column":null}},"36":{"start":{"line":71,"column":19},"end":{"line":71,"column":null}},"37":{"start":{"line":74,"column":8},"end":{"line":74,"column":null}},"38":{"start":{"line":74,"column":62},"end":{"line":74,"column":null}},"39":{"start":{"line":76,"column":23},"end":{"line":76,"column":null}},"40":{"start":{"line":77,"column":8},"end":{"line":84,"column":null}},"41":{"start":{"line":78,"column":23},"end":{"line":78,"column":40}},"42":{"start":{"line":79,"column":10},"end":{"line":79,"column":null}},"43":{"start":{"line":80,"column":10},"end":{"line":80,"column":null}},"44":{"start":{"line":81,"column":10},"end":{"line":81,"column":null}},"45":{"start":{"line":82,"column":10},"end":{"line":82,"column":null}},"46":{"start":{"line":83,"column":10},"end":{"line":83,"column":null}},"47":{"start":{"line":84,"column":10},"end":{"line":84,"column":null}},"48":{"start":{"line":89,"column":10},"end":{"line":117,"column":null}},"49":{"start":{"line":92,"column":6},"end":{"line":92,"column":null}},"50":{"start":{"line":94,"column":22},"end":{"line":94,"column":null}},"51":{"start":{"line":95,"column":24},"end":{"line":95,"column":null}},"52":{"start":{"line":97,"column":6},"end":{"line":115,"column":null}},"53":{"start":{"line":97,"column":19},"end":{"line":97,"column":22}},"54":{"start":{"line":98,"column":18},"end":{"line":98,"column":null}},"55":{"start":{"line":101,"column":8},"end":{"line":101,"column":null}},"56":{"start":{"line":102,"column":8},"end":{"line":102,"column":null}},"57":{"start":{"line":105,"column":8},"end":{"line":105,"column":null}},"58":{"start":{"line":105,"column":21},"end":{"line":105,"column":null}},"59":{"start":{"line":106,"column":8},"end":{"line":106,"column":null}},"60":{"start":{"line":106,"column":32},"end":{"line":106,"column":null}},"61":{"start":{"line":107,"column":8},"end":{"line":107,"column":null}},"62":{"start":{"line":107,"column":21},"end":{"line":107,"column":null}},"63":{"start":{"line":108,"column":8},"end":{"line":108,"column":null}},"64":{"start":{"line":108,"column":33},"end":{"line":108,"column":null}},"65":{"start":{"line":110,"column":8},"end":{"line":110,"column":null}},"66":{"start":{"line":111,"column":8},"end":{"line":111,"column":null}},"67":{"start":{"line":112,"column":8},"end":{"line":112,"column":null}},"68":{"start":{"line":113,"column":8},"end":{"line":113,"column":null}},"69":{"start":{"line":115,"column":8},"end":{"line":115,"column":null}},"70":{"start":{"line":117,"column":6},"end":{"line":117,"column":null}},"71":{"start":{"line":120,"column":4},"end":{"line":120,"column":null}},"72":{"start":{"line":121,"column":4},"end":{"line":121,"column":null}},"73":{"start":{"line":122,"column":4},"end":{"line":122,"column":null}},"74":{"start":{"line":123,"column":4},"end":{"line":125,"column":null}},"75":{"start":{"line":124,"column":6},"end":{"line":124,"column":null}},"76":{"start":{"line":125,"column":6},"end":{"line":125,"column":null}},"77":{"start":{"line":129,"column":2},"end":{"line":129,"column":null}},"78":{"start":{"line":129,"column":26},"end":{"line":129,"column":null}},"79":{"start":{"line":131,"column":2},"end":{"line":131,"column":null}},"80":{"start":{"line":133,"column":0},"end":{"line":133,"column":null}},"81":{"start":{"line":135,"column":6},"end":{"line":142,"column":null}},"82":{"start":{"line":136,"column":2},"end":{"line":142,"column":null}},"83":{"start":{"line":146,"column":6},"end":{"line":278,"column":null}},"84":{"start":{"line":147,"column":44},"end":{"line":147,"column":58}},"85":{"start":{"line":148,"column":8},"end":{"line":148,"column":47}},"86":{"start":{"line":149,"column":8},"end":{"line":149,"column":49}},"87":{"start":{"line":152,"column":2},"end":{"line":163,"column":null}},"88":{"start":{"line":153,"column":4},"end":{"line":153,"column":null}},"89":{"start":{"line":153,"column":28},"end":{"line":153,"column":null}},"90":{"start":{"line":154,"column":18},"end":{"line":161,"column":11}},"91":{"start":{"line":155,"column":26},"end":{"line":155,"column":50}},"92":{"start":{"line":156,"column":6},"end":{"line":159,"column":null}},"93":{"start":{"line":157,"column":8},"end":{"line":159,"column":null}},"94":{"start":{"line":162,"column":4},"end":{"line":162,"column":null}},"95":{"start":{"line":162,"column":17},"end":{"line":162,"column":36}},"96":{"start":{"line":165,"column":2},"end":{"line":278,"column":null}}},"fnMap":{"0":{"name":"useCountdown","decl":{"start":{"line":7,"column":9},"end":{"line":7,"column":24}},"loc":{"start":{"line":7,"column":24},"end":{"line":23,"column":null}},"line":7},"1":{"name":"(anonymous_1)","decl":{"start":{"line":9,"column":2},"end":{"line":9,"column":18}},"loc":{"start":{"line":9,"column":18},"end":{"line":22,"column":7}},"line":9},"2":{"name":"(anonymous_2)","decl":{"start":{"line":10,"column":10},"end":{"line":10,"column":23}},"loc":{"start":{"line":10,"column":23},"end":{"line":17,"column":null}},"line":10},"3":{"name":"(anonymous_3)","decl":{"start":{"line":21,"column":4},"end":{"line":21,"column":17}},"loc":{"start":{"line":21,"column":17},"end":{"line":21,"column":34}},"line":21},"4":{"name":"(anonymous_4)","decl":{"start":{"line":26,"column":39},"end":{"line":26,"column":50}},"loc":{"start":{"line":26,"column":50},"end":{"line":132,"column":null}},"line":26},"5":{"name":"(anonymous_5)","decl":{"start":{"line":30,"column":2},"end":{"line":30,"column":18}},"loc":{"start":{"line":30,"column":18},"end":{"line":127,"column":6}},"line":30},"6":{"name":"(anonymous_6)","decl":{"start":{"line":39,"column":10},"end":{"line":39,"column":null}},"loc":{"start":{"line":40,"column":6},"end":{"line":40,"column":null}},"line":40},"7":{"name":"(anonymous_7)","decl":{"start":{"line":42,"column":10},"end":{"line":42,"column":25}},"loc":{"start":{"line":42,"column":25},"end":{"line":44,"column":null}},"line":42},"8":{"name":"(anonymous_8)","decl":{"start":{"line":47,"column":10},"end":{"line":47,"column":23}},"loc":{"start":{"line":47,"column":23},"end":{"line":59,"column":null}},"line":47},"9":{"name":"(anonymous_9)","decl":{"start":{"line":52,"column":46},"end":{"line":52,"column":55}},"loc":{"start":{"line":52,"column":55},"end":{"line":59,"column":9}},"line":52},"10":{"name":"(anonymous_10)","decl":{"start":{"line":62,"column":10},"end":{"line":62,"column":null}},"loc":{"start":{"line":67,"column":9},"end":{"line":84,"column":null}},"line":67},"11":{"name":"(anonymous_11)","decl":{"start":{"line":89,"column":10},"end":{"line":89,"column":23}},"loc":{"start":{"line":89,"column":23},"end":{"line":117,"column":null}},"line":89},"12":{"name":"(anonymous_12)","decl":{"start":{"line":123,"column":4},"end":{"line":123,"column":17}},"loc":{"start":{"line":123,"column":17},"end":{"line":125,"column":null}},"line":123},"13":{"name":"(anonymous_13)","decl":{"start":{"line":135,"column":6},"end":{"line":135,"column":67}},"loc":{"start":{"line":136,"column":2},"end":{"line":142,"column":null}},"line":136},"14":{"name":"(anonymous_14)","decl":{"start":{"line":146,"column":6},"end":{"line":146,"column":29}},"loc":{"start":{"line":146,"column":29},"end":{"line":278,"column":null}},"line":146},"15":{"name":"(anonymous_15)","decl":{"start":{"line":152,"column":2},"end":{"line":152,"column":18}},"loc":{"start":{"line":152,"column":18},"end":{"line":163,"column":6}},"line":152},"16":{"name":"(anonymous_16)","decl":{"start":{"line":154,"column":18},"end":{"line":154,"column":35}},"loc":{"start":{"line":154,"column":35},"end":{"line":161,"column":11}},"line":154},"17":{"name":"(anonymous_17)","decl":{"start":{"line":157,"column":20},"end":{"line":157,"column":32}},"loc":{"start":{"line":157,"column":32},"end":{"line":159,"column":null}},"line":157},"18":{"name":"(anonymous_18)","decl":{"start":{"line":162,"column":4},"end":{"line":162,"column":17}},"loc":{"start":{"line":162,"column":17},"end":{"line":162,"column":36}},"line":162}},"branchMap":{"0":{"loc":{"start":{"line":31,"column":4},"end":{"line":31,"column":null}},"type":"if","locations":[{"start":{"line":31,"column":4},"end":{"line":31,"column":null}},{"start":{},"end":{}}],"line":31},"1":{"loc":{"start":{"line":34,"column":16},"end":{"line":34,"column":84}},"type":"binary-expr","locations":[{"start":{"line":34,"column":16},"end":{"line":34,"column":57}},{"start":{"line":34,"column":61},"end":{"line":34,"column":84}}],"line":34},"2":{"loc":{"start":{"line":50,"column":22},"end":{"line":50,"column":null}},"type":"cond-expr","locations":[{"start":{"line":50,"column":59},"end":{"line":50,"column":67}},{"start":{"line":50,"column":67},"end":{"line":50,"column":null}}],"line":50},"3":{"loc":{"start":{"line":74,"column":8},"end":{"line":74,"column":null}},"type":"if","locations":[{"start":{"line":74,"column":8},"end":{"line":74,"column":null}},{"start":{},"end":{}}],"line":74},"4":{"loc":{"start":{"line":74,"column":12},"end":{"line":74,"column":62}},"type":"binary-expr","locations":[{"start":{"line":74,"column":12},"end":{"line":74,"column":38}},{"start":{"line":74,"column":38},"end":{"line":74,"column":62}}],"line":74},"5":{"loc":{"start":{"line":77,"column":8},"end":{"line":84,"column":null}},"type":"if","locations":[{"start":{"line":77,"column":8},"end":{"line":84,"column":null}},{"start":{},"end":{}}],"line":77},"6":{"loc":{"start":{"line":105,"column":8},"end":{"line":105,"column":null}},"type":"if","locations":[{"start":{"line":105,"column":8},"end":{"line":105,"column":null}},{"start":{},"end":{}}],"line":105},"7":{"loc":{"start":{"line":106,"column":8},"end":{"line":106,"column":null}},"type":"if","locations":[{"start":{"line":106,"column":8},"end":{"line":106,"column":null}},{"start":{},"end":{}}],"line":106},"8":{"loc":{"start":{"line":107,"column":8},"end":{"line":107,"column":null}},"type":"if","locations":[{"start":{"line":107,"column":8},"end":{"line":107,"column":null}},{"start":{},"end":{}}],"line":107},"9":{"loc":{"start":{"line":108,"column":8},"end":{"line":108,"column":null}},"type":"if","locations":[{"start":{"line":108,"column":8},"end":{"line":108,"column":null}},{"start":{},"end":{}}],"line":108},"10":{"loc":{"start":{"line":129,"column":2},"end":{"line":129,"column":null}},"type":"if","locations":[{"start":{"line":129,"column":2},"end":{"line":129,"column":null}},{"start":{},"end":{}}],"line":129},"11":{"loc":{"start":{"line":153,"column":4},"end":{"line":153,"column":null}},"type":"if","locations":[{"start":{"line":153,"column":4},"end":{"line":153,"column":null}},{"start":{},"end":{}}],"line":153},"12":{"loc":{"start":{"line":156,"column":6},"end":{"line":159,"column":null}},"type":"if","locations":[{"start":{"line":156,"column":6},"end":{"line":159,"column":null}},{"start":{},"end":{}}],"line":156}},"s":{"0":1,"1":11,"2":11,"3":5,"4":6,"5":6,"6":5,"7":5,"8":5,"9":5,"10":11,"11":1,"12":5,"13":5,"14":5,"15":5,"16":0,"17":5,"18":5,"19":5,"20":5,"21":792,"22":5,"23":6,"24":6,"25":5,"26":6,"27":6,"28":6,"29":6,"30":132,"31":5,"32":4158,"33":4158,"34":135135,"35":135135,"36":135135,"37":135135,"38":4290,"39":130845,"40":130845,"41":130845,"42":130845,"43":130845,"44":130845,"45":130845,"46":130845,"47":130845,"48":5,"49":67,"50":67,"51":67,"52":67,"53":67,"54":4158,"55":4158,"56":4158,"57":4158,"58":132,"59":4158,"60":0,"61":4158,"62":132,"63":4158,"64":0,"65":4158,"66":4158,"67":4158,"68":4158,"69":4158,"70":67,"71":5,"72":5,"73":5,"74":5,"75":5,"76":5,"77":5,"78":0,"79":5,"80":1,"81":1,"82":44,"83":1,"84":11,"85":11,"86":11,"87":11,"88":5,"89":0,"90":5,"91":1,"92":1,"93":1,"94":5,"95":5,"96":11},"f":{"0":11,"1":5,"2":6,"3":5,"4":5,"5":5,"6":792,"7":6,"8":6,"9":132,"10":4158,"11":67,"12":5,"13":44,"14":11,"15":5,"16":1,"17":0,"18":5},"b":{"0":[0,5],"1":[5,0],"2":[0,6],"3":[4290,130845],"4":[135135,130845],"5":[130845,0],"6":[132,4026],"7":[0,4158],"8":[132,4026],"9":[0,4158],"10":[0,5],"11":[0,5],"12":[1,0]},"meta":{"lastBranch":13,"lastFunction":19,"lastStatement":97,"seen":{"s:5:19:5:60":0,"f:7:9:7:24":0,"s:8:19:8:89":1,"s:9:2:22:Infinity":2,"f:9:2:9:18":1,"s:10:10:17:Infinity":3,"f:10:10:10:23":2,"s:11:19:11:55":4,"s:12:6:17:Infinity":5,"s:19:4:19:Infinity":6,"s:20:15:20:38":7,"s:21:4:21:Infinity":8,"f:21:4:21:17":3,"s:21:17:21:34":9,"s:23:2:23:Infinity":10,"s:26:33:132:Infinity":11,"f:26:39:26:50":4,"s:27:8:27:51":12,"s:28:8:28:47":13,"s:30:2:127:Infinity":14,"f:30:2:30:18":5,"b:31:4:31:Infinity:undefined:undefined:undefined:undefined":0,"s:31:4:31:Infinity":15,"s:31:28:31:Infinity":16,"s:33:19:33:Infinity":17,"s:34:16:34:84":18,"b:34:16:34:57:34:61:34:84":1,"s:36:94:36:96":19,"s:39:10:40:Infinity":20,"f:39:10:39:Infinity":6,"s:40:6:40:Infinity":21,"s:42:10:44:Infinity":22,"f:42:10:42:25":7,"s:43:6:43:Infinity":23,"s:44:6:44:Infinity":24,"s:47:10:59:Infinity":25,"f:47:10:47:23":8,"s:48:6:48:Infinity":26,"s:50:22:50:Infinity":27,"b:50:59:50:67:50:67:50:Infinity":2,"s:51:20:51:86":28,"s:52:6:59:Infinity":29,"f:52:46:52:55":9,"s:52:55:59:9":30,"s:62:10:84:Infinity":31,"f:62:10:62:Infinity":10,"s:68:6:84:Infinity":32,"s:68:19:68:26":33,"s:69:18:69:Infinity":34,"s:70:19:70:Infinity":35,"s:71:19:71:Infinity":36,"b:74:8:74:Infinity:undefined:undefined:undefined:undefined":3,"s:74:8:74:Infinity":37,"b:74:12:74:38:74:38:74:62":4,"s:74:62:74:Infinity":38,"s:76:23:76:Infinity":39,"b:77:8:84:Infinity:undefined:undefined:undefined:undefined":5,"s:77:8:84:Infinity":40,"s:78:23:78:40":41,"s:79:10:79:Infinity":42,"s:80:10:80:Infinity":43,"s:81:10:81:Infinity":44,"s:82:10:82:Infinity":45,"s:83:10:83:Infinity":46,"s:84:10:84:Infinity":47,"s:89:10:117:Infinity":48,"f:89:10:89:23":11,"s:92:6:92:Infinity":49,"s:94:22:94:Infinity":50,"s:95:24:95:Infinity":51,"s:97:6:115:Infinity":52,"s:97:19:97:22":53,"s:98:18:98:Infinity":54,"s:101:8:101:Infinity":55,"s:102:8:102:Infinity":56,"b:105:8:105:Infinity:undefined:undefined:undefined:undefined":6,"s:105:8:105:Infinity":57,"s:105:21:105:Infinity":58,"b:106:8:106:Infinity:undefined:undefined:undefined:undefined":7,"s:106:8:106:Infinity":59,"s:106:32:106:Infinity":60,"b:107:8:107:Infinity:undefined:undefined:undefined:undefined":8,"s:107:8:107:Infinity":61,"s:107:21:107:Infinity":62,"b:108:8:108:Infinity:undefined:undefined:undefined:undefined":9,"s:108:8:108:Infinity":63,"s:108:33:108:Infinity":64,"s:110:8:110:Infinity":65,"s:111:8:111:Infinity":66,"s:112:8:112:Infinity":67,"s:113:8:113:Infinity":68,"s:115:8:115:Infinity":69,"s:117:6:117:Infinity":70,"s:120:4:120:Infinity":71,"s:121:4:121:Infinity":72,"s:122:4:122:Infinity":73,"s:123:4:125:Infinity":74,"f:123:4:123:17":12,"s:124:6:124:Infinity":75,"s:125:6:125:Infinity":76,"b:129:2:129:Infinity:undefined:undefined:undefined:undefined":10,"s:129:2:129:Infinity":77,"s:129:26:129:Infinity":78,"s:131:2:131:Infinity":79,"s:133:0:133:Infinity":80,"s:135:6:142:Infinity":81,"f:135:6:135:67":13,"s:136:2:142:Infinity":82,"s:146:6:278:Infinity":83,"f:146:6:146:29":14,"s:147:44:147:58":84,"s:148:8:148:47":85,"s:149:8:149:49":86,"s:152:2:163:Infinity":87,"f:152:2:152:18":15,"b:153:4:153:Infinity:undefined:undefined:undefined:undefined":11,"s:153:4:153:Infinity":88,"s:153:28:153:Infinity":89,"s:154:18:161:11":90,"f:154:18:154:35":16,"s:155:26:155:50":91,"b:156:6:159:Infinity:undefined:undefined:undefined:undefined":12,"s:156:6:159:Infinity":92,"s:157:8:159:Infinity":93,"f:157:20:157:32":17,"s:162:4:162:Infinity":94,"f:162:4:162:17":18,"s:162:17:162:36":95,"s:165:2:278:Infinity":96}}}
,"C:\\Users\\jlc254\\Music\\devopssummit.africa-v3\\src\\components\\landing\\UpcomingEvent.tsx": {"path":"C:\\Users\\jlc254\\Music\\devopssummit.africa-v3\\src\\components\\landing\\UpcomingEvent.tsx","statementMap":{"0":{"start":{"line":7,"column":26},"end":{"line":11,"column":null}},"1":{"start":{"line":13,"column":23},"end":{"line":13,"column":null}},"2":{"start":{"line":15,"column":6},"end":{"line":149,"column":null}},"3":{"start":{"line":16,"column":52},"end":{"line":16,"column":69}},"4":{"start":{"line":17,"column":8},"end":{"line":17,"column":49}},"5":{"start":{"line":19,"column":2},"end":{"line":30,"column":null}},"6":{"start":{"line":20,"column":23},"end":{"line":24,"column":null}},"7":{"start":{"line":21,"column":18},"end":{"line":21,"column":29}},"8":{"start":{"line":22,"column":6},"end":{"line":22,"column":null}},"9":{"start":{"line":23,"column":6},"end":{"line":23,"column":null}},"10":{"start":{"line":25,"column":4},"end":{"line":28,"column":null}},"11":{"start":{"line":26,"column":6},"end":{"line":28,"column":null}},"12":{"start":{"line":27,"column":8},"end":{"line":27,"column":null}},"13":{"start":{"line":32,"column":2},"end":{"line":56,"column":null}},"14":{"start":{"line":33,"column":10},"end":{"line":39,"column":null}},"15":{"start":{"line":34,"column":6},"end":{"line":39,"column":null}},"16":{"start":{"line":36,"column":25},"end":{"line":38,"column":16}},"17":{"start":{"line":37,"column":10},"end":{"line":37,"column":null}},"18":{"start":{"line":37,"column":32},"end":{"line":37,"column":79}},"19":{"start":{"line":39,"column":8},"end":{"line":39,"column":null}},"20":{"start":{"line":39,"column":21},"end":{"line":39,"column":44}},"21":{"start":{"line":43,"column":4},"end":{"line":43,"column":null}},"22":{"start":{"line":45,"column":21},"end":{"line":50,"column":12}},"23":{"start":{"line":47,"column":6},"end":{"line":48,"column":null}},"24":{"start":{"line":48,"column":8},"end":{"line":48,"column":null}},"25":{"start":{"line":48,"column":30},"end":{"line":48,"column":77}},"26":{"start":{"line":52,"column":4},"end":{"line":54,"column":null}},"27":{"start":{"line":53,"column":6},"end":{"line":53,"column":null}},"28":{"start":{"line":54,"column":6},"end":{"line":54,"column":null}},"29":{"start":{"line":58,"column":2},"end":{"line":149,"column":null}},"30":{"start":{"line":76,"column":31},"end":{"line":76,"column":null}},"31":{"start":{"line":77,"column":16},"end":{"line":77,"column":null}},"32":{"start":{"line":77,"column":60},"end":{"line":77,"column":null}},"33":{"start":{"line":78,"column":16},"end":{"line":78,"column":null}},"34":{"start":{"line":79,"column":16},"end":{"line":79,"column":null}},"35":{"start":{"line":80,"column":16},"end":{"line":80,"column":null}}},"fnMap":{"0":{"name":"(anonymous_0)","decl":{"start":{"line":15,"column":6},"end":{"line":15,"column":38}},"loc":{"start":{"line":15,"column":38},"end":{"line":149,"column":null}},"line":15},"1":{"name":"(anonymous_1)","decl":{"start":{"line":19,"column":8},"end":{"line":19,"column":24}},"loc":{"start":{"line":19,"column":24},"end":{"line":30,"column":7}},"line":19},"2":{"name":"(anonymous_2)","decl":{"start":{"line":20,"column":41},"end":{"line":20,"column":46}},"loc":{"start":{"line":20,"column":54},"end":{"line":24,"column":null}},"line":20},"3":{"name":"(anonymous_3)","decl":{"start":{"line":25,"column":4},"end":{"line":25,"column":17}},"loc":{"start":{"line":25,"column":17},"end":{"line":28,"column":null}},"line":25},"4":{"name":"(anonymous_4)","decl":{"start":{"line":26,"column":17},"end":{"line":26,"column":26}},"loc":{"start":{"line":26,"column":34},"end":{"line":28,"column":null}},"line":26},"5":{"name":"(anonymous_5)","decl":{"start":{"line":32,"column":8},"end":{"line":32,"column":24}},"loc":{"start":{"line":32,"column":24},"end":{"line":56,"column":7}},"line":32},"6":{"name":"(anonymous_6)","decl":{"start":{"line":33,"column":10},"end":{"line":33,"column":41}},"loc":{"start":{"line":33,"column":41},"end":{"line":39,"column":null}},"line":33},"7":{"name":"(anonymous_7)","decl":{"start":{"line":36,"column":25},"end":{"line":36,"column":43}},"loc":{"start":{"line":36,"column":43},"end":{"line":38,"column":16}},"line":36},"8":{"name":"(anonymous_8)","decl":{"start":{"line":37,"column":10},"end":{"line":37,"column":32}},"loc":{"start":{"line":37,"column":32},"end":{"line":37,"column":79}},"line":37},"9":{"name":"(anonymous_9)","decl":{"start":{"line":39,"column":8},"end":{"line":39,"column":21}},"loc":{"start":{"line":39,"column":21},"end":{"line":39,"column":44}},"line":39},"10":{"name":"(anonymous_10)","decl":{"start":{"line":45,"column":21},"end":{"line":45,"column":39}},"loc":{"start":{"line":45,"column":39},"end":{"line":50,"column":12}},"line":45},"11":{"name":"(anonymous_11)","decl":{"start":{"line":48,"column":8},"end":{"line":48,"column":30}},"loc":{"start":{"line":48,"column":30},"end":{"line":48,"column":77}},"line":48},"12":{"name":"(anonymous_12)","decl":{"start":{"line":52,"column":4},"end":{"line":52,"column":17}},"loc":{"start":{"line":52,"column":17},"end":{"line":54,"column":null}},"line":52},"13":{"name":"(anonymous_13)","decl":{"start":{"line":75,"column":14},"end":{"line":75,"column":24}},"loc":{"start":{"line":75,"column":30},"end":{"line":80,"column":null}},"line":75}},"branchMap":{"0":{"loc":{"start":{"line":34,"column":6},"end":{"line":39,"column":null}},"type":"if","locations":[{"start":{"line":34,"column":6},"end":{"line":39,"column":null}},{"start":{},"end":{}}],"line":34},"1":{"loc":{"start":{"line":47,"column":6},"end":{"line":48,"column":null}},"type":"if","locations":[{"start":{"line":47,"column":6},"end":{"line":48,"column":null}},{"start":{},"end":{}}],"line":47},"2":{"loc":{"start":{"line":65,"column":21},"end":{"line":65,"column":66}},"type":"cond-expr","locations":[{"start":{"line":65,"column":44},"end":{"line":65,"column":52}},{"start":{"line":65,"column":52},"end":{"line":65,"column":66}}],"line":65},"3":{"loc":{"start":{"line":67,"column":18},"end":{"line":67,"column":72}},"type":"cond-expr","locations":[{"start":{"line":67,"column":41},"end":{"line":67,"column":55}},{"start":{"line":67,"column":58},"end":{"line":67,"column":72}}],"line":67},"4":{"loc":{"start":{"line":68,"column":36},"end":{"line":68,"column":68}},"type":"cond-expr","locations":[{"start":{"line":68,"column":59},"end":{"line":68,"column":63}},{"start":{"line":68,"column":63},"end":{"line":68,"column":68}}],"line":68},"5":{"loc":{"start":{"line":77,"column":16},"end":{"line":77,"column":null}},"type":"if","locations":[{"start":{"line":77,"column":16},"end":{"line":77,"column":null}},{"start":{},"end":{}}],"line":77},"6":{"loc":{"start":{"line":101,"column":19},"end":{"line":101,"column":null}},"type":"cond-expr","locations":[{"start":{"line":101,"column":42},"end":{"line":101,"column":65}},{"start":{"line":101,"column":65},"end":{"line":101,"column":null}}],"line":101},"7":{"loc":{"start":{"line":104,"column":34},"end":{"line":104,"column":66}},"type":"cond-expr","locations":[{"start":{"line":104,"column":57},"end":{"line":104,"column":61}},{"start":{"line":104,"column":61},"end":{"line":104,"column":66}}],"line":104}},"s":{"0":1,"1":1,"2":1,"3":4,"4":4,"5":4,"6":4,"7":12,"8":12,"9":12,"10":4,"11":4,"12":12,"13":4,"14":4,"15":0,"16":0,"17":0,"18":0,"19":0,"20":0,"21":4,"22":4,"23":0,"24":0,"25":0,"26":4,"27":4,"28":4,"29":4,"30":0,"31":0,"32":0,"33":0,"34":0,"35":0},"f":{"0":4,"1":4,"2":12,"3":4,"4":12,"5":4,"6":0,"7":0,"8":0,"9":0,"10":0,"11":0,"12":4,"13":0},"b":{"0":[0,0],"1":[0,0],"2":[0,4],"3":[0,4],"4":[0,4],"5":[0,0],"6":[0,4],"7":[0,4]},"meta":{"lastBranch":8,"lastFunction":14,"lastStatement":36,"seen":{"s:7:26:11:Infinity":0,"s:13:23:13:Infinity":1,"s:15:6:149:Infinity":2,"f:15:6:15:38":0,"s:16:52:16:69":3,"s:17:8:17:49":4,"s:19:2:30:Infinity":5,"f:19:8:19:24":1,"s:20:23:24:Infinity":6,"f:20:41:20:46":2,"s:21:18:21:29":7,"s:22:6:22:Infinity":8,"s:23:6:23:Infinity":9,"s:25:4:28:Infinity":10,"f:25:4:25:17":3,"s:26:6:28:Infinity":11,"f:26:17:26:26":4,"s:27:8:27:Infinity":12,"s:32:2:56:Infinity":13,"f:32:8:32:24":5,"s:33:10:39:Infinity":14,"f:33:10:33:41":6,"b:34:6:39:Infinity:undefined:undefined:undefined:undefined":0,"s:34:6:39:Infinity":15,"s:36:25:38:16":16,"f:36:25:36:43":7,"s:37:10:37:Infinity":17,"f:37:10:37:32":8,"s:37:32:37:79":18,"s:39:8:39:Infinity":19,"f:39:8:39:21":9,"s:39:21:39:44":20,"s:43:4:43:Infinity":21,"s:45:21:50:12":22,"f:45:21:45:39":10,"b:47:6:48:Infinity:undefined:undefined:undefined:undefined":1,"s:47:6:48:Infinity":23,"s:48:8:48:Infinity":24,"f:48:8:48:30":11,"s:48:30:48:77":25,"s:52:4:54:Infinity":26,"f:52:4:52:17":12,"s:53:6:53:Infinity":27,"s:54:6:54:Infinity":28,"s:58:2:149:Infinity":29,"b:65:44:65:52:65:52:65:66":2,"b:67:41:67:55:67:58:67:72":3,"b:68:59:68:63:68:63:68:68":4,"f:75:14:75:24":13,"s:76:31:76:Infinity":30,"b:77:16:77:Infinity:undefined:undefined:undefined:undefined":5,"s:77:16:77:Infinity":31,"s:77:60:77:Infinity":32,"s:78:16:78:Infinity":33,"s:79:16:79:Infinity":34,"s:80:16:80:Infinity":35,"b:101:42:101:65:101:65:101:Infinity":6,"b:104:57:104:61:104:61:104:66":7}}}
,"C:\\Users\\jlc254\\Music\\devopssummit.africa-v3\\src\\components\\layout\\Navbar.tsx": {"path":"C:\\Users\\jlc254\\Music\\devopssummit.africa-v3\\src\\components\\layout\\Navbar.tsx","statementMap":{"0":{"start":{"line":5,"column":17},"end":{"line":11,"column":null}},"1":{"start":{"line":13,"column":19},"end":{"line":13,"column":55}},"2":{"start":{"line":13,"column":39},"end":{"line":13,"column":54}},"3":{"start":{"line":15,"column":6},"end":{"line":16,"column":47}},"4":{"start":{"line":16,"column":2},"end":{"line":16,"column":47}},"5":{"start":{"line":18,"column":6},"end":{"line":268,"column":null}},"6":{"start":{"line":19,"column":19},"end":{"line":20,"column":null}},"7":{"start":{"line":20,"column":4},"end":{"line":20,"column":null}},"8":{"start":{"line":22,"column":15},"end":{"line":22,"column":41}},"9":{"start":{"line":23,"column":24},"end":{"line":23,"column":60}},"10":{"start":{"line":24,"column":8},"end":{"line":24,"column":41}},"11":{"start":{"line":25,"column":8},"end":{"line":25,"column":32}},"12":{"start":{"line":26,"column":8},"end":{"line":26,"column":32}},"13":{"start":{"line":28,"column":17},"end":{"line":28,"column":null}},"14":{"start":{"line":30,"column":8},"end":{"line":35,"column":8}},"15":{"start":{"line":31,"column":4},"end":{"line":34,"column":null}},"16":{"start":{"line":32,"column":19},"end":{"line":32,"column":null}},"17":{"start":{"line":33,"column":6},"end":{"line":33,"column":null}},"18":{"start":{"line":37,"column":2},"end":{"line":52,"column":null}},"19":{"start":{"line":38,"column":10},"end":{"line":43,"column":null}},"20":{"start":{"line":39,"column":6},"end":{"line":39,"column":null}},"21":{"start":{"line":39,"column":34},"end":{"line":39,"column":null}},"22":{"start":{"line":40,"column":6},"end":{"line":43,"column":null}},"23":{"start":{"line":41,"column":8},"end":{"line":41,"column":null}},"24":{"start":{"line":42,"column":8},"end":{"line":42,"column":null}},"25":{"start":{"line":46,"column":4},"end":{"line":46,"column":null}},"26":{"start":{"line":47,"column":4},"end":{"line":47,"column":null}},"27":{"start":{"line":48,"column":4},"end":{"line":50,"column":null}},"28":{"start":{"line":49,"column":6},"end":{"line":49,"column":null}},"29":{"start":{"line":50,"column":6},"end":{"line":50,"column":null}},"30":{"start":{"line":50,"column":34},"end":{"line":50,"column":null}},"31":{"start":{"line":54,"column":2},"end":{"line":116,"column":null}},"32":{"start":{"line":55,"column":4},"end":{"line":55,"column":null}},"33":{"start":{"line":55,"column":17},"end":{"line":55,"column":null}},"34":{"start":{"line":57,"column":28},"end":{"line":57,"column":45}},"35":{"start":{"line":58,"column":48},"end":{"line":58,"column":null}},"36":{"start":{"line":59,"column":29},"end":{"line":59,"column":51}},"37":{"start":{"line":61,"column":10},"end":{"line":75,"column":null}},"38":{"start":{"line":62,"column":20},"end":{"line":62,"column":null}},"39":{"start":{"line":63,"column":6},"end":{"line":69,"column":null}},"40":{"start":{"line":64,"column":8},"end":{"line":69,"column":null}},"41":{"start":{"line":65,"column":10},"end":{"line":65,"column":null}},"42":{"start":{"line":66,"column":10},"end":{"line":66,"column":null}},"43":{"start":{"line":67,"column":19},"end":{"line":69,"column":null}},"44":{"start":{"line":68,"column":10},"end":{"line":68,"column":null}},"45":{"start":{"line":69,"column":10},"end":{"line":69,"column":null}},"46":{"start":{"line":73,"column":6},"end":{"line":75,"column":null}},"47":{"start":{"line":74,"column":23},"end":{"line":74,"column":79}},"48":{"start":{"line":75,"column":8},"end":{"line":75,"column":null}},"49":{"start":{"line":79,"column":10},"end":{"line":94,"column":null}},"50":{"start":{"line":80,"column":23},"end":{"line":82,"column":70}},"51":{"start":{"line":81,"column":21},"end":{"line":81,"column":48}},"52":{"start":{"line":82,"column":53},"end":{"line":82,"column":69}},"53":{"start":{"line":84,"column":6},"end":{"line":87,"column":null}},"54":{"start":{"line":89,"column":6},"end":{"line":94,"column":null}},"55":{"start":{"line":90,"column":8},"end":{"line":92,"column":null}},"56":{"start":{"line":91,"column":10},"end":{"line":91,"column":null}},"57":{"start":{"line":92,"column":10},"end":{"line":92,"column":null}},"58":{"start":{"line":97,"column":4},"end":{"line":97,"column":null}},"59":{"start":{"line":100,"column":10},"end":{"line":102,"column":null}},"60":{"start":{"line":101,"column":6},"end":{"line":101,"column":null}},"61":{"start":{"line":102,"column":6},"end":{"line":102,"column":null}},"62":{"start":{"line":105,"column":29},"end":{"line":105,"column":75}},"63":{"start":{"line":107,"column":4},"end":{"line":107,"column":null}},"64":{"start":{"line":109,"column":4},"end":{"line":114,"column":null}},"65":{"start":{"line":110,"column":6},"end":{"line":110,"column":null}},"66":{"start":{"line":110,"column":20},"end":{"line":110,"column":null}},"67":{"start":{"line":111,"column":6},"end":{"line":111,"column":null}},"68":{"start":{"line":112,"column":6},"end":{"line":112,"column":null}},"69":{"start":{"line":113,"column":6},"end":{"line":113,"column":null}},"70":{"start":{"line":114,"column":6},"end":{"line":114,"column":null}},"71":{"start":{"line":118,"column":8},"end":{"line":142,"column":null}},"72":{"start":{"line":119,"column":4},"end":{"line":119,"column":null}},"73":{"start":{"line":122,"column":4},"end":{"line":130,"column":null}},"74":{"start":{"line":128,"column":6},"end":{"line":128,"column":null}},"75":{"start":{"line":129,"column":6},"end":{"line":129,"column":null}},"76":{"start":{"line":130,"column":6},"end":{"line":130,"column":null}},"77":{"start":{"line":134,"column":4},"end":{"line":140,"column":null}},"78":{"start":{"line":135,"column":17},"end":{"line":135,"column":35}},"79":{"start":{"line":136,"column":17},"end":{"line":136,"column":44}},"80":{"start":{"line":137,"column":6},"end":{"line":137,"column":null}},"81":{"start":{"line":137,"column":14},"end":{"line":137,"column":null}},"82":{"start":{"line":140,"column":6},"end":{"line":140,"column":null}},"83":{"start":{"line":142,"column":4},"end":{"line":142,"column":null}},"84":{"start":{"line":145,"column":8},"end":{"line":151,"column":null}},"85":{"start":{"line":146,"column":4},"end":{"line":146,"column":null}},"86":{"start":{"line":146,"column":33},"end":{"line":146,"column":null}},"87":{"start":{"line":148,"column":4},"end":{"line":148,"column":null}},"88":{"start":{"line":148,"column":39},"end":{"line":148,"column":null}},"89":{"start":{"line":149,"column":4},"end":{"line":149,"column":null}},"90":{"start":{"line":149,"column":40},"end":{"line":149,"column":null}},"91":{"start":{"line":150,"column":4},"end":{"line":150,"column":null}},"92":{"start":{"line":150,"column":17},"end":{"line":150,"column":null}},"93":{"start":{"line":151,"column":4},"end":{"line":151,"column":null}},"94":{"start":{"line":154,"column":2},"end":{"line":264,"column":null}},"95":{"start":{"line":165,"column":12},"end":{"line":165,"column":null}},"96":{"start":{"line":166,"column":12},"end":{"line":166,"column":null}},"97":{"start":{"line":167,"column":12},"end":{"line":167,"column":null}},"98":{"start":{"line":181,"column":27},"end":{"line":181,"column":38}},"99":{"start":{"line":182,"column":30},"end":{"line":182,"column":null}},"100":{"start":{"line":183,"column":31},"end":{"line":185,"column":null}},"101":{"start":{"line":186,"column":32},"end":{"line":186,"column":null}},"102":{"start":{"line":188,"column":12},"end":{"line":196,"column":null}},"103":{"start":{"line":192,"column":32},"end":{"line":192,"column":49}},"104":{"start":{"line":205,"column":14},"end":{"line":205,"column":null}},"105":{"start":{"line":206,"column":14},"end":{"line":209,"column":null}},"106":{"start":{"line":207,"column":16},"end":{"line":207,"column":null}},"107":{"start":{"line":209,"column":16},"end":{"line":209,"column":null}},"108":{"start":{"line":219,"column":27},"end":{"line":219,"column":41}},"109":{"start":{"line":236,"column":29},"end":{"line":236,"column":40}},"110":{"start":{"line":237,"column":14},"end":{"line":245,"column":null}},"111":{"start":{"line":242,"column":34},"end":{"line":242,"column":51}},"112":{"start":{"line":252,"column":16},"end":{"line":252,"column":null}},"113":{"start":{"line":253,"column":16},"end":{"line":256,"column":null}},"114":{"start":{"line":254,"column":18},"end":{"line":254,"column":null}},"115":{"start":{"line":256,"column":18},"end":{"line":256,"column":null}},"116":{"start":{"line":258,"column":16},"end":{"line":258,"column":null}},"117":{"start":{"line":270,"column":0},"end":{"line":270,"column":null}}},"fnMap":{"0":{"name":"(anonymous_0)","decl":{"start":{"line":13,"column":28},"end":{"line":13,"column":33}},"loc":{"start":{"line":13,"column":39},"end":{"line":13,"column":54}},"line":13},"1":{"name":"(anonymous_1)","decl":{"start":{"line":15,"column":6},"end":{"line":15,"column":32}},"loc":{"start":{"line":16,"column":2},"end":{"line":16,"column":47}},"line":16},"2":{"name":"(anonymous_2)","decl":{"start":{"line":18,"column":15},"end":{"line":18,"column":26}},"loc":{"start":{"line":18,"column":26},"end":{"line":268,"column":null}},"line":18},"3":{"name":"(anonymous_3)","decl":{"start":{"line":19,"column":34},"end":{"line":19,"column":null}},"loc":{"start":{"line":20,"column":4},"end":{"line":20,"column":null}},"line":20},"4":{"name":"(anonymous_4)","decl":{"start":{"line":30,"column":25},"end":{"line":30,"column":43}},"loc":{"start":{"line":30,"column":43},"end":{"line":35,"column":7}},"line":30},"5":{"name":"(anonymous_5)","decl":{"start":{"line":31,"column":4},"end":{"line":31,"column":17}},"loc":{"start":{"line":31,"column":29},"end":{"line":34,"column":null}},"line":31},"6":{"name":"(anonymous_6)","decl":{"start":{"line":37,"column":2},"end":{"line":37,"column":18}},"loc":{"start":{"line":37,"column":18},"end":{"line":52,"column":6}},"line":37},"7":{"name":"(anonymous_7)","decl":{"start":{"line":38,"column":10},"end":{"line":38,"column":31}},"loc":{"start":{"line":38,"column":31},"end":{"line":43,"column":null}},"line":38},"8":{"name":"(anonymous_8)","decl":{"start":{"line":40,"column":31},"end":{"line":40,"column":59}},"loc":{"start":{"line":40,"column":59},"end":{"line":43,"column":null}},"line":40},"9":{"name":"(anonymous_9)","decl":{"start":{"line":48,"column":4},"end":{"line":48,"column":17}},"loc":{"start":{"line":48,"column":17},"end":{"line":50,"column":null}},"line":48},"10":{"name":"(anonymous_10)","decl":{"start":{"line":54,"column":2},"end":{"line":54,"column":18}},"loc":{"start":{"line":54,"column":18},"end":{"line":116,"column":6}},"line":54},"11":{"name":"(anonymous_11)","decl":{"start":{"line":61,"column":10},"end":{"line":61,"column":62}},"loc":{"start":{"line":61,"column":74},"end":{"line":75,"column":null}},"line":61},"12":{"name":"(anonymous_12)","decl":{"start":{"line":79,"column":10},"end":{"line":79,"column":34}},"loc":{"start":{"line":79,"column":34},"end":{"line":94,"column":null}},"line":79},"13":{"name":"(anonymous_13)","decl":{"start":{"line":81,"column":9},"end":{"line":81,"column":14}},"loc":{"start":{"line":81,"column":21},"end":{"line":81,"column":48}},"line":81},"14":{"name":"(anonymous_14)","decl":{"start":{"line":82,"column":9},"end":{"line":82,"column":17}},"loc":{"start":{"line":82,"column":53},"end":{"line":82,"column":69}},"line":82},"15":{"name":"(anonymous_15)","decl":{"start":{"line":89,"column":15},"end":{"line":89,"column":24}},"loc":{"start":{"line":89,"column":36},"end":{"line":94,"column":null}},"line":89},"16":{"name":"(anonymous_16)","decl":{"start":{"line":100,"column":10},"end":{"line":100,"column":43}},"loc":{"start":{"line":100,"column":43},"end":{"line":102,"column":null}},"line":100},"17":{"name":"(anonymous_17)","decl":{"start":{"line":109,"column":4},"end":{"line":109,"column":17}},"loc":{"start":{"line":109,"column":17},"end":{"line":114,"column":null}},"line":109},"18":{"name":"(anonymous_18)","decl":{"start":{"line":118,"column":8},"end":{"line":118,"column":23}},"loc":{"start":{"line":118,"column":94},"end":{"line":142,"column":null}},"line":118},"19":{"name":"(anonymous_19)","decl":{"start":{"line":145,"column":8},"end":{"line":145,"column":20}},"loc":{"start":{"line":145,"column":51},"end":{"line":151,"column":null}},"line":145},"20":{"name":"(anonymous_20)","decl":{"start":{"line":164,"column":10},"end":{"line":164,"column":20}},"loc":{"start":{"line":164,"column":26},"end":{"line":167,"column":null}},"line":164},"21":{"name":"(anonymous_21)","decl":{"start":{"line":180,"column":20},"end":{"line":180,"column":25}},"loc":{"start":{"line":180,"column":31},"end":{"line":196,"column":null}},"line":180},"22":{"name":"(anonymous_22)","decl":{"start":{"line":192,"column":16},"end":{"line":192,"column":26}},"loc":{"start":{"line":192,"column":32},"end":{"line":192,"column":49}},"line":192},"23":{"name":"(anonymous_23)","decl":{"start":{"line":204,"column":12},"end":{"line":204,"column":22}},"loc":{"start":{"line":204,"column":28},"end":{"line":209,"column":null}},"line":204},"24":{"name":"(anonymous_24)","decl":{"start":{"line":219,"column":12},"end":{"line":219,"column":27}},"loc":{"start":{"line":219,"column":27},"end":{"line":219,"column":41}},"line":219},"25":{"name":"(anonymous_25)","decl":{"start":{"line":235,"column":22},"end":{"line":235,"column":27}},"loc":{"start":{"line":235,"column":33},"end":{"line":247,"column":null}},"line":235},"26":{"name":"(anonymous_26)","decl":{"start":{"line":242,"column":18},"end":{"line":242,"column":28}},"loc":{"start":{"line":242,"column":34},"end":{"line":242,"column":51}},"line":242},"27":{"name":"(anonymous_27)","decl":{"start":{"line":251,"column":14},"end":{"line":251,"column":24}},"loc":{"start":{"line":251,"column":30},"end":{"line":258,"column":null}},"line":251}},"branchMap":{"0":{"loc":{"start":{"line":20,"column":4},"end":{"line":20,"column":null}},"type":"cond-expr","locations":[{"start":{"line":20,"column":38},"end":{"line":20,"column":46}},{"start":{"line":20,"column":46},"end":{"line":20,"column":null}}],"line":20},"1":{"loc":{"start":{"line":33,"column":13},"end":{"line":33,"column":null}},"type":"cond-expr","locations":[{"start":{"line":33,"column":32},"end":{"line":33,"column":42}},{"start":{"line":33,"column":42},"end":{"line":33,"column":null}}],"line":33},"2":{"loc":{"start":{"line":39,"column":6},"end":{"line":39,"column":null}},"type":"if","locations":[{"start":{"line":39,"column":6},"end":{"line":39,"column":null}},{"start":{},"end":{}}],"line":39},"3":{"loc":{"start":{"line":50,"column":6},"end":{"line":50,"column":null}},"type":"if","locations":[{"start":{"line":50,"column":6},"end":{"line":50,"column":null}},{"start":{},"end":{}}],"line":50},"4":{"loc":{"start":{"line":55,"column":4},"end":{"line":55,"column":null}},"type":"if","locations":[{"start":{"line":55,"column":4},"end":{"line":55,"column":null}},{"start":{},"end":{}}],"line":55},"5":{"loc":{"start":{"line":64,"column":8},"end":{"line":69,"column":null}},"type":"if","locations":[{"start":{"line":64,"column":8},"end":{"line":69,"column":null}},{"start":{"line":67,"column":19},"end":{"line":69,"column":null}}],"line":64},"6":{"loc":{"start":{"line":67,"column":19},"end":{"line":69,"column":null}},"type":"if","locations":[{"start":{"line":67,"column":19},"end":{"line":69,"column":null}},{"start":{},"end":{}}],"line":67},"7":{"loc":{"start":{"line":73,"column":6},"end":{"line":75,"column":null}},"type":"if","locations":[{"start":{"line":73,"column":6},"end":{"line":75,"column":null}},{"start":{},"end":{}}],"line":73},"8":{"loc":{"start":{"line":73,"column":10},"end":{"line":73,"column":47}},"type":"binary-expr","locations":[{"start":{"line":73,"column":10},"end":{"line":73,"column":21}},{"start":{"line":73,"column":21},"end":{"line":73,"column":47}}],"line":73},"9":{"loc":{"start":{"line":90,"column":8},"end":{"line":92,"column":null}},"type":"if","locations":[{"start":{"line":90,"column":8},"end":{"line":92,"column":null}},{"start":{},"end":{}}],"line":90},"10":{"loc":{"start":{"line":110,"column":6},"end":{"line":110,"column":null}},"type":"if","locations":[{"start":{"line":110,"column":6},"end":{"line":110,"column":null}},{"start":{},"end":{}}],"line":110},"11":{"loc":{"start":{"line":122,"column":4},"end":{"line":130,"column":null}},"type":"if","locations":[{"start":{"line":122,"column":4},"end":{"line":130,"column":null}},{"start":{},"end":{}}],"line":122},"12":{"loc":{"start":{"line":123,"column":6},"end":{"line":126,"column":null}},"type":"binary-expr","locations":[{"start":{"line":123,"column":6},"end":{"line":123,"column":null}},{"start":{"line":124,"column":6},"end":{"line":124,"column":null}},{"start":{"line":125,"column":6},"end":{"line":125,"column":null}},{"start":{"line":126,"column":6},"end":{"line":126,"column":null}}],"line":123},"13":{"loc":{"start":{"line":134,"column":4},"end":{"line":140,"column":null}},"type":"if","locations":[{"start":{"line":134,"column":4},"end":{"line":140,"column":null}},{"start":{"line":138,"column":11},"end":{"line":140,"column":null}}],"line":134},"14":{"loc":{"start":{"line":137,"column":6},"end":{"line":137,"column":null}},"type":"if","locations":[{"start":{"line":137,"column":6},"end":{"line":137,"column":null}},{"start":{},"end":{}}],"line":137},"15":{"loc":{"start":{"line":146,"column":4},"end":{"line":146,"column":null}},"type":"if","locations":[{"start":{"line":146,"column":4},"end":{"line":146,"column":null}},{"start":{},"end":{}}],"line":146},"16":{"loc":{"start":{"line":148,"column":4},"end":{"line":148,"column":null}},"type":"if","locations":[{"start":{"line":148,"column":4},"end":{"line":148,"column":null}},{"start":{},"end":{}}],"line":148},"17":{"loc":{"start":{"line":149,"column":4},"end":{"line":149,"column":null}},"type":"if","locations":[{"start":{"line":149,"column":4},"end":{"line":149,"column":null}},{"start":{},"end":{}}],"line":149},"18":{"loc":{"start":{"line":150,"column":4},"end":{"line":150,"column":null}},"type":"if","locations":[{"start":{"line":150,"column":4},"end":{"line":150,"column":null}},{"start":{},"end":{}}],"line":150},"19":{"loc":{"start":{"line":157,"column":8},"end":{"line":157,"column":null}},"type":"cond-expr","locations":[{"start":{"line":157,"column":19},"end":{"line":157,"column":67}},{"start":{"line":157,"column":67},"end":{"line":157,"column":null}}],"line":157},"20":{"loc":{"start":{"line":182,"column":30},"end":{"line":182,"column":null}},"type":"cond-expr","locations":[{"start":{"line":182,"column":41},"end":{"line":182,"column":61}},{"start":{"line":182,"column":61},"end":{"line":182,"column":null}}],"line":182},"21":{"loc":{"start":{"line":183,"column":31},"end":{"line":185,"column":null}},"type":"cond-expr","locations":[{"start":{"line":184,"column":16},"end":{"line":184,"column":null}},{"start":{"line":185,"column":16},"end":{"line":185,"column":null}}],"line":183},"22":{"loc":{"start":{"line":186,"column":32},"end":{"line":186,"column":null}},"type":"cond-expr","locations":[{"start":{"line":186,"column":41},"end":{"line":186,"column":58}},{"start":{"line":186,"column":58},"end":{"line":186,"column":null}}],"line":186},"23":{"loc":{"start":{"line":206,"column":14},"end":{"line":209,"column":null}},"type":"if","locations":[{"start":{"line":206,"column":14},"end":{"line":209,"column":null}},{"start":{"line":208,"column":21},"end":{"line":209,"column":null}}],"line":206},"24":{"loc":{"start":{"line":220,"column":24},"end":{"line":220,"column":null}},"type":"cond-expr","locations":[{"start":{"line":220,"column":31},"end":{"line":220,"column":46}},{"start":{"line":220,"column":46},"end":{"line":220,"column":null}}],"line":220},"25":{"loc":{"start":{"line":222,"column":13},"end":{"line":225,"column":null}},"type":"cond-expr","locations":[{"start":{"line":223,"column":14},"end":{"line":225,"column":15}},{"start":{"line":225,"column":14},"end":{"line":225,"column":null}}],"line":222},"26":{"loc":{"start":{"line":223,"column":28},"end":{"line":223,"column":88}},"type":"cond-expr","locations":[{"start":{"line":223,"column":39},"end":{"line":223,"column":59}},{"start":{"line":223,"column":59},"end":{"line":223,"column":88}}],"line":223},"27":{"loc":{"start":{"line":225,"column":31},"end":{"line":225,"column":91}},"type":"cond-expr","locations":[{"start":{"line":225,"column":42},"end":{"line":225,"column":62}},{"start":{"line":225,"column":62},"end":{"line":225,"column":91}}],"line":225},"28":{"loc":{"start":{"line":232,"column":7},"end":{"line":264,"column":null}},"type":"binary-expr","locations":[{"start":{"line":232,"column":7},"end":{"line":232,"column":null}},{"start":{"line":233,"column":8},"end":{"line":264,"column":null}}],"line":232},"29":{"loc":{"start":{"line":241,"column":72},"end":{"line":241,"column":null}},"type":"cond-expr","locations":[{"start":{"line":241,"column":81},"end":{"line":241,"column":98}},{"start":{"line":241,"column":98},"end":{"line":241,"column":null}}],"line":241},"30":{"loc":{"start":{"line":253,"column":16},"end":{"line":256,"column":null}},"type":"if","locations":[{"start":{"line":253,"column":16},"end":{"line":256,"column":null}},{"start":{"line":255,"column":23},"end":{"line":256,"column":null}}],"line":253}},"s":{"0":1,"1":1,"2":4,"3":1,"4":0,"5":1,"6":9,"7":7,"8":9,"9":9,"10":9,"11":9,"12":9,"13":9,"14":9,"15":2,"16":2,"17":2,"18":9,"19":7,"20":8,"21":0,"22":8,"23":2,"24":2,"25":7,"26":7,"27":7,"28":7,"29":7,"30":6,"31":9,"32":7,"33":1,"34":6,"35":6,"36":6,"37":6,"38":0,"39":0,"40":0,"41":0,"42":0,"43":0,"44":0,"45":0,"46":0,"47":0,"48":0,"49":6,"50":6,"51":24,"52":24,"53":6,"54":6,"55":0,"56":0,"57":0,"58":6,"59":6,"60":0,"61":0,"62":6,"63":6,"64":6,"65":6,"66":6,"67":6,"68":6,"69":6,"70":6,"71":9,"72":1,"73":1,"74":1,"75":1,"76":1,"77":0,"78":0,"79":0,"80":0,"81":0,"82":0,"83":0,"84":9,"85":40,"86":10,"87":30,"88":10,"89":20,"90":20,"91":10,"92":1,"93":9,"94":9,"95":0,"96":0,"97":0,"98":36,"99":36,"100":36,"101":36,"102":36,"103":1,"104":1,"105":1,"106":0,"107":1,"108":1,"109":4,"110":4,"111":0,"112":0,"113":0,"114":0,"115":0,"116":0,"117":1},"f":{"0":4,"1":0,"2":9,"3":7,"4":2,"5":2,"6":7,"7":8,"8":2,"9":7,"10":7,"11":0,"12":6,"13":24,"14":24,"15":0,"16":0,"17":6,"18":1,"19":40,"20":0,"21":36,"22":1,"23":1,"24":1,"25":4,"26":0,"27":0},"b":{"0":[0,7],"1":[1,1],"2":[0,8],"3":[6,1],"4":[1,6],"5":[0,0],"6":[0,0],"7":[0,0],"8":[0,0],"9":[0,0],"10":[6,0],"11":[1,0],"12":[1,0,0,0],"13":[0,0],"14":[0,0],"15":[10,30],"16":[10,20],"17":[10,10],"18":[1,9],"19":[1,8],"20":[4,32],"21":[9,27],"22":[9,27],"23":[0,1],"24":[1,8],"25":[1,8],"26":[0,1],"27":[1,7],"28":[9,1],"29":[1,3],"30":[0,0]},"meta":{"lastBranch":31,"lastFunction":28,"lastStatement":118,"seen":{"s:5:17:11:Infinity":0,"s:13:19:13:55":1,"f:13:28:13:33":0,"s:13:39:13:54":2,"s:15:6:16:47":3,"f:15:6:15:32":1,"s:16:2:16:47":4,"s:18:6:268:Infinity":5,"f:18:15:18:26":2,"s:19:19:20:Infinity":6,"f:19:34:19:Infinity":3,"s:20:4:20:Infinity":7,"b:20:38:20:46:20:46:20:Infinity":0,"s:22:15:22:41":8,"s:23:24:23:60":9,"s:24:8:24:41":10,"s:25:8:25:32":11,"s:26:8:26:32":12,"s:28:17:28:Infinity":13,"s:30:8:35:8":14,"f:30:25:30:43":4,"s:31:4:34:Infinity":15,"f:31:4:31:17":5,"s:32:19:32:Infinity":16,"s:33:6:33:Infinity":17,"b:33:32:33:42:33:42:33:Infinity":1,"s:37:2:52:Infinity":18,"f:37:2:37:18":6,"s:38:10:43:Infinity":19,"f:38:10:38:31":7,"b:39:6:39:Infinity:undefined:undefined:undefined:undefined":2,"s:39:6:39:Infinity":20,"s:39:34:39:Infinity":21,"s:40:6:43:Infinity":22,"f:40:31:40:59":8,"s:41:8:41:Infinity":23,"s:42:8:42:Infinity":24,"s:46:4:46:Infinity":25,"s:47:4:47:Infinity":26,"s:48:4:50:Infinity":27,"f:48:4:48:17":9,"s:49:6:49:Infinity":28,"b:50:6:50:Infinity:undefined:undefined:undefined:undefined":3,"s:50:6:50:Infinity":29,"s:50:34:50:Infinity":30,"s:54:2:116:Infinity":31,"f:54:2:54:18":10,"b:55:4:55:Infinity:undefined:undefined:undefined:undefined":4,"s:55:4:55:Infinity":32,"s:55:17:55:Infinity":33,"s:57:28:57:45":34,"s:58:48:58:Infinity":35,"s:59:29:59:51":36,"s:61:10:75:Infinity":37,"f:61:10:61:62":11,"s:62:20:62:Infinity":38,"s:63:6:69:Infinity":39,"b:64:8:69:Infinity:67:19:69:Infinity":5,"s:64:8:69:Infinity":40,"s:65:10:65:Infinity":41,"s:66:10:66:Infinity":42,"b:67:19:69:Infinity:undefined:undefined:undefined:undefined":6,"s:67:19:69:Infinity":43,"s:68:10:68:Infinity":44,"s:69:10:69:Infinity":45,"b:73:6:75:Infinity:undefined:undefined:undefined:undefined":7,"s:73:6:75:Infinity":46,"b:73:10:73:21:73:21:73:47":8,"s:74:23:74:79":47,"s:75:8:75:Infinity":48,"s:79:10:94:Infinity":49,"f:79:10:79:34":12,"s:80:23:82:70":50,"f:81:9:81:14":13,"s:81:21:81:48":51,"f:82:9:82:17":14,"s:82:53:82:69":52,"s:84:6:87:Infinity":53,"s:89:6:94:Infinity":54,"f:89:15:89:24":15,"b:90:8:92:Infinity:undefined:undefined:undefined:undefined":9,"s:90:8:92:Infinity":55,"s:91:10:91:Infinity":56,"s:92:10:92:Infinity":57,"s:97:4:97:Infinity":58,"s:100:10:102:Infinity":59,"f:100:10:100:43":16,"s:101:6:101:Infinity":60,"s:102:6:102:Infinity":61,"s:105:29:105:75":62,"s:107:4:107:Infinity":63,"s:109:4:114:Infinity":64,"f:109:4:109:17":17,"b:110:6:110:Infinity:undefined:undefined:undefined:undefined":10,"s:110:6:110:Infinity":65,"s:110:20:110:Infinity":66,"s:111:6:111:Infinity":67,"s:112:6:112:Infinity":68,"s:113:6:113:Infinity":69,"s:114:6:114:Infinity":70,"s:118:8:142:Infinity":71,"f:118:8:118:23":18,"s:119:4:119:Infinity":72,"b:122:4:130:Infinity:undefined:undefined:undefined:undefined":11,"s:122:4:130:Infinity":73,"b:123:6:123:Infinity:124:6:124:Infinity:125:6:125:Infinity:126:6:126:Infinity":12,"s:128:6:128:Infinity":74,"s:129:6:129:Infinity":75,"s:130:6:130:Infinity":76,"b:134:4:140:Infinity:138:11:140:Infinity":13,"s:134:4:140:Infinity":77,"s:135:17:135:35":78,"s:136:17:136:44":79,"b:137:6:137:Infinity:undefined:undefined:undefined:undefined":14,"s:137:6:137:Infinity":80,"s:137:14:137:Infinity":81,"s:140:6:140:Infinity":82,"s:142:4:142:Infinity":83,"s:145:8:151:Infinity":84,"f:145:8:145:20":19,"b:146:4:146:Infinity:undefined:undefined:undefined:undefined":15,"s:146:4:146:Infinity":85,"s:146:33:146:Infinity":86,"b:148:4:148:Infinity:undefined:undefined:undefined:undefined":16,"s:148:4:148:Infinity":87,"s:148:39:148:Infinity":88,"b:149:4:149:Infinity:undefined:undefined:undefined:undefined":17,"s:149:4:149:Infinity":89,"s:149:40:149:Infinity":90,"b:150:4:150:Infinity:undefined:undefined:undefined:undefined":18,"s:150:4:150:Infinity":91,"s:150:17:150:Infinity":92,"s:151:4:151:Infinity":93,"s:154:2:264:Infinity":94,"b:157:19:157:67:157:67:157:Infinity":19,"f:164:10:164:20":20,"s:165:12:165:Infinity":95,"s:166:12:166:Infinity":96,"s:167:12:167:Infinity":97,"f:180:20:180:25":21,"s:181:27:181:38":98,"s:182:30:182:Infinity":99,"b:182:41:182:61:182:61:182:Infinity":20,"s:183:31:185:Infinity":100,"b:184:16:184:Infinity:185:16:185:Infinity":21,"s:186:32:186:Infinity":101,"b:186:41:186:58:186:58:186:Infinity":22,"s:188:12:196:Infinity":102,"f:192:16:192:26":22,"s:192:32:192:49":103,"f:204:12:204:22":23,"s:205:14:205:Infinity":104,"b:206:14:209:Infinity:208:21:209:Infinity":23,"s:206:14:209:Infinity":105,"s:207:16:207:Infinity":106,"s:209:16:209:Infinity":107,"f:219:12:219:27":24,"s:219:27:219:41":108,"b:220:31:220:46:220:46:220:Infinity":24,"b:223:14:225:15:225:14:225:Infinity":25,"b:223:39:223:59:223:59:223:88":26,"b:225:42:225:62:225:62:225:91":27,"b:232:7:232:Infinity:233:8:264:Infinity":28,"f:235:22:235:27":25,"s:236:29:236:40":109,"s:237:14:245:Infinity":110,"b:241:81:241:98:241:98:241:Infinity":29,"f:242:18:242:28":26,"s:242:34:242:51":111,"f:251:14:251:24":27,"s:252:16:252:Infinity":112,"b:253:16:256:Infinity:255:23:256:Infinity":30,"s:253:16:256:Infinity":113,"s:254:18:254:Infinity":114,"s:256:18:256:Infinity":115,"s:258:16:258:Infinity":116,"s:270:0:270:Infinity":117}}}
,"C:\\Users\\jlc254\\Music\\devopssummit.africa-v3\\src\\config\\env.ts": {"path":"C:\\Users\\jlc254\\Music\\devopssummit.africa-v3\\src\\config\\env.ts","statementMap":{"0":{"start":{"line":7,"column":13},"end":{"line":16,"column":null}},"1":{"start":{"line":8,"column":16},"end":{"line":8,"column":null}},"2":{"start":{"line":9,"column":2},"end":{"line":14,"column":null}},"3":{"start":{"line":10,"column":4},"end":{"line":14,"column":null}},"4":{"start":{"line":16,"column":2},"end":{"line":16,"column":null}},"5":{"start":{"line":19,"column":6},"end":{"line":20,"column":42}},"6":{"start":{"line":20,"column":2},"end":{"line":20,"column":42}},"7":{"start":{"line":25,"column":6},"end":{"line":54,"column":null}},"8":{"start":{"line":26,"column":2},"end":{"line":26,"column":null}},"9":{"start":{"line":26,"column":39},"end":{"line":26,"column":null}},"10":{"start":{"line":28,"column":19},"end":{"line":28,"column":null}},"11":{"start":{"line":31,"column":2},"end":{"line":32,"column":null}},"12":{"start":{"line":32,"column":4},"end":{"line":32,"column":null}},"13":{"start":{"line":36,"column":2},"end":{"line":40,"column":null}},"14":{"start":{"line":40,"column":4},"end":{"line":40,"column":null}},"15":{"start":{"line":44,"column":2},"end":{"line":45,"column":null}},"16":{"start":{"line":45,"column":4},"end":{"line":45,"column":null}},"17":{"start":{"line":49,"column":19},"end":{"line":49,"column":46}},"18":{"start":{"line":50,"column":2},"end":{"line":51,"column":null}},"19":{"start":{"line":51,"column":4},"end":{"line":51,"column":null}},"20":{"start":{"line":54,"column":2},"end":{"line":54,"column":null}},"21":{"start":{"line":57,"column":31},"end":{"line":57,"column":46}},"22":{"start":{"line":58,"column":29},"end":{"line":58,"column":null}},"23":{"start":{"line":59,"column":26},"end":{"line":59,"column":null}},"24":{"start":{"line":60,"column":26},"end":{"line":60,"column":null}},"25":{"start":{"line":61,"column":30},"end":{"line":61,"column":null}},"26":{"start":{"line":62,"column":23},"end":{"line":62,"column":null}},"27":{"start":{"line":65,"column":33},"end":{"line":65,"column":null}},"28":{"start":{"line":68,"column":24},"end":{"line":68,"column":76}},"29":{"start":{"line":69,"column":27},"end":{"line":69,"column":67}},"30":{"start":{"line":72,"column":37},"end":{"line":72,"column":78}},"31":{"start":{"line":73,"column":35},"end":{"line":73,"column":74}},"32":{"start":{"line":76,"column":28},"end":{"line":76,"column":64}},"33":{"start":{"line":79,"column":38},"end":{"line":79,"column":80}},"34":{"start":{"line":80,"column":26},"end":{"line":80,"column":56}},"35":{"start":{"line":84,"column":31},"end":{"line":84,"column":null}},"36":{"start":{"line":86,"column":28},"end":{"line":86,"column":null}}},"fnMap":{"0":{"name":"(anonymous_0)","decl":{"start":{"line":7,"column":13},"end":{"line":7,"column":27}},"loc":{"start":{"line":7,"column":85},"end":{"line":16,"column":null}},"line":7},"1":{"name":"(anonymous_1)","decl":{"start":{"line":19,"column":6},"end":{"line":19,"column":21}},"loc":{"start":{"line":20,"column":2},"end":{"line":20,"column":42}},"line":20},"2":{"name":"(anonymous_2)","decl":{"start":{"line":25,"column":6},"end":{"line":25,"column":36}},"loc":{"start":{"line":25,"column":36},"end":{"line":54,"column":null}},"line":25}},"branchMap":{"0":{"loc":{"start":{"line":9,"column":2},"end":{"line":14,"column":null}},"type":"if","locations":[{"start":{"line":9,"column":2},"end":{"line":14,"column":null}},{"start":{},"end":{}}],"line":9},"1":{"loc":{"start":{"line":9,"column":6},"end":{"line":9,"column":99}},"type":"binary-expr","locations":[{"start":{"line":9,"column":6},"end":{"line":9,"column":29}},{"start":{"line":9,"column":29},"end":{"line":9,"column":48}},{"start":{"line":9,"column":48},"end":{"line":9,"column":77}},{"start":{"line":9,"column":77},"end":{"line":9,"column":99}}],"line":9},"2":{"loc":{"start":{"line":19,"column":47},"end":{"line":19,"column":null}},"type":"default-arg","locations":[{"start":{"line":19,"column":58},"end":{"line":19,"column":null}}],"line":19},"3":{"loc":{"start":{"line":20,"column":9},"end":{"line":20,"column":42}},"type":"binary-expr","locations":[{"start":{"line":20,"column":9},"end":{"line":20,"column":33}},{"start":{"line":20,"column":33},"end":{"line":20,"column":42}}],"line":20},"4":{"loc":{"start":{"line":26,"column":2},"end":{"line":26,"column":null}},"type":"if","locations":[{"start":{"line":26,"column":2},"end":{"line":26,"column":null}},{"start":{},"end":{}}],"line":26},"5":{"loc":{"start":{"line":28,"column":19},"end":{"line":28,"column":null}},"type":"cond-expr","locations":[{"start":{"line":28,"column":53},"end":{"line":28,"column":58}},{"start":{"line":28,"column":58},"end":{"line":28,"column":null}}],"line":28},"6":{"loc":{"start":{"line":31,"column":2},"end":{"line":32,"column":null}},"type":"if","locations":[{"start":{"line":31,"column":2},"end":{"line":32,"column":null}},{"start":{},"end":{}}],"line":31},"7":{"loc":{"start":{"line":31,"column":6},"end":{"line":31,"column":84}},"type":"binary-expr","locations":[{"start":{"line":31,"column":6},"end":{"line":31,"column":44}},{"start":{"line":31,"column":44},"end":{"line":31,"column":84}}],"line":31},"8":{"loc":{"start":{"line":36,"column":2},"end":{"line":40,"column":null}},"type":"if","locations":[{"start":{"line":36,"column":2},"end":{"line":40,"column":null}},{"start":{},"end":{}}],"line":36},"9":{"loc":{"start":{"line":37,"column":4},"end":{"line":38,"column":null}},"type":"binary-expr","locations":[{"start":{"line":37,"column":4},"end":{"line":37,"column":null}},{"start":{"line":38,"column":4},"end":{"line":38,"column":null}}],"line":37},"10":{"loc":{"start":{"line":44,"column":2},"end":{"line":45,"column":null}},"type":"if","locations":[{"start":{"line":44,"column":2},"end":{"line":45,"column":null}},{"start":{},"end":{}}],"line":44},"11":{"loc":{"start":{"line":50,"column":2},"end":{"line":51,"column":null}},"type":"if","locations":[{"start":{"line":50,"column":2},"end":{"line":51,"column":null}},{"start":{},"end":{}}],"line":50},"12":{"loc":{"start":{"line":54,"column":9},"end":{"line":54,"column":null}},"type":"cond-expr","locations":[{"start":{"line":54,"column":32},"end":{"line":54,"column":47}},{"start":{"line":54,"column":47},"end":{"line":54,"column":null}}],"line":54},"13":{"loc":{"start":{"line":84,"column":31},"end":{"line":84,"column":null}},"type":"binary-expr","locations":[{"start":{"line":84,"column":31},"end":{"line":84,"column":82}},{"start":{"line":84,"column":82},"end":{"line":84,"column":null}}],"line":84},"14":{"loc":{"start":{"line":86,"column":28},"end":{"line":86,"column":null}},"type":"binary-expr","locations":[{"start":{"line":86,"column":28},"end":{"line":86,"column":76}},{"start":{"line":86,"column":76},"end":{"line":86,"column":null}}],"line":86}},"s":{"0":15,"1":2,"2":2,"3":1,"4":1,"5":15,"6":105,"7":15,"8":15,"9":15,"10":0,"11":15,"12":0,"13":0,"14":0,"15":0,"16":0,"17":0,"18":0,"19":0,"20":0,"21":15,"22":15,"23":15,"24":15,"25":15,"26":15,"27":15,"28":15,"29":15,"30":15,"31":15,"32":15,"33":15,"34":15,"35":15,"36":15},"f":{"0":2,"1":105,"2":15},"b":{"0":[1,1],"1":[2,2,2,2],"2":[105],"3":[105,69],"4":[15,0],"5":[0,0],"6":[0,15],"7":[15,0],"8":[0,0],"9":[0,0],"10":[0,0],"11":[0,0],"12":[0,0],"13":[15,0],"14":[15,0]},"meta":{"lastBranch":15,"lastFunction":3,"lastStatement":37,"seen":{"s:7:13:16:Infinity":0,"f:7:13:7:27":0,"s:8:16:8:Infinity":1,"b:9:2:14:Infinity:undefined:undefined:undefined:undefined":0,"s:9:2:14:Infinity":2,"b:9:6:9:29:9:29:9:48:9:48:9:77:9:77:9:99":1,"s:10:4:14:Infinity":3,"s:16:2:16:Infinity":4,"s:19:6:20:42":5,"f:19:6:19:21":1,"s:20:2:20:42":6,"b:19:58:19:Infinity":2,"b:20:9:20:33:20:33:20:42":3,"s:25:6:54:Infinity":7,"f:25:6:25:36":2,"b:26:2:26:Infinity:undefined:undefined:undefined:undefined":4,"s:26:2:26:Infinity":8,"s:26:39:26:Infinity":9,"s:28:19:28:Infinity":10,"b:28:53:28:58:28:58:28:Infinity":5,"b:31:2:32:Infinity:undefined:undefined:undefined:undefined":6,"s:31:2:32:Infinity":11,"b:31:6:31:44:31:44:31:84":7,"s:32:4:32:Infinity":12,"b:36:2:40:Infinity:undefined:undefined:undefined:undefined":8,"s:36:2:40:Infinity":13,"b:37:4:37:Infinity:38:4:38:Infinity":9,"s:40:4:40:Infinity":14,"b:44:2:45:Infinity:undefined:undefined:undefined:undefined":10,"s:44:2:45:Infinity":15,"s:45:4:45:Infinity":16,"s:49:19:49:46":17,"b:50:2:51:Infinity:undefined:undefined:undefined:undefined":11,"s:50:2:51:Infinity":18,"s:51:4:51:Infinity":19,"s:54:2:54:Infinity":20,"b:54:32:54:47:54:47:54:Infinity":12,"s:57:31:57:46":21,"s:58:29:58:Infinity":22,"s:59:26:59:Infinity":23,"s:60:26:60:Infinity":24,"s:61:30:61:Infinity":25,"s:62:23:62:Infinity":26,"s:65:33:65:Infinity":27,"s:68:24:68:76":28,"s:69:27:69:67":29,"s:72:37:72:78":30,"s:73:35:73:74":31,"s:76:28:76:64":32,"s:79:38:79:80":33,"s:80:26:80:56":34,"s:84:31:84:Infinity":35,"b:84:31:84:82:84:82:84:Infinity":13,"s:86:28:86:Infinity":36,"b:86:28:86:76:86:76:86:Infinity":14}}}
,"C:\\Users\\jlc254\\Music\\devopssummit.africa-v3\\src\\config\\validateEnv.ts": {"path":"C:\\Users\\jlc254\\Music\\devopssummit.africa-v3\\src\\config\\validateEnv.ts","statementMap":{"0":{"start":{"line":14,"column":6},"end":{"line":26,"column":null}},"1":{"start":{"line":15,"column":2},"end":{"line":21,"column":null}},"2":{"start":{"line":16,"column":4},"end":{"line":16,"column":null}},"3":{"start":{"line":18,"column":4},"end":{"line":21,"column":null}},"4":{"start":{"line":19,"column":6},"end":{"line":19,"column":null}},"5":{"start":{"line":21,"column":6},"end":{"line":21,"column":null}},"6":{"start":{"line":25,"column":2},"end":{"line":26,"column":null}},"7":{"start":{"line":26,"column":4},"end":{"line":26,"column":null}},"8":{"start":{"line":30,"column":6},"end":{"line":42,"column":null}},"9":{"start":{"line":31,"column":20},"end":{"line":31,"column":null}},"10":{"start":{"line":32,"column":20},"end":{"line":32,"column":null}},"11":{"start":{"line":33,"column":2},"end":{"line":42,"column":null}},"12":{"start":{"line":39,"column":4},"end":{"line":42,"column":null}},"13":{"start":{"line":46,"column":6},"end":{"line":53,"column":null}},"14":{"start":{"line":47,"column":2},"end":{"line":47,"column":null}},"15":{"start":{"line":47,"column":35},"end":{"line":47,"column":null}},"16":{"start":{"line":49,"column":2},"end":{"line":53,"column":null}},"17":{"start":{"line":50,"column":4},"end":{"line":53,"column":null}},"18":{"start":{"line":57,"column":26},"end":{"line":68,"column":null}},"19":{"start":{"line":70,"column":22},"end":{"line":70,"column":84}},"20":{"start":{"line":72,"column":6},"end":{"line":84,"column":null}},"21":{"start":{"line":73,"column":2},"end":{"line":73,"column":null}},"22":{"start":{"line":73,"column":41},"end":{"line":73,"column":null}},"23":{"start":{"line":74,"column":2},"end":{"line":74,"column":null}},"24":{"start":{"line":74,"column":30},"end":{"line":74,"column":null}},"25":{"start":{"line":76,"column":2},"end":{"line":84,"column":null}},"26":{"start":{"line":77,"column":4},"end":{"line":82,"column":null}},"27":{"start":{"line":78,"column":6},"end":{"line":82,"column":null}},"28":{"start":{"line":87,"column":6},"end":{"line":90,"column":null}},"29":{"start":{"line":88,"column":2},"end":{"line":90,"column":null}},"30":{"start":{"line":89,"column":4},"end":{"line":89,"column":null}},"31":{"start":{"line":93,"column":6},"end":{"line":97,"column":null}},"32":{"start":{"line":94,"column":2},"end":{"line":94,"column":null}},"33":{"start":{"line":94,"column":29},"end":{"line":94,"column":null}},"34":{"start":{"line":95,"column":15},"end":{"line":95,"column":55}},"35":{"start":{"line":95,"column":35},"end":{"line":95,"column":44}},"36":{"start":{"line":96,"column":18},"end":{"line":96,"column":null}},"37":{"start":{"line":97,"column":2},"end":{"line":97,"column":null}},"38":{"start":{"line":100,"column":6},"end":{"line":107,"column":null}},"39":{"start":{"line":101,"column":2},"end":{"line":101,"column":null}},"40":{"start":{"line":101,"column":27},"end":{"line":101,"column":null}},"41":{"start":{"line":103,"column":15},"end":{"line":103,"column":53}},"42":{"start":{"line":103,"column":33},"end":{"line":103,"column":42}},"43":{"start":{"line":104,"column":18},"end":{"line":104,"column":null}},"44":{"start":{"line":107,"column":2},"end":{"line":107,"column":null}},"45":{"start":{"line":110,"column":13},"end":{"line":120,"column":null}},"46":{"start":{"line":111,"column":27},"end":{"line":111,"column":29}},"47":{"start":{"line":112,"column":29},"end":{"line":112,"column":31}},"48":{"start":{"line":114,"column":2},"end":{"line":114,"column":null}},"49":{"start":{"line":115,"column":2},"end":{"line":115,"column":null}},"50":{"start":{"line":116,"column":2},"end":{"line":116,"column":null}},"51":{"start":{"line":117,"column":2},"end":{"line":117,"column":null}},"52":{"start":{"line":119,"column":2},"end":{"line":119,"column":null}},"53":{"start":{"line":120,"column":2},"end":{"line":120,"column":null}}},"fnMap":{"0":{"name":"(anonymous_0)","decl":{"start":{"line":14,"column":6},"end":{"line":14,"column":30}},"loc":{"start":{"line":14,"column":57},"end":{"line":26,"column":null}},"line":14},"1":{"name":"(anonymous_1)","decl":{"start":{"line":30,"column":6},"end":{"line":30,"column":29}},"loc":{"start":{"line":30,"column":56},"end":{"line":42,"column":null}},"line":30},"2":{"name":"(anonymous_2)","decl":{"start":{"line":46,"column":6},"end":{"line":46,"column":31}},"loc":{"start":{"line":46,"column":60},"end":{"line":53,"column":null}},"line":46},"3":{"name":"(anonymous_3)","decl":{"start":{"line":72,"column":6},"end":{"line":72,"column":31}},"loc":{"start":{"line":72,"column":87},"end":{"line":84,"column":null}},"line":72},"4":{"name":"(anonymous_4)","decl":{"start":{"line":76,"column":20},"end":{"line":76,"column":29}},"loc":{"start":{"line":76,"column":51},"end":{"line":84,"column":null}},"line":76},"5":{"name":"(anonymous_5)","decl":{"start":{"line":87,"column":6},"end":{"line":87,"column":23}},"loc":{"start":{"line":87,"column":50},"end":{"line":90,"column":null}},"line":87},"6":{"name":"(anonymous_6)","decl":{"start":{"line":88,"column":34},"end":{"line":88,"column":43}},"loc":{"start":{"line":88,"column":60},"end":{"line":90,"column":null}},"line":88},"7":{"name":"(anonymous_7)","decl":{"start":{"line":93,"column":6},"end":{"line":93,"column":24}},"loc":{"start":{"line":93,"column":53},"end":{"line":97,"column":null}},"line":93},"8":{"name":"(anonymous_8)","decl":{"start":{"line":95,"column":24},"end":{"line":95,"column":29}},"loc":{"start":{"line":95,"column":35},"end":{"line":95,"column":44}},"line":95},"9":{"name":"(anonymous_9)","decl":{"start":{"line":100,"column":6},"end":{"line":100,"column":22}},"loc":{"start":{"line":100,"column":49},"end":{"line":107,"column":null}},"line":100},"10":{"name":"(anonymous_10)","decl":{"start":{"line":103,"column":22},"end":{"line":103,"column":27}},"loc":{"start":{"line":103,"column":33},"end":{"line":103,"column":42}},"line":103},"11":{"name":"(anonymous_11)","decl":{"start":{"line":110,"column":13},"end":{"line":110,"column":39}},"loc":{"start":{"line":110,"column":39},"end":{"line":120,"column":null}},"line":110}},"branchMap":{"0":{"loc":{"start":{"line":15,"column":2},"end":{"line":21,"column":null}},"type":"if","locations":[{"start":{"line":15,"column":2},"end":{"line":21,"column":null}},{"start":{"line":17,"column":9},"end":{"line":21,"column":null}}],"line":15},"1":{"loc":{"start":{"line":25,"column":2},"end":{"line":26,"column":null}},"type":"if","locations":[{"start":{"line":25,"column":2},"end":{"line":26,"column":null}},{"start":{},"end":{}}],"line":25},"2":{"loc":{"start":{"line":33,"column":2},"end":{"line":42,"column":null}},"type":"if","locations":[{"start":{"line":33,"column":2},"end":{"line":42,"column":null}},{"start":{},"end":{}}],"line":33},"3":{"loc":{"start":{"line":34,"column":4},"end":{"line":37,"column":null}},"type":"binary-expr","locations":[{"start":{"line":34,"column":4},"end":{"line":34,"column":null}},{"start":{"line":35,"column":4},"end":{"line":35,"column":null}},{"start":{"line":36,"column":4},"end":{"line":36,"column":null}},{"start":{"line":37,"column":4},"end":{"line":37,"column":null}}],"line":34},"4":{"loc":{"start":{"line":47,"column":2},"end":{"line":47,"column":null}},"type":"if","locations":[{"start":{"line":47,"column":2},"end":{"line":47,"column":null}},{"start":{},"end":{}}],"line":47},"5":{"loc":{"start":{"line":49,"column":2},"end":{"line":53,"column":null}},"type":"if","locations":[{"start":{"line":49,"column":2},"end":{"line":53,"column":null}},{"start":{},"end":{}}],"line":49},"6":{"loc":{"start":{"line":49,"column":6},"end":{"line":49,"column":61}},"type":"binary-expr","locations":[{"start":{"line":49,"column":6},"end":{"line":49,"column":32}},{"start":{"line":49,"column":32},"end":{"line":49,"column":61}}],"line":49},"7":{"loc":{"start":{"line":73,"column":2},"end":{"line":73,"column":null}},"type":"if","locations":[{"start":{"line":73,"column":2},"end":{"line":73,"column":null}},{"start":{},"end":{}}],"line":73},"8":{"loc":{"start":{"line":74,"column":2},"end":{"line":74,"column":null}},"type":"if","locations":[{"start":{"line":74,"column":2},"end":{"line":74,"column":null}},{"start":{},"end":{}}],"line":74},"9":{"loc":{"start":{"line":77,"column":4},"end":{"line":82,"column":null}},"type":"if","locations":[{"start":{"line":77,"column":4},"end":{"line":82,"column":null}},{"start":{},"end":{}}],"line":77},"10":{"loc":{"start":{"line":94,"column":2},"end":{"line":94,"column":null}},"type":"if","locations":[{"start":{"line":94,"column":2},"end":{"line":94,"column":null}},{"start":{},"end":{}}],"line":94},"11":{"loc":{"start":{"line":101,"column":2},"end":{"line":101,"column":null}},"type":"if","locations":[{"start":{"line":101,"column":2},"end":{"line":101,"column":null}},{"start":{},"end":{}}],"line":101}},"s":{"0":11,"1":11,"2":2,"3":9,"4":9,"5":1,"6":11,"7":1,"8":11,"9":11,"10":11,"11":11,"12":0,"13":11,"14":11,"15":11,"16":0,"17":0,"18":11,"19":11,"20":11,"21":1231,"22":1177,"23":54,"24":1,"25":53,"26":530,"27":6,"28":11,"29":11,"30":1231,"31":11,"32":11,"33":11,"34":0,"35":0,"36":0,"37":0,"38":11,"39":11,"40":3,"41":8,"42":10,"43":8,"44":8,"45":11,"46":11,"47":11,"48":11,"49":11,"50":11,"51":11,"52":11,"53":11},"f":{"0":11,"1":11,"2":11,"3":1231,"4":530,"5":11,"6":1231,"7":11,"8":0,"9":11,"10":10,"11":11},"b":{"0":[2,9],"1":[1,10],"2":[0,11],"3":[11,3,3,3],"4":[11,0],"5":[0,0],"6":[0,0],"7":[1177,54],"8":[1,53],"9":[6,524],"10":[11,0],"11":[3,8]},"meta":{"lastBranch":12,"lastFunction":12,"lastStatement":54,"seen":{"s:14:6:26:Infinity":0,"f:14:6:14:30":0,"b:15:2:21:Infinity:17:9:21:Infinity":0,"s:15:2:21:Infinity":1,"s:16:4:16:Infinity":2,"s:18:4:21:Infinity":3,"s:19:6:19:Infinity":4,"s:21:6:21:Infinity":5,"b:25:2:26:Infinity:undefined:undefined:undefined:undefined":1,"s:25:2:26:Infinity":6,"s:26:4:26:Infinity":7,"s:30:6:42:Infinity":8,"f:30:6:30:29":1,"s:31:20:31:Infinity":9,"s:32:20:32:Infinity":10,"b:33:2:42:Infinity:undefined:undefined:undefined:undefined":2,"s:33:2:42:Infinity":11,"b:34:4:34:Infinity:35:4:35:Infinity:36:4:36:Infinity:37:4:37:Infinity":3,"s:39:4:42:Infinity":12,"s:46:6:53:Infinity":13,"f:46:6:46:31":2,"b:47:2:47:Infinity:undefined:undefined:undefined:undefined":4,"s:47:2:47:Infinity":14,"s:47:35:47:Infinity":15,"b:49:2:53:Infinity:undefined:undefined:undefined:undefined":5,"s:49:2:53:Infinity":16,"b:49:6:49:32:49:32:49:61":6,"s:50:4:53:Infinity":17,"s:57:26:68:Infinity":18,"s:70:22:70:84":19,"s:72:6:84:Infinity":20,"f:72:6:72:31":3,"b:73:2:73:Infinity:undefined:undefined:undefined:undefined":7,"s:73:2:73:Infinity":21,"s:73:41:73:Infinity":22,"b:74:2:74:Infinity:undefined:undefined:undefined:undefined":8,"s:74:2:74:Infinity":23,"s:74:30:74:Infinity":24,"s:76:2:84:Infinity":25,"f:76:20:76:29":4,"b:77:4:82:Infinity:undefined:undefined:undefined:undefined":9,"s:77:4:82:Infinity":26,"s:78:6:82:Infinity":27,"s:87:6:90:Infinity":28,"f:87:6:87:23":5,"s:88:2:90:Infinity":29,"f:88:34:88:43":6,"s:89:4:89:Infinity":30,"s:93:6:97:Infinity":31,"f:93:6:93:24":7,"b:94:2:94:Infinity:undefined:undefined:undefined:undefined":10,"s:94:2:94:Infinity":32,"s:94:29:94:Infinity":33,"s:95:15:95:55":34,"f:95:24:95:29":8,"s:95:35:95:44":35,"s:96:18:96:Infinity":36,"s:97:2:97:Infinity":37,"s:100:6:107:Infinity":38,"f:100:6:100:22":9,"b:101:2:101:Infinity:undefined:undefined:undefined:undefined":11,"s:101:2:101:Infinity":39,"s:101:27:101:Infinity":40,"s:103:15:103:53":41,"f:103:22:103:27":10,"s:103:33:103:42":42,"s:104:18:104:Infinity":43,"s:107:2:107:Infinity":44,"s:110:13:120:Infinity":45,"f:110:13:110:39":11,"s:111:27:111:29":46,"s:112:29:112:31":47,"s:114:2:114:Infinity":48,"s:115:2:115:Infinity":49,"s:116:2:116:Infinity":50,"s:117:2:117:Infinity":51,"s:119:2:119:Infinity":52,"s:120:2:120:Infinity":53}}}
,"C:\\Users\\jlc254\\Music\\devopssummit.africa-v3\\src\\lib\\imagekit.config.ts": {"path":"C:\\Users\\jlc254\\Music\\devopssummit.africa-v3\\src\\lib\\imagekit.config.ts","statementMap":{"0":{"start":{"line":8,"column":56},"end":{"line":11,"column":2}},"1":{"start":{"line":17,"column":2},"end":{"line":17,"column":null}},"2":{"start":{"line":20,"column":33},"end":{"line":30,"column":null}}},"fnMap":{"0":{"name":"getImageKitConfig","decl":{"start":{"line":16,"column":16},"end":{"line":16,"column":62}},"loc":{"start":{"line":16,"column":62},"end":{"line":17,"column":null}},"line":16}},"branchMap":{},"s":{"0":1,"1":0,"2":1},"f":{"0":0},"b":{},"meta":{"lastBranch":0,"lastFunction":1,"lastStatement":3,"seen":{"s:8:56:11:2":0,"f:16:16:16:62":0,"s:17:2:17:Infinity":1,"s:20:33:30:Infinity":2}}}
[...]
{"line":24,"column":6},"end":{"line":27,"column":null}},"type":"if","locations":[{"start":{"line":24,"column":6},"end":{"line":27,"column":null}},{"start":{},"end":{}}],"line":24},"2":{"loc":{"start":{"line":38,"column":4},"end":{"line":38,"column":null}},"type":"cond-expr","locations":[{"start":{"line":38,"column":27},"end":{"line":38,"column":64}},{"start":{"line":38,"column":64},"end":{"line":38,"column":null}}],"line":38},"3":{"loc":{"start":{"line":41,"column":27},"end":{"line":41,"column":null}},"type":"cond-expr","locations":[{"start":{"line":41,"column":40},"end":{"line":41,"column":59}},{"start":{"line":41,"column":59},"end":{"line":41,"column":null}}],"line":41},"4":{"loc":{"start":{"line":44,"column":2},"end":{"line":44,"column":null}},"type":"if","locations":[{"start":{"line":44,"column":2},"end":{"line":44,"column":null}},{"start":{},"end":{}}],"line":44},"5":{"loc":{"start":{"line":44,"column":21},"end":{"line":44,"column":null}},"type":"binary-expr","locations":[{"start":{"line":44,"column":21},"end":{"line":44,"column":41}},{"start":{"line":44,"column":41},"end":{"line":44,"column":null}}],"line":44},"6":{"loc":{"start":{"line":45,"column":2},"end":{"line":45,"column":null}},"type":"if","locations":[{"start":{"line":45,"column":2},"end":{"line":45,"column":null}},{"start":{},"end":{}}],"line":45}},"s":{"0":2,"1":2,"2":4,"3":4,"4":4,"5":4,"6":0,"7":4,"8":4,"9":8,"10":8,"11":8,"12":8,"13":8,"14":1,"15":7,"16":1,"17":6},"f":{"0":4,"1":8},"b":{"0":[4,0],"1":[0,4],"2":[0,8],"3":[7,1],"4":[1,7],"5":[1,0],"6":[1,6]},"meta":{"lastBranch":7,"lastFunction":2,"lastStatement":18,"seen":{"s:1:26:4:Infinity":0,"s:19:61:33:Infinity":1,"f:19:85:19:Infinity":0,"s:21:22:21:40":2,"b:22:4:29:Infinity:undefined:undefined:undefined:undefined":0,"s:22:4:29:Infinity":3,"s:23:19:23:Infinity":4,"b:24:6:27:Infinity:undefined:undefined:undefined:undefined":1,"s:24:6:27:Infinity":5,"s:25:8:27:Infinity":6,"s:29:6:29:Infinity":7,"s:31:4:31:Infinity":8,"f:36:16:36:23":1,"s:38:4:38:Infinity":9,"b:38:27:38:64:38:64:38:Infinity":2,"s:40:21:40:92":10,"s:41:27:41:Infinity":11,"b:41:40:41:59:41:59:41:Infinity":3,"s:42:16:42:65":12,"b:44:2:44:Infinity:undefined:undefined:undefined:undefined":4,"s:44:2:44:Infinity":13,"s:44:14:44:Infinity":14,"b:44:21:44:41:44:41:44:Infinity":5,"b:45:2:45:Infinity:undefined:undefined:undefined:undefined":6,"s:45:2:45:Infinity":15,"s:45:25:45:Infinity":16,"s:46:2:46:Infinity":17}}}
,"C:\\Users\\jlc254\\Music\\devopssummit.africa-v3\\src\\utils\\getInitials.ts": {"path":"C:\\Users\\jlc254\\Music\\devopssummit.africa-v3\\src\\utils\\getInitials.ts","statementMap":{"0":{"start":{"line":8,"column":2},"end":{"line":8,"column":null}},"1":{"start":{"line":8,"column":13},"end":{"line":8,"column":null}},"2":{"start":{"line":9,"column":2},"end":{"line":16,"column":null}},"3":{"start":{"line":12,"column":22},"end":{"line":12,"column":38}},"4":{"start":{"line":13,"column":16},"end":{"line":13,"column":21}}},"fnMap":{"0":{"name":"getInitials","decl":{"start":{"line":7,"column":16},"end":{"line":7,"column":28}},"loc":{"start":{"line":7,"column":50},"end":{"line":16,"column":null}},"line":7},"1":{"name":"(anonymous_1)","decl":{"start":{"line":12,"column":5},"end":{"line":12,"column":13}},"loc":{"start":{"line":12,"column":22},"end":{"line":12,"column":38}},"line":12},"2":{"name":"(anonymous_2)","decl":{"start":{"line":13,"column":5},"end":{"line":13,"column":10}},"loc":{"start":{"line":13,"column":16},"end":{"line":13,"column":21}},"line":13}},"branchMap":{"0":{"loc":{"start":{"line":8,"column":2},"end":{"line":8,"column":null}},"type":"if","locations":[{"start":{"line":8,"column":2},"end":{"line":8,"column":null}},{"start":{},"end":{}}],"line":8}},"s":{"0":7,"1":2,"2":5,"3":9,"4":9},"f":{"0":7,"1":9,"2":9},"b":{"0":[2,5]},"meta":{"lastBranch":1,"lastFunction":3,"lastStatement":5,"seen":{"f:7:16:7:28":0,"b:8:2:8:Infinity:undefined:undefined:undefined:undefined":0,"s:8:2:8:Infinity":0,"s:8:13:8:Infinity":1,"s:9:2:16:Infinity":2,"f:12:5:12:13":1,"s:12:22:12:38":3,"f:13:5:13:10":2,"s:13:16:13:21":4}}}
,"C:\\Users\\jlc254\\Music\\devopssummit.africa-v3\\src\\utils\\imagekit.utils.ts": {"path":"C:\\Users\\jlc254\\Music\\devopssummit.africa-v3\\src\\utils\\imagekit.utils.ts","statementMap":{"0":{"start":{"line":7,"column":33},"end":{"line":7,"column":null}},"1":{"start":{"line":9,"column":42},"end":{"line":34,"column":null}},"2":{"start":{"line":37,"column":2},"end":{"line":37,"column":null}},"3":{"start":{"line":37,"column":13},"end":{"line":37,"column":null}},"4":{"start":{"line":38,"column":26},"end":{"line":38,"column":28}},"5":{"start":{"line":39,"column":2},"end":{"line":51,"column":null}},"6":{"start":{"line":40,"column":4},"end":{"line":40,"column":null}},"7":{"start":{"line":40,"column":40},"end":{"line":40,"column":null}},"8":{"start":{"line":41,"column":18},"end":{"line":41,"column":null}},"9":{"start":{"line":42,"column":4},"end":{"line":46,"column":null}},"10":{"start":{"line":43,"column":6},"end":{"line":44,"column":null}},"11":{"start":{"line":44,"column":8},"end":{"line":44,"column":null}},"12":{"start":{"line":46,"column":6},"end":{"line":46,"column":null}},"13":{"start":{"line":48,"column":4},"end":{"line":51,"column":null}},"14":{"start":{"line":49,"column":6},"end":{"line":49,"column":null}},"15":{"start":{"line":49,"column":17},"end":{"line":49,"column":null}},"16":{"start":{"line":51,"column":6},"end":{"line":51,"column":null}},"17":{"start":{"line":54,"column":2},"end":{"line":54,"column":null}},"18":{"start":{"line":61,"column":19},"end":{"line":61,"column":null}},"19":{"start":{"line":62,"column":2},"end":{"line":62,"column":null}},"20":{"start":{"line":62,"column":23},"end":{"line":62,"column":null}},"21":{"start":{"line":63,"column":26},"end":{"line":63,"column":91}},"22":{"start":{"line":64,"column":19},"end":{"line":64,"column":75}},"23":{"start":{"line":65,"column":2},"end":{"line":65,"column":null}},"24":{"start":{"line":65,"column":17},"end":{"line":65,"column":null}},"25":{"start":{"line":66,"column":2},"end":{"line":66,"column":null}},"26":{"start":{"line":74,"column":2},"end":{"line":82,"column":null}},"27":{"start":{"line":76,"column":18},"end":{"line":79,"column":8}},"28":{"start":{"line":80,"column":6},"end":{"line":80,"column":null}},"29":{"start":{"line":90,"column":2},"end":{"line":95,"column":null}},"30":{"start":{"line":99,"column":2},"end":{"line":107,"column":null}},"31":{"start":{"line":111,"column":2},"end":{"line":118,"column":null}},"32":{"start":{"line":139,"column":2},"end":{"line":148,"column":null}},"33":{"start":{"line":141,"column":11},"end":{"line":141,"column":56}},"34":{"start":{"line":142,"column":39},"end":{"line":142,"column":97}},"35":{"start":{"line":144,"column":6},"end":{"line":144,"column":71}},"36":{"start":{"line":145,"column":39},"end":{"line":145,"column":92}},"37":{"start":{"line":146,"column":32},"end":{"line":146,"column":78}},"38":{"start":{"line":147,"column":22},"end":{"line":147,"column":null}}},"fnMap":{"0":{"name":"serialise","decl":{"start":{"line":36,"column":9},"end":{"line":36,"column":19}},"loc":{"start":{"line":36,"column":54},"end":{"line":54,"column":null}},"line":36},"1":{"name":"buildImageKitUrl","decl":{"start":{"line":57,"column":16},"end":{"line":57,"column":null}},"loc":{"start":{"line":60,"column":10},"end":{"line":66,"column":null}},"line":60},"2":{"name":"buildSrcSet","decl":{"start":{"line":69,"column":16},"end":{"line":69,"column":null}},"loc":{"start":{"line":73,"column":10},"end":{"line":82,"column":null}},"line":73},"3":{"name":"(anonymous_3)","decl":{"start":{"line":75,"column":5},"end":{"line":75,"column":10}},"loc":{"start":{"line":75,"column":16},"end":{"line":81,"column":null}},"line":75},"4":{"name":"buildLqipUrl","decl":{"start":{"line":85,"column":16},"end":{"line":85,"column":null}},"loc":{"start":{"line":89,"column":10},"end":{"line":95,"column":null}},"line":89},"5":{"name":"buildAvatarUrl","decl":{"start":{"line":98,"column":16},"end":{"line":98,"column":31}},"loc":{"start":{"line":98,"column":72},"end":{"line":107,"column":null}},"line":98},"6":{"name":"buildOgImageUrl","decl":{"start":{"line":110,"column":16},"end":{"line":110,"column":32}},"loc":{"start":{"line":110,"column":54},"end":{"line":118,"column":null}},"line":110},"7":{"name":"createFolderScope","decl":{"start":{"line":138,"column":16},"end":{"line":138,"column":34}},"loc":{"start":{"line":138,"column":69},"end":{"line":148,"column":null}},"line":138},"8":{"name":"(anonymous_8)","decl":{"start":{"line":141,"column":4},"end":{"line":141,"column":11}},"loc":{"start":{"line":141,"column":11},"end":{"line":141,"column":56}},"line":141},"9":{"name":"(anonymous_9)","decl":{"start":{"line":142,"column":4},"end":{"line":142,"column":10}},"loc":{"start":{"line":142,"column":39},"end":{"line":142,"column":97}},"line":142},"10":{"name":"(anonymous_10)","decl":{"start":{"line":143,"column":4},"end":{"line":143,"column":13}},"loc":{"start":{"line":144,"column":6},"end":{"line":144,"column":71}},"line":144},"11":{"name":"(anonymous_11)","decl":{"start":{"line":145,"column":4},"end":{"line":145,"column":11}},"loc":{"start":{"line":145,"column":39},"end":{"line":145,"column":92}},"line":145},"12":{"name":"(anonymous_12)","decl":{"start":{"line":146,"column":4},"end":{"line":146,"column":13}},"loc":{"start":{"line":146,"column":32},"end":{"line":146,"column":78}},"line":146},"13":{"name":"(anonymous_13)","decl":{"start":{"line":147,"column":4},"end":{"line":147,"column":9}},"loc":{"start":{"line":147,"column":22},"end":{"line":147,"column":null}},"line":147}},"branchMap":{"0":{"loc":{"start":{"line":37,"column":2},"end":{"line":37,"column":null}},"type":"if","locations":[{"start":{"line":37,"column":2},"end":{"line":37,"column":null}},{"start":{},"end":{}}],"line":37},"1":{"loc":{"start":{"line":40,"column":4},"end":{"line":40,"column":null}},"type":"if","locations":[{"start":{"line":40,"column":4},"end":{"line":40,"column":null}},{"start":{},"end":{}}],"line":40},"2":{"loc":{"start":{"line":40,"column":8},"end":{"line":40,"column":40}},"type":"binary-expr","locations":[{"start":{"line":40,"column":8},"end":{"line":40,"column":25}},{"start":{"line":40,"column":25},"end":{"line":40,"column":40}}],"line":40},"3":{"loc":{"start":{"line":42,"column":4},"end":{"line":46,"column":null}},"type":"if","locations":[{"start":{"line":42,"column":4},"end":{"line":46,"column":null}},{"start":{},"end":{}}],"line":42},"4":{"loc":{"start":{"line":43,"column":6},"end":{"line":44,"column":null}},"type":"if","locations":[{"start":{"line":43,"column":6},"end":{"line":44,"column":null}},{"start":{},"end":{}}],"line":43},"5":{"loc":{"start":{"line":48,"column":4},"end":{"line":51,"column":null}},"type":"if","locations":[{"start":{"line":48,"column":4},"end":{"line":51,"column":null}},{"start":{"line":50,"column":11},"end":{"line":51,"column":null}}],"line":48},"6":{"loc":{"start":{"line":49,"column":6},"end":{"line":49,"column":null}},"type":"if","locations":[{"start":{"line":49,"column":6},"end":{"line":49,"column":null}},{"start":{},"end":{}}],"line":49},"7":{"loc":{"start":{"line":61,"column":19},"end":{"line":61,"column":null}},"type":"cond-expr","locations":[{"start":{"line":61,"column":42},"end":{"line":61,"column":49}},{"start":{"line":61,"column":49},"end":{"line":61,"column":null}}],"line":61},"8":{"loc":{"start":{"line":62,"column":2},"end":{"line":62,"column":null}},"type":"if","locations":[{"start":{"line":62,"column":2},"end":{"line":62,"column":null}},{"start":{},"end":{}}],"line":62},"9":{"loc":{"start":{"line":63,"column":26},"end":{"line":63,"column":91}},"type":"cond-expr","locations":[{"start":{"line":63,"column":58},"end":{"line":63,"column":75}},{"start":{"line":63,"column":75},"end":{"line":63,"column":91}}],"line":63},"10":{"loc":{"start":{"line":65,"column":2},"end":{"line":65,"column":null}},"type":"if","locations":[{"start":{"line":65,"column":2},"end":{"line":65,"column":null}},{"start":{},"end":{}}],"line":65},"11":{"loc":{"start":{"line":71,"column":2},"end":{"line":71,"column":70}},"type":"default-arg","locations":[{"start":{"line":71,"column":30},"end":{"line":71,"column":70}}],"line":71},"12":{"loc":{"start":{"line":87,"column":2},"end":{"line":87,"column":null}},"type":"default-arg","locations":[{"start":{"line":87,"column":20},"end":{"line":87,"column":null}}],"line":87},"13":{"loc":{"start":{"line":88,"column":2},"end":{"line":88,"column":null}},"type":"default-arg","locations":[{"start":{"line":88,"column":17},"end":{"line":88,"column":null}}],"line":88},"14":{"loc":{"start":{"line":98,"column":45},"end":{"line":98,"column":72}},"type":"default-arg","locations":[{"start":{"line":98,"column":60},"end":{"line":98,"column":72}}],"line":98}},"s":{"0":1,"1":1,"2":18,"3":0,"4":18,"5":18,"6":30,"7":0,"8":30,"9":30,"10":0,"11":0,"12":0,"13":30,"14":0,"15":0,"16":30,"17":18,"18":24,"19":24,"20":2,"21":18,"22":24,"23":24,"24":2,"25":16,"26":5,"27":8,"28":8,"29":6,"30":0,"31":0,"32":0,"33":0,"34":0,"35":0,"36":0,"37":0,"38":0},"f":{"0":18,"1":24,"2":5,"3":8,"4":6,"5":0,"6":0,"7":0,"8":0,"9":0,"10":0,"11":0,"12":0,"13":0},"b":{"0":[0,18],"1":[0,30],"2":[30,30],"3":[0,30],"4":[0,0],"5":[0,30],"6":[0,0],"7":[18,2],"8":[2,22],"9":[2,16],"10":[2,22],"11":[5],"12":[6],"13":[6],"14":[0]},"meta":{"lastBranch":15,"lastFunction":14,"lastStatement":39,"seen":{"s:7:33:7:Infinity":0,"s:9:42:34:Infinity":1,"f:36:9:36:19":0,"b:37:2:37:Infinity:undefined:undefined:undefined:undefined":0,"s:37:2:37:Infinity":2,"s:37:13:37:Infinity":3,"s:38:26:38:28":4,"s:39:2:51:Infinity":5,"b:40:4:40:Infinity:undefined:undefined:undefined:undefined":1,"s:40:4:40:Infinity":6,"b:40:8:40:25:40:25:40:40":2,"s:40:40:40:Infinity":7,"s:41:18:41:Infinity":8,"b:42:4:46:Infinity:undefined:undefined:undefined:undefined":3,"s:42:4:46:Infinity":9,"b:43:6:44:Infinity:undefined:undefined:undefined:undefined":4,"s:43:6:44:Infinity":10,"s:44:8:44:Infinity":11,"s:46:6:46:Infinity":12,"b:48:4:51:Infinity:50:11:51:Infinity":5,"s:48:4:51:Infinity":13,"b:49:6:49:Infinity:undefined:undefined:undefined:undefined":6,"s:49:6:49:Infinity":14,"s:49:17:49:Infinity":15,"s:51:6:51:Infinity":16,"s:54:2:54:Infinity":17,"f:57:16:57:Infinity":1,"s:61:19:61:Infinity":18,"b:61:42:61:49:61:49:61:Infinity":7,"b:62:2:62:Infinity:undefined:undefined:undefined:undefined":8,"s:62:2:62:Infinity":19,"s:62:23:62:Infinity":20,"s:63:26:63:91":21,"b:63:58:63:75:63:75:63:91":9,"s:64:19:64:75":22,"b:65:2:65:Infinity:undefined:undefined:undefined:undefined":10,"s:65:2:65:Infinity":23,"s:65:17:65:Infinity":24,"s:66:2:66:Infinity":25,"f:69:16:69:Infinity":2,"b:71:30:71:70":11,"s:74:2:82:Infinity":26,"f:75:5:75:10":3,"s:76:18:79:8":27,"s:80:6:80:Infinity":28,"f:85:16:85:Infinity":4,"b:87:20:87:Infinity":12,"b:88:17:88:Infinity":13,"s:90:2:95:Infinity":29,"f:98:16:98:31":5,"b:98:60:98:72":14,"s:99:2:107:Infinity":30,"f:110:16:110:32":6,"s:111:2:118:Infinity":31,"f:138:16:138:34":7,"s:139:2:148:Infinity":32,"f:141:4:141:11":8,"s:141:11:141:56":33,"f:142:4:142:10":9,"s:142:39:142:97":34,"f:143:4:143:13":10,"s:144:6:144:71":35,"f:145:4:145:11":11,"s:145:39:145:92":36,"f:146:4:146:13":12,"s:146:32:146:78":37,"f:147:4:147:9":13,"s:147:22:147:Infinity":38}}}
,"C:\\Users\\jlc254\\Music\\devopssummit.africa-v3\\src\\utils\\sanitize.ts": {"path":"C:\\Users\\jlc254\\Music\\devopssummit.africa-v3\\src\\utils\\sanitize.ts","statementMap":{"0":{"start":{"line":8,"column":13},"end":{"line":14,"column":null}},"1":{"start":{"line":9,"column":2},"end":{"line":14,"column":null}},"2":{"start":{"line":21,"column":13},"end":{"line":22,"column":null}},"3":{"start":{"line":22,"column":2},"end":{"line":22,"column":null}},"4":{"start":{"line":29,"column":13},"end":{"line":48,"column":null}},"5":{"start":{"line":30,"column":2},"end":{"line":30,"column":null}},"6":{"start":{"line":30,"column":12},"end":{"line":30,"column":null}},"7":{"start":{"line":33,"column":21},"end":{"line":33,"column":45}},"8":{"start":{"line":34,"column":2},"end":{"line":35,"column":null}},"9":{"start":{"line":35,"column":4},"end":{"line":35,"column":null}},"10":{"start":{"line":39,"column":2},"end":{"line":40,"column":null}},"11":{"start":{"line":40,"column":4},"end":{"line":40,"column":null}},"12":{"start":{"line":43,"column":2},"end":{"line":48,"column":null}},"13":{"start":{"line":44,"column":19},"end":{"line":44,"column":31}},"14":{"start":{"line":45,"column":4},"end":{"line":45,"column":null}},"15":{"start":{"line":48,"column":4},"end":{"line":48,"column":null}},"16":{"start":{"line":55,"column":13},"end":{"line":56,"column":null}},"17":{"start":{"line":56,"column":2},"end":{"line":56,"column":null}}},"fnMap":{"0":{"name":"(anonymous_0)","decl":{"start":{"line":8,"column":13},"end":{"line":8,"column":29}},"loc":{"start":{"line":8,"column":55},"end":{"line":14,"column":null}},"line":8},"1":{"name":"(anonymous_1)","decl":{"start":{"line":21,"column":13},"end":{"line":21,"column":29}},"loc":{"start":{"line":21,"column":55},"end":{"line":22,"column":null}},"line":21},"2":{"name":"(anonymous_2)","decl":{"start":{"line":29,"column":13},"end":{"line":29,"column":26}},"loc":{"start":{"line":29,"column":51},"end":{"line":48,"column":null}},"line":29},"3":{"name":"(anonymous_3)","decl":{"start":{"line":55,"column":13},"end":{"line":55,"column":28}},"loc":{"start":{"line":55,"column":68},"end":{"line":56,"column":null}},"line":55}},"branchMap":{"0":{"loc":{"start":{"line":30,"column":2},"end":{"line":30,"column":null}},"type":"if","locations":[{"start":{"line":30,"column":2},"end":{"line":30,"column":null}},{"start":{},"end":{}}],"line":30},"1":{"loc":{"start":{"line":34,"column":2},"end":{"line":35,"column":null}},"type":"if","locations":[{"start":{"line":34,"column":2},"end":{"line":35,"column":null}},{"start":{},"end":{}}],"line":34},"2":{"loc":{"start":{"line":34,"column":6},"end":{"line":34,"column":71}},"type":"binary-expr","locations":[{"start":{"line":34,"column":6},"end":{"line":34,"column":38}},{"start":{"line":34,"column":42},"end":{"line":34,"column":71}}],"line":34},"3":{"loc":{"start":{"line":39,"column":2},"end":{"line":40,"column":null}},"type":"if","locations":[{"start":{"line":39,"column":2},"end":{"line":40,"column":null}},{"start":{},"end":{}}],"line":39},"4":{"loc":{"start":{"line":48,"column":11},"end":{"line":48,"column":53}},"type":"binary-expr","locations":[{"start":{"line":48,"column":11},"end":{"line":48,"column":30}},{"start":{"line":48,"column":34},"end":{"line":48,"column":53}}],"line":48},"5":{"loc":{"start":{"line":55,"column":41},"end":{"line":55,"column":68}},"type":"default-arg","locations":[{"start":{"line":55,"column":52},"end":{"line":55,"column":68}}],"line":55},"6":{"loc":{"start":{"line":56,"column":9},"end":{"line":56,"column":null}},"type":"cond-expr","locations":[{"start":{"line":56,"column":26},"end":{"line":56,"column":32}},{"start":{"line":56,"column":32},"end":{"line":56,"column":null}}],"line":56}},"s":{"0":1,"1":0,"2":1,"3":0,"4":1,"5":4,"6":0,"7":4,"8":4,"9":0,"10":4,"11":0,"12":4,"13":4,"14":4,"15":0,"16":1,"17":4},"f":{"0":0,"1":0,"2":4,"3":4},"b":{"0":[0,4],"1":[0,4],"2":[4,4],"3":[0,4],"4":[0,0],"5":[4],"6":[4,0]},"meta":{"lastBranch":7,"lastFunction":4,"lastStatement":18,"seen":{"s:8:13:14:Infinity":0,"f:8:13:8:29":0,"s:9:2:14:Infinity":1,"s:21:13:22:Infinity":2,"f:21:13:21:29":1,"s:22:2:22:Infinity":3,"s:29:13:48:Infinity":4,"f:29:13:29:26":2,"b:30:2:30:Infinity:undefined:undefined:undefined:undefined":0,"s:30:2:30:Infinity":5,"s:30:12:30:Infinity":6,"s:33:21:33:45":7,"b:34:2:35:Infinity:undefined:undefined:undefined:undefined":1,"s:34:2:35:Infinity":8,"b:34:6:34:38:34:42:34:71":2,"s:35:4:35:Infinity":9,"b:39:2:40:Infinity:undefined:undefined:undefined:undefined":3,"s:39:2:40:Infinity":10,"s:40:4:40:Infinity":11,"s:43:2:48:Infinity":12,"s:44:19:44:31":13,"s:45:4:45:Infinity":14,"s:48:4:48:Infinity":15,"b:48:11:48:30:48:34:48:53":4,"s:55:13:56:Infinity":16,"f:55:13:55:28":3,"b:55:52:55:68":5,"s:56:2:56:Infinity":17,"b:56:26:56:32:56:32:56:Infinity":6}}}
}
