{"C:\\Users\\jlc254\\Music\\devopssummit.africa-v3\\src\\components\\SafeLink.tsx": {"path":"C:\\Users\\jlc254\\Music\\devopssummit.africa-v3\\src\\components\\SafeLink.tsx","statementMap":{"0":{"start":{"line":13,"column":24},"end":{"line":39,"column":null}},"1":{"start":{"line":14,"column":8},"end":{"line":14,"column":null}},"2":{"start":{"line":16,"column":21},"end":{"line":24,"column":null}},"3":{"start":{"line":17,"column":4},"end":{"line":23,"column":null}},"4":{"start":{"line":18,"column":6},"end":{"line":18,"column":null}},"5":{"start":{"line":18,"column":40},"end":{"line":18,"column":null}},"6":{"start":{"line":19,"column":18},"end":{"line":19,"column":null}},"7":{"start":{"line":20,"column":6},"end":{"line":20,"column":null}},"8":{"start":{"line":22,"column":6},"end":{"line":22,"column":null}},"9":{"start":{"line":26,"column":2},"end":{"line":36,"column":null}}},"fnMap":{"0":{"name":"(anonymous_0)","decl":{"start":{"line":13,"column":24},"end":{"line":13,"column":25}},"loc":{"start":{"line":13,"column":68},"end":{"line":39,"column":null}},"line":13},"1":{"name":"(anonymous_1)","decl":{"start":{"line":16,"column":35},"end":{"line":16,"column":null}},"loc":{"start":{"line":16,"column":35},"end":{"line":24,"column":5}},"line":16}},"branchMap":{"0":{"loc":{"start":{"line":18,"column":6},"end":{"line":18,"column":null}},"type":"if","locations":[{"start":{"line":18,"column":6},"end":{"line":18,"column":null}},{"start":{},"end":{}}],"line":18},"1":{"loc":{"start":{"line":30,"column":11},"end":{"line":33,"column":7}},"type":"binary-expr","locations":[{"start":{"line":30,"column":11},"end":{"line":30,"column":25}},{"start":{"line":30,"column":25},"end":{"line":33,"column":7}}],"line":30},"2":{"loc":{"start":{"line":36,"column":7},"end":{"line":36,"column":null}},"type":"binary-expr","locations":[{"start":{"line":36,"column":7},"end":{"line":36,"column":21}},{"start":{"line":36,"column":7},"end":{"line":36,"column":null}}],"line":36}},"s":{"0":1,"1":4,"2":4,"3":4,"4":4,"5":0,"6":4,"7":4,"8":0,"9":4},"f":{"0":4,"1":4},"b":{"0":[0,4],"1":[4,4],"2":[4,4]},"meta":{"lastBranch":3,"lastFunction":2,"lastStatement":10,"seen":{"s:13:24:39:Infinity":0,"f:13:24:13:25":0,"s:14:8:14:Infinity":1,"s:16:21:24:Infinity":2,"f:16:35:16:Infinity":1,"s:17:4:23:Infinity":3,"b:18:6:18:Infinity:undefined:undefined:undefined:undefined":0,"s:18:6:18:Infinity":4,"s:18:40:18:Infinity":5,"s:19:18:19:Infinity":6,"s:20:6:20:Infinity":7,"s:22:6:22:Infinity":8,"s:26:2:36:Infinity":9,"b:30:11:30:25:30:25:33:7":1,"b:36:7:36:21:36:7:36:Infinity":2}}}
,"C:\\Users\\jlc254\\Music\\devopssummit.africa-v3\\src\\components\\landing\\Hero.tsx": {"path":"C:\\Users\\jlc254\\Music\\devopssummit.africa-v3\\src\\components\\landing\\Hero.tsx","statementMap":{"0":{"start":{"line":6,"column":20},"end":{"line":6,"column":null}},"1":{"start":{"line":8,"column":19},"end":{"line":8,"column":null}},"2":{"start":{"line":11,"column":31},"end":{"line":11,"column":null}},"3":{"start":{"line":12,"column":2},"end":{"line":26,"column":null}},"4":{"start":{"line":13,"column":4},"end":{"line":13,"column":37}},"5":{"start":{"line":13,"column":29},"end":{"line":13,"column":37}},"6":{"start":{"line":14,"column":17},"end":{"line":22,"column":null}},"7":{"start":{"line":15,"column":19},"end":{"line":15,"column":null}},"8":{"start":{"line":16,"column":6},"end":{"line":21,"column":null}},"9":{"start":{"line":23,"column":4},"end":{"line":23,"column":null}},"10":{"start":{"line":24,"column":15},"end":{"line":24,"column":null}},"11":{"start":{"line":25,"column":4},"end":{"line":25,"column":null}},"12":{"start":{"line":25,"column":17},"end":{"line":25,"column":null}},"13":{"start":{"line":27,"column":2},"end":{"line":27,"column":null}},"14":{"start":{"line":30,"column":33},"end":{"line":102,"column":null}},"15":{"start":{"line":31,"column":8},"end":{"line":31,"column":null}},"16":{"start":{"line":33,"column":2},"end":{"line":99,"column":null}},"17":{"start":{"line":34,"column":19},"end":{"line":34,"column":36}},"18":{"start":{"line":35,"column":16},"end":{"line":35,"column":null}},"19":{"start":{"line":37,"column":94},"end":{"line":37,"column":96}},"20":{"start":{"line":39,"column":19},"end":{"line":42,"column":null}},"21":{"start":{"line":40,"column":6},"end":{"line":40,"column":null}},"22":{"start":{"line":41,"column":6},"end":{"line":41,"column":null}},"23":{"start":{"line":44,"column":17},"end":{"line":55,"column":null}},"24":{"start":{"line":45,"column":6},"end":{"line":45,"column":null}},"25":{"start":{"line":46,"column":20},"end":{"line":46,"column":null}},"26":{"start":{"line":47,"column":6},"end":{"line":54,"column":null}},"27":{"start":{"line":47,"column":55},"end":{"line":54,"column":null}},"28":{"start":{"line":57,"column":17},"end":{"line":90,"column":null}},"29":{"start":{"line":58,"column":6},"end":{"line":58,"column":null}},"30":{"start":{"line":59,"column":22},"end":{"line":59,"column":null}},"31":{"start":{"line":60,"column":6},"end":{"line":88,"column":null}},"32":{"start":{"line":60,"column":19},"end":{"line":60,"column":22}},"33":{"start":{"line":61,"column":18},"end":{"line":61,"column":30}},"34":{"start":{"line":62,"column":8},"end":{"line":62,"column":null}},"35":{"start":{"line":63,"column":8},"end":{"line":63,"column":null}},"36":{"start":{"line":64,"column":8},"end":{"line":64,"column":null}},"37":{"start":{"line":64,"column":21},"end":{"line":64,"column":null}},"38":{"start":{"line":65,"column":8},"end":{"line":65,"column":null}},"39":{"start":{"line":65,"column":32},"end":{"line":65,"column":null}},"40":{"start":{"line":66,"column":8},"end":{"line":66,"column":null}},"41":{"start":{"line":66,"column":21},"end":{"line":66,"column":null}},"42":{"start":{"line":67,"column":8},"end":{"line":67,"column":null}},"43":{"start":{"line":67,"column":33},"end":{"line":67,"column":null}},"44":{"start":{"line":69,"column":8},"end":{"line":69,"column":null}},"45":{"start":{"line":70,"column":8},"end":{"line":70,"column":null}},"46":{"start":{"line":71,"column":8},"end":{"line":71,"column":null}},"47":{"start":{"line":72,"column":8},"end":{"line":72,"column":null}},"48":{"start":{"line":74,"column":8},"end":{"line":87,"column":null}},"49":{"start":{"line":74,"column":21},"end":{"line":74,"column":28}},"50":{"start":{"line":75,"column":20},"end":{"line":75,"column":32}},"51":{"start":{"line":76,"column":21},"end":{"line":76,"column":30}},"52":{"start":{"line":77,"column":21},"end":{"line":77,"column":30}},"53":{"start":{"line":78,"column":23},"end":{"line":78,"column":null}},"54":{"start":{"line":79,"column":10},"end":{"line":86,"column":null}},"55":{"start":{"line":80,"column":12},"end":{"line":80,"column":null}},"56":{"start":{"line":81,"column":12},"end":{"line":81,"column":null}},"57":{"start":{"line":82,"column":12},"end":{"line":82,"column":null}},"58":{"start":{"line":83,"column":12},"end":{"line":83,"column":null}},"59":{"start":{"line":84,"column":12},"end":{"line":84,"column":null}},"60":{"start":{"line":85,"column":12},"end":{"line":85,"column":null}},"61":{"start":{"line":89,"column":6},"end":{"line":89,"column":null}},"62":{"start":{"line":92,"column":4},"end":{"line":92,"column":null}},"63":{"start":{"line":93,"column":4},"end":{"line":93,"column":null}},"64":{"start":{"line":94,"column":4},"end":{"line":94,"column":null}},"65":{"start":{"line":95,"column":4},"end":{"line":98,"column":null}},"66":{"start":{"line":96,"column":6},"end":{"line":96,"column":null}},"67":{"start":{"line":97,"column":6},"end":{"line":97,"column":null}},"68":{"start":{"line":101,"column":2},"end":{"line":101,"column":null}},"69":{"start":{"line":103,"column":0},"end":{"line":103,"column":null}},"70":{"start":{"line":105,"column":66},"end":{"line":111,"column":null}},"71":{"start":{"line":105,"column":83},"end":{"line":111,"column":null}},"72":{"start":{"line":116,"column":23},"end":{"line":246,"column":null}},"73":{"start":{"line":117,"column":44},"end":{"line":117,"column":null}},"74":{"start":{"line":118,"column":8},"end":{"line":118,"column":null}},"75":{"start":{"line":120,"column":2},"end":{"line":238,"column":null}}},"fnMap":{"0":{"name":"useCountdown","decl":{"start":{"line":10,"column":9},"end":{"line":10,"column":null}},"loc":{"start":{"line":10,"column":9},"end":{"line":28,"column":null}},"line":10},"1":{"name":"(anonymous_1)","decl":{"start":{"line":12,"column":12},"end":{"line":12,"column":null}},"loc":{"start":{"line":12,"column":12},"end":{"line":26,"column":5}},"line":12},"2":{"name":"(anonymous_2)","decl":{"start":{"line":14,"column":17},"end":{"line":14,"column":null}},"loc":{"start":{"line":14,"column":17},"end":{"line":22,"column":null}},"line":14},"3":{"name":"(anonymous_3)","decl":{"start":{"line":25,"column":11},"end":{"line":25,"column":17}},"loc":{"start":{"line":25,"column":17},"end":{"line":25,"column":null}},"line":25},"4":{"name":"(anonymous_4)","decl":{"start":{"line":30,"column":44},"end":{"line":30,"column":null}},"loc":{"start":{"line":30,"column":44},"end":{"line":102,"column":null}},"line":30},"5":{"name":"(anonymous_5)","decl":{"start":{"line":33,"column":12},"end":{"line":33,"column":null}},"loc":{"start":{"line":33,"column":12},"end":{"line":99,"column":5}},"line":33},"6":{"name":"(anonymous_6)","decl":{"start":{"line":39,"column":19},"end":{"line":39,"column":null}},"loc":{"start":{"line":39,"column":19},"end":{"line":42,"column":null}},"line":39},"7":{"name":"(anonymous_7)","decl":{"start":{"line":44,"column":17},"end":{"line":44,"column":null}},"loc":{"start":{"line":44,"column":17},"end":{"line":55,"column":null}},"line":44},"8":{"name":"(anonymous_8)","decl":{"start":{"line":47,"column":48},"end":{"line":47,"column":55}},"loc":{"start":{"line":47,"column":55},"end":{"line":54,"column":null}},"line":47},"9":{"name":"(anonymous_9)","decl":{"start":{"line":57,"column":17},"end":{"line":57,"column":null}},"loc":{"start":{"line":57,"column":17},"end":{"line":90,"column":null}},"line":57},"10":{"name":"(anonymous_10)","decl":{"start":{"line":95,"column":11},"end":{"line":95,"column":null}},"loc":{"start":{"line":95,"column":11},"end":{"line":98,"column":null}},"line":95},"11":{"name":"(anonymous_11)","decl":{"start":{"line":105,"column":66},"end":{"line":105,"column":67}},"loc":{"start":{"line":105,"column":83},"end":{"line":111,"column":null}},"line":105},"12":{"name":"(anonymous_12)","decl":{"start":{"line":116,"column":23},"end":{"line":116,"column":null}},"loc":{"start":{"line":116,"column":23},"end":{"line":246,"column":null}},"line":116}},"branchMap":{"0":{"loc":{"start":{"line":8,"column":19},"end":{"line":8,"column":null}},"type":"cond-expr","locations":[{"start":{"line":8,"column":40},"end":{"line":8,"column":47}},{"start":{"line":8,"column":47},"end":{"line":8,"column":null}}],"line":8},"1":{"loc":{"start":{"line":13,"column":4},"end":{"line":13,"column":37}},"type":"if","locations":[{"start":{"line":13,"column":4},"end":{"line":13,"column":37}},{"start":{},"end":{}}],"line":13},"2":{"loc":{"start":{"line":64,"column":8},"end":{"line":64,"column":null}},"type":"if","locations":[{"start":{"line":64,"column":8},"end":{"line":64,"column":null}},{"start":{},"end":{}}],"line":64},"3":{"loc":{"start":{"line":65,"column":8},"end":{"line":65,"column":null}},"type":"if","locations":[{"start":{"line":65,"column":8},"end":{"line":65,"column":null}},{"start":{},"end":{}}],"line":65},"4":{"loc":{"start":{"line":66,"column":8},"end":{"line":66,"column":null}},"type":"if","locations":[{"start":{"line":66,"column":8},"end":{"line":66,"column":null}},{"start":{},"end":{}}],"line":66},"5":{"loc":{"start":{"line":67,"column":8},"end":{"line":67,"column":null}},"type":"if","locations":[{"start":{"line":67,"column":8},"end":{"line":67,"column":null}},{"start":{},"end":{}}],"line":67},"6":{"loc":{"start":{"line":79,"column":10},"end":{"line":86,"column":null}},"type":"if","locations":[{"start":{"line":79,"column":10},"end":{"line":86,"column":null}},{"start":{},"end":{}}],"line":79},"7":{"loc":{"start":{"line":198,"column":13},"end":{"line":214,"column":null}},"type":"cond-expr","locations":[{"start":{"line":198,"column":28},"end":{"line":201,"column":null}},{"start":{"line":201,"column":14},"end":{"line":214,"column":null}}],"line":198}},"s":{"0":1,"1":1,"2":8,"3":8,"4":4,"5":0,"6":4,"7":4,"8":4,"9":4,"10":4,"11":4,"12":4,"13":8,"14":1,"15":4,"16":4,"17":4,"18":4,"19":4,"20":4,"21":4,"22":4,"23":4,"24":4,"25":4,"26":4,"27":0,"28":4,"29":4,"30":4,"31":4,"32":4,"33":0,"34":0,"35":0,"36":0,"37":0,"38":0,"39":0,"40":0,"41":0,"42":0,"43":0,"44":0,"45":0,"46":0,"47":0,"48":0,"49":0,"50":0,"51":0,"52":0,"53":0,"54":0,"55":0,"56":0,"57":0,"58":0,"59":0,"60":0,"61":4,"62":4,"63":4,"64":4,"65":4,"66":4,"67":4,"68":4,"69":1,"70":1,"71":32,"72":1,"73":8,"74":8,"75":8},"f":{"0":8,"1":4,"2":4,"3":4,"4":4,"5":4,"6":4,"7":4,"8":0,"9":4,"10":4,"11":32,"12":8},"b":{"0":[0,1],"1":[0,4],"2":[0,0],"3":[0,0],"4":[0,0],"5":[0,0],"6":[0,0],"7":[0,8]},"meta":{"lastBranch":8,"lastFunction":13,"lastStatement":76,"seen":{"s:6:20:6:Infinity":0,"s:8:19:8:Infinity":1,"b:8:40:8:47:8:47:8:Infinity":0,"f:10:9:10:Infinity":0,"s:11:31:11:Infinity":2,"s:12:2:26:Infinity":3,"f:12:12:12:Infinity":1,"b:13:4:13:37:undefined:undefined:undefined:undefined":1,"s:13:4:13:37":4,"s:13:29:13:37":5,"s:14:17:22:Infinity":6,"f:14:17:14:Infinity":2,"s:15:19:15:Infinity":7,"s:16:6:21:Infinity":8,"s:23:4:23:Infinity":9,"s:24:15:24:Infinity":10,"s:25:4:25:Infinity":11,"f:25:11:25:17":3,"s:25:17:25:Infinity":12,"s:27:2:27:Infinity":13,"s:30:33:102:Infinity":14,"f:30:44:30:Infinity":4,"s:31:8:31:Infinity":15,"s:33:2:99:Infinity":16,"f:33:12:33:Infinity":5,"s:34:19:34:36":17,"s:35:16:35:Infinity":18,"s:37:94:37:96":19,"s:39:19:42:Infinity":20,"f:39:19:39:Infinity":6,"s:40:6:40:Infinity":21,"s:41:6:41:Infinity":22,"s:44:17:55:Infinity":23,"f:44:17:44:Infinity":7,"s:45:6:45:Infinity":24,"s:46:20:46:Infinity":25,"s:47:6:54:Infinity":26,"f:47:48:47:55":8,"s:47:55:54:Infinity":27,"s:57:17:90:Infinity":28,"f:57:17:57:Infinity":9,"s:58:6:58:Infinity":29,"s:59:22:59:Infinity":30,"s:60:6:88:Infinity":31,"s:60:19:60:22":32,"s:61:18:61:30":33,"s:62:8:62:Infinity":34,"s:63:8:63:Infinity":35,"b:64:8:64:Infinity:undefined:undefined:undefined:undefined":2,"s:64:8:64:Infinity":36,"s:64:21:64:Infinity":37,"b:65:8:65:Infinity:undefined:undefined:undefined:undefined":3,"s:65:8:65:Infinity":38,"s:65:32:65:Infinity":39,"b:66:8:66:Infinity:undefined:undefined:undefined:undefined":4,"s:66:8:66:Infinity":40,"s:66:21:66:Infinity":41,"b:67:8:67:Infinity:undefined:undefined:undefined:undefined":5,"s:67:8:67:Infinity":42,"s:67:33:67:Infinity":43,"s:69:8:69:Infinity":44,"s:70:8:70:Infinity":45,"s:71:8:71:Infinity":46,"s:72:8:72:Infinity":47,"s:74:8:87:Infinity":48,"s:74:21:74:28":49,"s:75:20:75:32":50,"s:76:21:76:30":51,"s:77:21:77:30":52,"s:78:23:78:Infinity":53,"b:79:10:86:Infinity:undefined:undefined:undefined:undefined":6,"s:79:10:86:Infinity":54,"s:80:12:80:Infinity":55,"s:81:12:81:Infinity":56,"s:82:12:82:Infinity":57,"s:83:12:83:Infinity":58,"s:84:12:84:Infinity":59,"s:85:12:85:Infinity":60,"s:89:6:89:Infinity":61,"s:92:4:92:Infinity":62,"s:93:4:93:Infinity":63,"s:94:4:94:Infinity":64,"s:95:4:98:Infinity":65,"f:95:11:95:Infinity":10,"s:96:6:96:Infinity":66,"s:97:6:97:Infinity":67,"s:101:2:101:Infinity":68,"s:103:0:103:Infinity":69,"s:105:66:111:Infinity":70,"f:105:66:105:67":11,"s:105:83:111:Infinity":71,"s:116:23:246:Infinity":72,"f:116:23:116:Infinity":12,"s:117:44:117:Infinity":73,"s:118:8:118:Infinity":74,"s:120:2:238:Infinity":75,"b:198:28:201:Infinity:201:14:214:Infinity":7}}}
,"C:\\Users\\jlc254\\Music\\devopssummit.africa-v3\\src\\components\\landing\\UpcomingEvent.tsx": {"path":"C:\\Users\\jlc254\\Music\\devopssummit.africa-v3\\src\\components\\landing\\UpcomingEvent.tsx","statementMap":{"0":{"start":{"line":8,"column":26},"end":{"line":12,"column":null}},"1":{"start":{"line":14,"column":23},"end":{"line":14,"column":null}},"2":{"start":{"line":16,"column":32},"end":{"line":153,"column":null}},"3":{"start":{"line":17,"column":52},"end":{"line":17,"column":null}},"4":{"start":{"line":18,"column":8},"end":{"line":18,"column":null}},"5":{"start":{"line":20,"column":2},"end":{"line":31,"column":null}},"6":{"start":{"line":21,"column":23},"end":{"line":25,"column":null}},"7":{"start":{"line":22,"column":18},"end":{"line":22,"column":null}},"8":{"start":{"line":23,"column":6},"end":{"line":23,"column":null}},"9":{"start":{"line":24,"column":6},"end":{"line":24,"column":null}},"10":{"start":{"line":26,"column":4},"end":{"line":30,"column":null}},"11":{"start":{"line":27,"column":6},"end":{"line":29,"column":null}},"12":{"start":{"line":28,"column":8},"end":{"line":28,"column":null}},"13":{"start":{"line":33,"column":2},"end":{"line":57,"column":null}},"14":{"start":{"line":34,"column":35},"end":{"line":42,"column":null}},"15":{"start":{"line":35,"column":6},"end":{"line":41,"column":null}},"16":{"start":{"line":37,"column":25},"end":{"line":39,"column":null}},"17":{"start":{"line":38,"column":10},"end":{"line":38,"column":null}},"18":{"start":{"line":38,"column":41},"end":{"line":38,"column":78}},"19":{"start":{"line":40,"column":8},"end":{"line":40,"column":null}},"20":{"start":{"line":40,"column":21},"end":{"line":40,"column":null}},"21":{"start":{"line":44,"column":4},"end":{"line":44,"column":null}},"22":{"start":{"line":46,"column":21},"end":{"line":51,"column":14}},"23":{"start":{"line":48,"column":6},"end":{"line":50,"column":null}},"24":{"start":{"line":49,"column":8},"end":{"line":49,"column":null}},"25":{"start":{"line":49,"column":39},"end":{"line":49,"column":76}},"26":{"start":{"line":53,"column":4},"end":{"line":56,"column":null}},"27":{"start":{"line":54,"column":6},"end":{"line":54,"column":null}},"28":{"start":{"line":55,"column":6},"end":{"line":55,"column":null}},"29":{"start":{"line":59,"column":2},"end":{"line":145,"column":null}},"30":{"start":{"line":77,"column":31},"end":{"line":77,"column":46}},"31":{"start":{"line":78,"column":16},"end":{"line":78,"column":null}},"32":{"start":{"line":78,"column":60},"end":{"line":78,"column":null}},"33":{"start":{"line":79,"column":16},"end":{"line":79,"column":null}},"34":{"start":{"line":80,"column":16},"end":{"line":80,"column":null}},"35":{"start":{"line":81,"column":16},"end":{"line":81,"column":null}}},"fnMap":{"0":{"name":"(anonymous_0)","decl":{"start":{"line":16,"column":32},"end":{"line":16,"column":null}},"loc":{"start":{"line":16,"column":32},"end":{"line":153,"column":null}},"line":16},"1":{"name":"(anonymous_1)","decl":{"start":{"line":20,"column":18},"end":{"line":20,"column":null}},"loc":{"start":{"line":20,"column":18},"end":{"line":31,"column":5}},"line":20},"2":{"name":"(anonymous_2)","decl":{"start":{"line":21,"column":45},"end":{"line":21,"column":46}},"loc":{"start":{"line":21,"column":46},"end":{"line":25,"column":null}},"line":21},"3":{"name":"(anonymous_3)","decl":{"start":{"line":26,"column":11},"end":{"line":26,"column":null}},"loc":{"start":{"line":26,"column":11},"end":{"line":30,"column":null}},"line":26},"4":{"name":"(anonymous_4)","decl":{"start":{"line":33,"column":18},"end":{"line":33,"column":null}},"loc":{"start":{"line":33,"column":18},"end":{"line":57,"column":5}},"line":33},"5":{"name":"(anonymous_5)","decl":{"start":{"line":34,"column":35},"end":{"line":34,"column":null}},"loc":{"start":{"line":34,"column":35},"end":{"line":42,"column":null}},"line":34},"6":{"name":"(anonymous_6)","decl":{"start":{"line":37,"column":37},"end":{"line":37,"column":null}},"loc":{"start":{"line":37,"column":37},"end":{"line":39,"column":11}},"line":37},"7":{"name":"(anonymous_7)","decl":{"start":{"line":38,"column":31},"end":{"line":38,"column":32}},"loc":{"start":{"line":38,"column":41},"end":{"line":38,"column":78}},"line":38},"8":{"name":"(anonymous_8)","decl":{"start":{"line":40,"column":15},"end":{"line":40,"column":21}},"loc":{"start":{"line":40,"column":21},"end":{"line":40,"column":null}},"line":40},"9":{"name":"(anonymous_9)","decl":{"start":{"line":46,"column":33},"end":{"line":46,"column":null}},"loc":{"start":{"line":46,"column":33},"end":{"line":51,"column":7}},"line":46},"10":{"name":"(anonymous_10)","decl":{"start":{"line":49,"column":29},"end":{"line":49,"column":30}},"loc":{"start":{"line":49,"column":39},"end":{"line":49,"column":76}},"line":49},"11":{"name":"(anonymous_11)","decl":{"start":{"line":53,"column":11},"end":{"line":53,"column":null}},"loc":{"start":{"line":53,"column":11},"end":{"line":56,"column":null}},"line":53},"12":{"name":"(anonymous_12)","decl":{"start":{"line":76,"column":23},"end":{"line":76,"column":24}},"loc":{"start":{"line":76,"column":24},"end":{"line":82,"column":null}},"line":76}},"branchMap":{"0":{"loc":{"start":{"line":35,"column":6},"end":{"line":41,"column":null}},"type":"if","locations":[{"start":{"line":35,"column":6},"end":{"line":41,"column":null}},{"start":{},"end":{}}],"line":35},"1":{"loc":{"start":{"line":48,"column":6},"end":{"line":50,"column":null}},"type":"if","locations":[{"start":{"line":48,"column":6},"end":{"line":50,"column":null}},{"start":{},"end":{}}],"line":48},"2":{"loc":{"start":{"line":66,"column":21},"end":{"line":66,"column":null}},"type":"cond-expr","locations":[{"start":{"line":66,"column":44},"end":{"line":66,"column":52}},{"start":{"line":66,"column":52},"end":{"line":66,"column":null}}],"line":66},"3":{"loc":{"start":{"line":68,"column":18},"end":{"line":68,"column":null}},"type":"cond-expr","locations":[{"start":{"line":68,"column":41},"end":{"line":68,"column":58}},{"start":{"line":68,"column":58},"end":{"line":68,"column":null}}],"line":68},"4":{"loc":{"start":{"line":69,"column":36},"end":{"line":69,"column":67}},"type":"cond-expr","locations":[{"start":{"line":69,"column":59},"end":{"line":69,"column":63}},{"start":{"line":69,"column":63},"end":{"line":69,"column":67}}],"line":69},"5":{"loc":{"start":{"line":78,"column":16},"end":{"line":78,"column":null}},"type":"if","locations":[{"start":{"line":78,"column":16},"end":{"line":78,"column":null}},{"start":{},"end":{}}],"line":78},"6":{"loc":{"start":{"line":102,"column":19},"end":{"line":102,"column":null}},"type":"cond-expr","locations":[{"start":{"line":102,"column":42},"end":{"line":102,"column":65}},{"start":{"line":102,"column":65},"end":{"line":102,"column":null}}],"line":102},"7":{"loc":{"start":{"line":105,"column":34},"end":{"line":105,"column":65}},"type":"cond-expr","locations":[{"start":{"line":105,"column":57},"end":{"line":105,"column":61}},{"start":{"line":105,"column":61},"end":{"line":105,"column":65}}],"line":105}},"s":{"0":1,"1":1,"2":1,"3":5,"4":5,"5":5,"6":4,"7":12,"8":12,"9":12,"10":4,"11":4,"12":12,"13":5,"14":4,"15":0,"16":0,"17":0,"18":0,"19":0,"20":0,"21":4,"22":4,"23":0,"24":0,"25":0,"26":4,"27":4,"28":4,"29":5,"30":0,"31":0,"32":0,"33":0,"34":0,"35":0},"f":{"0":5,"1":4,"2":12,"3":4,"4":4,"5":0,"6":0,"7":0,"8":0,"9":0,"10":0,"11":4,"12":0},"b":{"0":[0,0],"1":[0,0],"2":[0,4],"3":[0,4],"4":[0,4],"5":[0,0],"6":[0,4],"7":[0,4]},"meta":{"lastBranch":8,"lastFunction":13,"lastStatement":36,"seen":{"s:8:26:12:Infinity":0,"s:14:23:14:Infinity":1,"s:16:32:153:Infinity":2,"f:16:32:16:Infinity":0,"s:17:52:17:Infinity":3,"s:18:8:18:Infinity":4,"s:20:2:31:Infinity":5,"f:20:18:20:Infinity":1,"s:21:23:25:Infinity":6,"f:21:45:21:46":2,"s:22:18:22:Infinity":7,"s:23:6:23:Infinity":8,"s:24:6:24:Infinity":9,"s:26:4:30:Infinity":10,"f:26:11:26:Infinity":3,"s:27:6:29:Infinity":11,"s:28:8:28:Infinity":12,"s:33:2:57:Infinity":13,"f:33:18:33:Infinity":4,"s:34:35:42:Infinity":14,"f:34:35:34:Infinity":5,"b:35:6:41:Infinity:undefined:undefined:undefined:undefined":0,"s:35:6:41:Infinity":15,"s:37:25:39:Infinity":16,"f:37:37:37:Infinity":6,"s:38:10:38:Infinity":17,"f:38:31:38:32":7,"s:38:41:38:78":18,"s:40:8:40:Infinity":19,"f:40:15:40:21":8,"s:40:21:40:Infinity":20,"s:44:4:44:Infinity":21,"s:46:21:51:14":22,"f:46:33:46:Infinity":9,"b:48:6:50:Infinity:undefined:undefined:undefined:undefined":1,"s:48:6:50:Infinity":23,"s:49:8:49:Infinity":24,"f:49:29:49:30":10,"s:49:39:49:76":25,"s:53:4:56:Infinity":26,"f:53:11:53:Infinity":11,"s:54:6:54:Infinity":27,"s:55:6:55:Infinity":28,"s:59:2:145:Infinity":29,"b:66:44:66:52:66:52:66:Infinity":2,"b:68:41:68:58:68:58:68:Infinity":3,"b:69:59:69:63:69:63:69:67":4,"f:76:23:76:24":12,"s:77:31:77:46":30,"b:78:16:78:Infinity:undefined:undefined:undefined:undefined":5,"s:78:16:78:Infinity":31,"s:78:60:78:Infinity":32,"s:79:16:79:Infinity":33,"s:80:16:80:Infinity":34,"s:81:16:81:Infinity":35,"b:102:42:102:65:102:65:102:Infinity":6,"b:105:57:105:61:105:61:105:65":7}}}
,"C:\\Users\\jlc254\\Music\\devopssummit.africa-v3\\src\\components\\layout\\Navbar.tsx": {"path":"C:\\Users\\jlc254\\Music\\devopssummit.africa-v3\\src\\components\\layout\\Navbar.tsx","statementMap":{"0":{"start":{"line":5,"column":17},"end":{"line":11,"column":null}},"1":{"start":{"line":13,"column":19},"end":{"line":13,"column":null}},"2":{"start":{"line":13,"column":39},"end":{"line":13,"column":null}},"3":{"start":{"line":15,"column":25},"end":{"line":203,"column":null}},"4":{"start":{"line":16,"column":31},"end":{"line":17,"column":null}},"5":{"start":{"line":17,"column":4},"end":{"line":17,"column":null}},"6":{"start":{"line":19,"column":23},"end":{"line":19,"column":null}},"7":{"start":{"line":20,"column":41},"end":{"line":20,"column":null}},"8":{"start":{"line":21,"column":8},"end":{"line":21,"column":null}},"9":{"start":{"line":22,"column":8},"end":{"line":22,"column":null}},"10":{"start":{"line":24,"column":17},"end":{"line":24,"column":null}},"11":{"start":{"line":26,"column":8},"end":{"line":40,"column":null}},"12":{"start":{"line":27,"column":4},"end":{"line":27,"column":null}},"13":{"start":{"line":29,"column":4},"end":{"line":29,"column":null}},"14":{"start":{"line":29,"column":17},"end":{"line":29,"column":null}},"15":{"start":{"line":31,"column":19},"end":{"line":31,"column":null}},"16":{"start":{"line":32,"column":4},"end":{"line":38,"column":null}},"17":{"start":{"line":32,"column":17},"end":{"line":32,"column":40}},"18":{"start":{"line":33,"column":17},"end":{"line":33,"column":null}},"19":{"start":{"line":34,"column":6},"end":{"line":37,"column":null}},"20":{"start":{"line":35,"column":8},"end":{"line":35,"column":null}},"21":{"start":{"line":36,"column":8},"end":{"line":36,"column":null}},"22":{"start":{"line":39,"column":4},"end":{"line":39,"column":null}},"23":{"start":{"line":42,"column":2},"end":{"line":50,"column":null}},"24":{"start":{"line":43,"column":4},"end":{"line":43,"column":null}},"25":{"start":{"line":45,"column":18},"end":{"line":45,"column":null}},"26":{"start":{"line":45,"column":46},"end":{"line":45,"column":null}},"27":{"start":{"line":46,"column":4},"end":{"line":49,"column":null}},"28":{"start":{"line":47,"column":6},"end":{"line":47,"column":null}},"29":{"start":{"line":48,"column":6},"end":{"line":48,"column":null}},"30":{"start":{"line":52,"column":22},"end":{"line":77,"column":null}},"31":{"start":{"line":53,"column":4},"end":{"line":53,"column":null}},"32":{"start":{"line":56,"column":4},"end":{"line":65,"column":null}},"33":{"start":{"line":62,"column":6},"end":{"line":62,"column":null}},"34":{"start":{"line":63,"column":6},"end":{"line":63,"column":null}},"35":{"start":{"line":64,"column":6},"end":{"line":64,"column":null}},"36":{"start":{"line":68,"column":4},"end":{"line":75,"column":null}},"37":{"start":{"line":69,"column":17},"end":{"line":69,"column":null}},"38":{"start":{"line":70,"column":17},"end":{"line":70,"column":null}},"39":{"start":{"line":71,"column":6},"end":{"line":71,"column":null}},"40":{"start":{"line":71,"column":14},"end":{"line":71,"column":null}},"41":{"start":{"line":74,"column":6},"end":{"line":74,"column":null}},"42":{"start":{"line":76,"column":4},"end":{"line":76,"column":null}},"43":{"start":{"line":79,"column":19},"end":{"line":86,"column":null}},"44":{"start":{"line":80,"column":4},"end":{"line":80,"column":null}},"45":{"start":{"line":80,"column":33},"end":{"line":80,"column":null}},"46":{"start":{"line":81,"column":4},"end":{"line":81,"column":null}},"47":{"start":{"line":81,"column":36},"end":{"line":81,"column":null}},"48":{"start":{"line":82,"column":4},"end":{"line":82,"column":null}},"49":{"start":{"line":82,"column":39},"end":{"line":82,"column":null}},"50":{"start":{"line":83,"column":4},"end":{"line":83,"column":null}},"51":{"start":{"line":83,"column":40},"end":{"line":83,"column":null}},"52":{"start":{"line":84,"column":4},"end":{"line":84,"column":null}},"53":{"start":{"line":84,"column":17},"end":{"line":84,"column":null}},"54":{"start":{"line":85,"column":4},"end":{"line":85,"column":null}},"55":{"start":{"line":88,"column":2},"end":{"line":195,"column":null}},"56":{"start":{"line":99,"column":12},"end":{"line":99,"column":null}},"57":{"start":{"line":100,"column":12},"end":{"line":100,"column":null}},"58":{"start":{"line":101,"column":12},"end":{"line":101,"column":null}},"59":{"start":{"line":118,"column":27},"end":{"line":118,"column":null}},"60":{"start":{"line":119,"column":12},"end":{"line":121,"column":null}},"61":{"start":{"line":123,"column":32},"end":{"line":123,"column":null}},"62":{"start":{"line":140,"column":14},"end":{"line":140,"column":null}},"63":{"start":{"line":141,"column":14},"end":{"line":145,"column":null}},"64":{"start":{"line":142,"column":16},"end":{"line":142,"column":null}},"65":{"start":{"line":144,"column":16},"end":{"line":144,"column":null}},"66":{"start":{"line":154,"column":27},"end":{"line":154,"column":null}},"67":{"start":{"line":171,"column":29},"end":{"line":171,"column":null}},"68":{"start":{"line":172,"column":14},"end":{"line":174,"column":null}},"69":{"start":{"line":177,"column":34},"end":{"line":177,"column":null}},"70":{"start":{"line":187,"column":16},"end":{"line":187,"column":null}},"71":{"start":{"line":188,"column":16},"end":{"line":192,"column":null}},"72":{"start":{"line":189,"column":18},"end":{"line":189,"column":null}},"73":{"start":{"line":191,"column":18},"end":{"line":191,"column":null}},"74":{"start":{"line":193,"column":16},"end":{"line":193,"column":null}}},"fnMap":{"0":{"name":"(anonymous_0)","decl":{"start":{"line":13,"column":32},"end":{"line":13,"column":33}},"loc":{"start":{"line":13,"column":39},"end":{"line":13,"column":null}},"line":13},"1":{"name":"(anonymous_1)","decl":{"start":{"line":15,"column":25},"end":{"line":15,"column":null}},"loc":{"start":{"line":15,"column":25},"end":{"line":203,"column":null}},"line":15},"2":{"name":"(anonymous_2)","decl":{"start":{"line":16,"column":43},"end":{"line":16,"column":null}},"loc":{"start":{"line":17,"column":4},"end":{"line":17,"column":null}},"line":17},"3":{"name":"(anonymous_3)","decl":{"start":{"line":26,"column":35},"end":{"line":26,"column":null}},"loc":{"start":{"line":26,"column":35},"end":{"line":40,"column":5}},"line":26},"4":{"name":"(anonymous_4)","decl":{"start":{"line":42,"column":12},"end":{"line":42,"column":null}},"loc":{"start":{"line":42,"column":12},"end":{"line":50,"column":5}},"line":42},"5":{"name":"(anonymous_5)","decl":{"start":{"line":45,"column":40},"end":{"line":45,"column":46}},"loc":{"start":{"line":45,"column":46},"end":{"line":45,"column":null}},"line":45},"6":{"name":"(anonymous_6)","decl":{"start":{"line":46,"column":11},"end":{"line":46,"column":null}},"loc":{"start":{"line":46,"column":11},"end":{"line":49,"column":null}},"line":46},"7":{"name":"(anonymous_7)","decl":{"start":{"line":52,"column":22},"end":{"line":52,"column":23}},"loc":{"start":{"line":52,"column":63},"end":{"line":77,"column":null}},"line":52},"8":{"name":"(anonymous_8)","decl":{"start":{"line":79,"column":19},"end":{"line":79,"column":20}},"loc":{"start":{"line":79,"column":20},"end":{"line":86,"column":null}},"line":79},"9":{"name":"(anonymous_9)","decl":{"start":{"line":98,"column":19},"end":{"line":98,"column":20}},"loc":{"start":{"line":98,"column":20},"end":{"line":102,"column":null}},"line":98},"10":{"name":"(anonymous_10)","decl":{"start":{"line":117,"column":24},"end":{"line":117,"column":25}},"loc":{"start":{"line":117,"column":25},"end":{"line":133,"column":null}},"line":117},"11":{"name":"(anonymous_11)","decl":{"start":{"line":123,"column":25},"end":{"line":123,"column":26}},"loc":{"start":{"line":123,"column":32},"end":{"line":123,"column":null}},"line":123},"12":{"name":"(anonymous_12)","decl":{"start":{"line":139,"column":21},"end":{"line":139,"column":22}},"loc":{"start":{"line":139,"column":22},"end":{"line":146,"column":null}},"line":139},"13":{"name":"(anonymous_13)","decl":{"start":{"line":154,"column":21},"end":{"line":154,"column":27}},"loc":{"start":{"line":154,"column":27},"end":{"line":154,"column":null}},"line":154},"14":{"name":"(anonymous_14)","decl":{"start":{"line":170,"column":26},"end":{"line":170,"column":27}},"loc":{"start":{"line":170,"column":27},"end":{"line":182,"column":null}},"line":170},"15":{"name":"(anonymous_15)","decl":{"start":{"line":177,"column":27},"end":{"line":177,"column":28}},"loc":{"start":{"line":177,"column":34},"end":{"line":177,"column":null}},"line":177},"16":{"name":"(anonymous_16)","decl":{"start":{"line":186,"column":23},"end":{"line":186,"column":24}},"loc":{"start":{"line":186,"column":24},"end":{"line":194,"column":null}},"line":186}},"branchMap":{"0":{"loc":{"start":{"line":17,"column":4},"end":{"line":17,"column":null}},"type":"cond-expr","locations":[{"start":{"line":17,"column":36},"end":{"line":17,"column":58}},{"start":{"line":17,"column":58},"end":{"line":17,"column":null}}],"line":17},"1":{"loc":{"start":{"line":29,"column":4},"end":{"line":29,"column":null}},"type":"if","locations":[{"start":{"line":29,"column":4},"end":{"line":29,"column":null}},{"start":{},"end":{}}],"line":29},"2":{"loc":{"start":{"line":34,"column":6},"end":{"line":37,"column":null}},"type":"if","locations":[{"start":{"line":34,"column":6},"end":{"line":37,"column":null}},{"start":{},"end":{}}],"line":34},"3":{"loc":{"start":{"line":34,"column":10},"end":{"line":34,"column":58}},"type":"binary-expr","locations":[{"start":{"line":34,"column":10},"end":{"line":34,"column":16}},{"start":{"line":34,"column":16},"end":{"line":34,"column":58}}],"line":34},"4":{"loc":{"start":{"line":56,"column":4},"end":{"line":65,"column":null}},"type":"if","locations":[{"start":{"line":56,"column":4},"end":{"line":65,"column":null}},{"start":{},"end":{}}],"line":56},"5":{"loc":{"start":{"line":57,"column":6},"end":{"line":60,"column":null}},"type":"binary-expr","locations":[{"start":{"line":57,"column":6},"end":{"line":57,"column":null}},{"start":{"line":58,"column":6},"end":{"line":58,"column":null}},{"start":{"line":59,"column":6},"end":{"line":59,"column":null}},{"start":{"line":60,"column":6},"end":{"line":60,"column":null}}],"line":57},"6":{"loc":{"start":{"line":68,"column":4},"end":{"line":75,"column":null}},"type":"if","locations":[{"start":{"line":68,"column":4},"end":{"line":75,"column":null}},{"start":{"line":72,"column":11},"end":{"line":75,"column":null}}],"line":68},"7":{"loc":{"start":{"line":71,"column":6},"end":{"line":71,"column":null}},"type":"if","locations":[{"start":{"line":71,"column":6},"end":{"line":71,"column":null}},{"start":{},"end":{}}],"line":71},"8":{"loc":{"start":{"line":80,"column":4},"end":{"line":80,"column":null}},"type":"if","locations":[{"start":{"line":80,"column":4},"end":{"line":80,"column":null}},{"start":{},"end":{}}],"line":80},"9":{"loc":{"start":{"line":81,"column":4},"end":{"line":81,"column":null}},"type":"if","locations":[{"start":{"line":81,"column":4},"end":{"line":81,"column":null}},{"start":{},"end":{}}],"line":81},"10":{"loc":{"start":{"line":82,"column":4},"end":{"line":82,"column":null}},"type":"if","locations":[{"start":{"line":82,"column":4},"end":{"line":82,"column":null}},{"start":{},"end":{}}],"line":82},"11":{"loc":{"start":{"line":83,"column":4},"end":{"line":83,"column":null}},"type":"if","locations":[{"start":{"line":83,"column":4},"end":{"line":83,"column":null}},{"start":{},"end":{}}],"line":83},"12":{"loc":{"start":{"line":84,"column":4},"end":{"line":84,"column":null}},"type":"if","locations":[{"start":{"line":84,"column":4},"end":{"line":84,"column":null}},{"start":{},"end":{}}],"line":84},"13":{"loc":{"start":{"line":91,"column":8},"end":{"line":91,"column":null}},"type":"cond-expr","locations":[{"start":{"line":91,"column":19},"end":{"line":91,"column":67}},{"start":{"line":91,"column":67},"end":{"line":91,"column":null}}],"line":91},"14":{"loc":{"start":{"line":110,"column":74},"end":{"line":110,"column":132}},"type":"cond-expr","locations":[{"start":{"line":110,"column":85},"end":{"line":110,"column":105}},{"start":{"line":110,"column":105},"end":{"line":110,"column":132}}],"line":110},"15":{"loc":{"start":{"line":125,"column":18},"end":{"line":127,"column":99}},"type":"cond-expr","locations":[{"start":{"line":126,"column":22},"end":{"line":126,"column":null}},{"start":{"line":127,"column":22},"end":{"line":127,"column":99}}],"line":125},"16":{"loc":{"start":{"line":127,"column":41},"end":{"line":127,"column":99}},"type":"cond-expr","locations":[{"start":{"line":127,"column":52},"end":{"line":127,"column":72}},{"start":{"line":127,"column":72},"end":{"line":127,"column":99}}],"line":127},"17":{"loc":{"start":{"line":141,"column":14},"end":{"line":145,"column":null}},"type":"if","locations":[{"start":{"line":141,"column":14},"end":{"line":145,"column":null}},{"start":{"line":143,"column":21},"end":{"line":145,"column":null}}],"line":141},"18":{"loc":{"start":{"line":155,"column":24},"end":{"line":155,"column":null}},"type":"cond-expr","locations":[{"start":{"line":155,"column":31},"end":{"line":155,"column":46}},{"start":{"line":155,"column":46},"end":{"line":155,"column":null}}],"line":155},"19":{"loc":{"start":{"line":157,"column":13},"end":{"line":160,"column":null}},"type":"cond-expr","locations":[{"start":{"line":157,"column":13},"end":{"line":160,"column":15}},{"start":{"line":160,"column":14},"end":{"line":160,"column":null}}],"line":157},"20":{"loc":{"start":{"line":158,"column":28},"end":{"line":158,"column":null}},"type":"cond-expr","locations":[{"start":{"line":158,"column":39},"end":{"line":158,"column":59}},{"start":{"line":158,"column":59},"end":{"line":158,"column":null}}],"line":158},"21":{"loc":{"start":{"line":160,"column":31},"end":{"line":160,"column":null}},"type":"cond-expr","locations":[{"start":{"line":160,"column":42},"end":{"line":160,"column":62}},{"start":{"line":160,"column":62},"end":{"line":160,"column":null}}],"line":160},"22":{"loc":{"start":{"line":167,"column":7},"end":{"line":195,"column":null}},"type":"binary-expr","locations":[{"start":{"line":167,"column":7},"end":{"line":167,"column":null}},{"start":{"line":167,"column":7},"end":{"line":195,"column":null}}],"line":167},"23":{"loc":{"start":{"line":176,"column":72},"end":{"line":176,"column":136}},"type":"cond-expr","locations":[{"start":{"line":176,"column":81},"end":{"line":176,"column":98}},{"start":{"line":176,"column":98},"end":{"line":176,"column":136}}],"line":176},"24":{"loc":{"start":{"line":188,"column":16},"end":{"line":192,"column":null}},"type":"if","locations":[{"start":{"line":188,"column":16},"end":{"line":192,"column":null}},{"start":{"line":190,"column":23},"end":{"line":192,"column":null}}],"line":188}},"s":{"0":1,"1":1,"2":5,"3":1,"4":5,"5":4,"6":5,"7":5,"8":5,"9":5,"10":5,"11":5,"12":0,"13":0,"14":0,"15":0,"16":0,"17":0,"18":0,"19":0,"20":0,"21":0,"22":0,"23":5,"24":4,"25":4,"26":0,"27":4,"28":4,"29":4,"30":5,"31":0,"32":0,"33":0,"34":0,"35":0,"36":0,"37":0,"38":0,"39":0,"40":0,"41":0,"42":0,"43":5,"44":30,"45":6,"46":24,"47":6,"48":18,"49":6,"50":12,"51":12,"52":6,"53":0,"54":6,"55":5,"56":0,"57":0,"58":0,"59":25,"60":25,"61":0,"62":0,"63":0,"64":0,"65":0,"66":1,"67":5,"68":5,"69":0,"70":0,"71":0,"72":0,"73":0,"74":0},"f":{"0":5,"1":5,"2":4,"3":0,"4":4,"5":0,"6":4,"7":0,"8":30,"9":0,"10":25,"11":0,"12":0,"13":1,"14":5,"15":0,"16":0},"b":{"0":[4,0],"1":[0,0],"2":[0,0],"3":[0,0],"4":[0,0],"5":[0,0,0,0],"6":[0,0],"7":[0,0],"8":[6,24],"9":[6,18],"10":[6,12],"11":[6,6],"12":[0,6],"13":[0,5],"14":[0,5],"15":[5,20],"16":[0,20],"17":[0,0],"18":[1,4],"19":[1,4],"20":[0,1],"21":[0,4],"22":[5,1],"23":[1,4],"24":[0,0]},"meta":{"lastBranch":25,"lastFunction":17,"lastStatement":75,"seen":{"s:5:17:11:Infinity":0,"s:13:19:13:Infinity":1,"f:13:32:13:33":0,"s:13:39:13:Infinity":2,"s:15:25:203:Infinity":3,"f:15:25:15:Infinity":1,"s:16:31:17:Infinity":4,"f:16:43:16:Infinity":2,"s:17:4:17:Infinity":5,"b:17:36:17:58:17:58:17:Infinity":0,"s:19:23:19:Infinity":6,"s:20:41:20:Infinity":7,"s:21:8:21:Infinity":8,"s:22:8:22:Infinity":9,"s:24:17:24:Infinity":10,"s:26:8:40:Infinity":11,"f:26:35:26:Infinity":3,"s:27:4:27:Infinity":12,"b:29:4:29:Infinity:undefined:undefined:undefined:undefined":1,"s:29:4:29:Infinity":13,"s:29:17:29:Infinity":14,"s:31:19:31:Infinity":15,"s:32:4:38:Infinity":16,"s:32:17:32:40":17,"s:33:17:33:Infinity":18,"b:34:6:37:Infinity:undefined:undefined:undefined:undefined":2,"s:34:6:37:Infinity":19,"b:34:10:34:16:34:16:34:58":3,"s:35:8:35:Infinity":20,"s:36:8:36:Infinity":21,"s:39:4:39:Infinity":22,"s:42:2:50:Infinity":23,"f:42:12:42:Infinity":4,"s:43:4:43:Infinity":24,"s:45:18:45:Infinity":25,"f:45:40:45:46":5,"s:45:46:45:Infinity":26,"s:46:4:49:Infinity":27,"f:46:11:46:Infinity":6,"s:47:6:47:Infinity":28,"s:48:6:48:Infinity":29,"s:52:22:77:Infinity":30,"f:52:22:52:23":7,"s:53:4:53:Infinity":31,"b:56:4:65:Infinity:undefined:undefined:undefined:undefined":4,"s:56:4:65:Infinity":32,"b:57:6:57:Infinity:58:6:58:Infinity:59:6:59:Infinity:60:6:60:Infinity":5,"s:62:6:62:Infinity":33,"s:63:6:63:Infinity":34,"s:64:6:64:Infinity":35,"b:68:4:75:Infinity:72:11:75:Infinity":6,"s:68:4:75:Infinity":36,"s:69:17:69:Infinity":37,"s:70:17:70:Infinity":38,"b:71:6:71:Infinity:undefined:undefined:undefined:undefined":7,"s:71:6:71:Infinity":39,"s:71:14:71:Infinity":40,"s:74:6:74:Infinity":41,"s:76:4:76:Infinity":42,"s:79:19:86:Infinity":43,"f:79:19:79:20":8,"b:80:4:80:Infinity:undefined:undefined:undefined:undefined":8,"s:80:4:80:Infinity":44,"s:80:33:80:Infinity":45,"b:81:4:81:Infinity:undefined:undefined:undefined:undefined":9,"s:81:4:81:Infinity":46,"s:81:36:81:Infinity":47,"b:82:4:82:Infinity:undefined:undefined:undefined:undefined":10,"s:82:4:82:Infinity":48,"s:82:39:82:Infinity":49,"b:83:4:83:Infinity:undefined:undefined:undefined:undefined":11,"s:83:4:83:Infinity":50,"s:83:40:83:Infinity":51,"b:84:4:84:Infinity:undefined:undefined:undefined:undefined":12,"s:84:4:84:Infinity":52,"s:84:17:84:Infinity":53,"s:85:4:85:Infinity":54,"s:88:2:195:Infinity":55,"b:91:19:91:67:91:67:91:Infinity":13,"f:98:19:98:20":9,"s:99:12:99:Infinity":56,"s:100:12:100:Infinity":57,"s:101:12:101:Infinity":58,"b:110:85:110:105:110:105:110:132":14,"f:117:24:117:25":10,"s:118:27:118:Infinity":59,"s:119:12:121:Infinity":60,"f:123:25:123:26":11,"s:123:32:123:Infinity":61,"b:126:22:126:Infinity:127:22:127:99":15,"b:127:52:127:72:127:72:127:99":16,"f:139:21:139:22":12,"s:140:14:140:Infinity":62,"b:141:14:145:Infinity:143:21:145:Infinity":17,"s:141:14:145:Infinity":63,"s:142:16:142:Infinity":64,"s:144:16:144:Infinity":65,"f:154:21:154:27":13,"s:154:27:154:Infinity":66,"b:155:31:155:46:155:46:155:Infinity":18,"b:157:13:160:15:160:14:160:Infinity":19,"b:158:39:158:59:158:59:158:Infinity":20,"b:160:42:160:62:160:62:160:Infinity":21,"b:167:7:167:Infinity:167:7:195:Infinity":22,"f:170:26:170:27":14,"s:171:29:171:Infinity":67,"s:172:14:174:Infinity":68,"b:176:81:176:98:176:98:176:136":23,"f:177:27:177:28":15,"s:177:34:177:Infinity":69,"f:186:23:186:24":16,"s:187:16:187:Infinity":70,"b:188:16:192:Infinity:190:23:192:Infinity":24,"s:188:16:192:Infinity":71,"s:189:18:189:Infinity":72,"s:191:18:191:Infinity":73,"s:193:16:193:Infinity":74}}}
,"C:\\Users\\jlc254\\Music\\devopssummit.africa-v3\\src\\config\\env.ts": {"path":"C:\\Users\\jlc254\\Music\\devopssummit.africa-v3\\src\\config\\env.ts","statementMap":{"0":{"start":{"line":11,"column":26},"end":{"line":22,"column":null}},"1":{"start":{"line":12,"column":16},"end":{"line":12,"column":36}},"2":{"start":{"line":13,"column":2},"end":{"line":20,"column":null}},"3":{"start":{"line":15,"column":4},"end":{"line":18,"column":null}},"4":{"start":{"line":21,"column":2},"end":{"line":21,"column":null}},"5":{"start":{"line":24,"column":20},"end":{"line":26,"column":null}},"6":{"start":{"line":25,"column":2},"end":{"line":25,"column":null}},"7":{"start":{"line":29,"column":24},"end":{"line":29,"column":null}},"8":{"start":{"line":30,"column":27},"end":{"line":30,"column":null}},"9":{"start":{"line":35,"column":2},"end":{"line":35,"column":null}},"10":{"start":{"line":36,"column":28},"end":{"line":36,"column":null}},"11":{"start":{"line":41,"column":37},"end":{"line":41,"column":null}},"12":{"start":{"line":42,"column":35},"end":{"line":42,"column":null}},"13":{"start":{"line":45,"column":28},"end":{"line":45,"column":null}},"14":{"start":{"line":48,"column":38},"end":{"line":48,"column":null}},"15":{"start":{"line":49,"column":26},"end":{"line":49,"column":null}},"16":{"start":{"line":52,"column":31},"end":{"line":52,"column":null}},"17":{"start":{"line":55,"column":29},"end":{"line":55,"column":49}},"18":{"start":{"line":56,"column":30},"end":{"line":56,"column":49}},"19":{"start":{"line":57,"column":28},"end":{"line":57,"column":null}},"20":{"start":{"line":58,"column":23},"end":{"line":58,"column":null}}},"fnMap":{"0":{"name":"(anonymous_0)","decl":{"start":{"line":11,"column":26},"end":{"line":11,"column":27}},"loc":{"start":{"line":11,"column":53},"end":{"line":22,"column":null}},"line":11},"1":{"name":"(anonymous_1)","decl":{"start":{"line":24,"column":20},"end":{"line":24,"column":21}},"loc":{"start":{"line":24,"column":60},"end":{"line":26,"column":null}},"line":24}},"branchMap":{"0":{"loc":{"start":{"line":13,"column":2},"end":{"line":20,"column":null}},"type":"if","locations":[{"start":{"line":13,"column":2},"end":{"line":20,"column":null}},{"start":{},"end":{}}],"line":13},"1":{"loc":{"start":{"line":13,"column":6},"end":{"line":13,"column":99}},"type":"binary-expr","locations":[{"start":{"line":13,"column":6},"end":{"line":13,"column":29}},{"start":{"line":13,"column":29},"end":{"line":13,"column":48}},{"start":{"line":13,"column":48},"end":{"line":13,"column":77}},{"start":{"line":13,"column":77},"end":{"line":13,"column":99}}],"line":13},"2":{"loc":{"start":{"line":24,"column":47},"end":{"line":24,"column":60}},"type":"default-arg","locations":[{"start":{"line":24,"column":58},"end":{"line":24,"column":60}}],"line":24},"3":{"loc":{"start":{"line":25,"column":16},"end":{"line":25,"column":null}},"type":"binary-expr","locations":[{"start":{"line":25,"column":16},"end":{"line":25,"column":36}},{"start":{"line":25,"column":40},"end":{"line":25,"column":null}}],"line":25},"4":{"loc":{"start":{"line":35,"column":2},"end":{"line":35,"column":null}},"type":"binary-expr","locations":[{"start":{"line":35,"column":2},"end":{"line":35,"column":41}},{"start":{"line":35,"column":45},"end":{"line":35,"column":86}},{"start":{"line":35,"column":90},"end":{"line":35,"column":null}}],"line":35},"5":{"loc":{"start":{"line":57,"column":28},"end":{"line":57,"column":null}},"type":"binary-expr","locations":[{"start":{"line":57,"column":28},"end":{"line":57,"column":46}},{"start":{"line":57,"column":46},"end":{"line":57,"column":null}}],"line":57}},"s":{"0":1,"1":0,"2":0,"3":0,"4":0,"5":1,"6":9,"7":1,"8":1,"9":1,"10":1,"11":1,"12":1,"13":1,"14":1,"15":1,"16":1,"17":1,"18":1,"19":1,"20":1},"f":{"0":0,"1":9},"b":{"0":[0,0],"1":[0,0,0,0],"2":[9],"3":[9,6],"4":[1,0,0],"5":[1,1]},"meta":{"lastBranch":6,"lastFunction":2,"lastStatement":21,"seen":{"s:11:26:22:Infinity":0,"f:11:26:11:27":0,"s:12:16:12:36":1,"b:13:2:20:Infinity:undefined:undefined:undefined:undefined":0,"s:13:2:20:Infinity":2,"b:13:6:13:29:13:29:13:48:13:48:13:77:13:77:13:99":1,"s:15:4:18:Infinity":3,"s:21:2:21:Infinity":4,"s:24:20:26:Infinity":5,"f:24:20:24:21":1,"b:24:58:24:60":2,"s:25:2:25:Infinity":6,"b:25:16:25:36:25:40:25:Infinity":3,"s:29:24:29:Infinity":7,"s:30:27:30:Infinity":8,"s:35:2:35:Infinity":9,"b:35:2:35:41:35:45:35:86:35:90:35:Infinity":4,"s:36:28:36:Infinity":10,"s:41:37:41:Infinity":11,"s:42:35:42:Infinity":12,"s:45:28:45:Infinity":13,"s:48:38:48:Infinity":14,"s:49:26:49:Infinity":15,"s:52:31:52:Infinity":16,"s:55:29:55:49":17,"s:56:30:56:49":18,"s:57:28:57:Infinity":19,"b:57:28:57:46:57:46:57:Infinity":5,"s:58:23:58:Infinity":20}}}
,"C:\\Users\\jlc254\\Music\\devopssummit.africa-v3\\src\\data\\summitData.ts": {"path":"C:\\Users\\jlc254\\Music\\devopssummit.africa-v3\\src\\data\\summitData.ts","statementMap":{"0":{"start":{"line":17,"column":29},"end":{"line":31,"column":null}},"1":{"start":{"line":66,"column":29},"end":{"line":71,"column":null}},"2":{"start":{"line":77,"column":45},"end":{"line":106,"column":null}},"3":{"start":{"line":112,"column":59},"end":{"line":191,"column":null}}},"fnMap":{},"branchMap":{},"s":{"0":2,"1":2,"2":2,"3":2},"f":{},"b":{},"meta":{"lastBranch":0,"lastFunction":0,"lastStatement":4,"seen":{"s:17:29:31:Infinity":0,"s:66:29:71:Infinity":1,"s:77:45:106:Infinity":2,"s:112:59:191:Infinity":3}}}
,"C:\\Users\\jlc254\\Music\\devopssummit.africa-v3\\src\\lib\\imagekit.config.ts": {"path":"C:\\Users\\jlc254\\Music\\devopssummit.africa-v3\\src\\lib\\imagekit.config.ts","statementMap":{"0":{"start":{"line":8,"column":56},"end":{"line":11,"column":null}},"1":{"start":{"line":17,"column":2},"end":{"line":17,"column":null}},"2":{"start":{"line":20,"column":33},"end":{"line":30,"column":null}}},"fnMap":{"0":{"name":"getImageKitConfig","decl":{"start":{"line":16,"column":16},"end":{"line":16,"column":null}},"loc":{"start":{"line":16,"column":16},"end":{"line":18,"column":null}},"line":16}},"branchMap":{},"s":{"0":1,"1":0,"2":1},"f":{"0":0},"b":{},"meta":{"lastBranch":0,"lastFunction":1,"lastStatement":3,"seen":{"s:8:56:11:Infinity":0,"f:16:16:16:Infinity":0,"s:17:2:17:Infinity":1,"s:20:33:30:Infinity":2}}}
,"C:\\Users\\jlc254\\Music\\devopssummit.africa-v3\\src\\lib\\imagekit.paths.ts": {"path":"C:\\Users\\jlc254\\Music\\devopssummit.africa-v3\\src\\lib\\imagekit.paths.ts","statementMap":{"0":{"start":{"line":1,"column":26},"end":{"line":4,"column":null}},"1":{"start":{"line":19,"column":61},"end":{"line":33,"column":null}},"2":{"start":{"line":21,"column":22},"end":{"line":21,"column":null}},"3":{"start":{"line":22,"column":4},"end":{"line":30,"column":null}},"4":{"start":{"line":23,"column":19},"end":{"line":23,"column":31}},"5":{"start":{"line":24,"column":6},"end":{"line":28,"column":null}},"6":{"start":{"line":25,"column":8},"end":{"line":26,"column":null}},"7":{"start":{"line":29,"column":6},"end":{"line":29,"column":null}},"8":{"start":{"line":31,"column":4},"end":{"line":31,"column":null}},"9":{"start":{"line":38,"column":4},"end":{"line":38,"column":null}},"10":{"start":{"line":40,"column":21},"end":{"line":40,"column":null}},"11":{"start":{"line":41,"column":27},"end":{"line":41,"column":null}},"12":{"start":{"line":42,"column":16},"end":{"line":42,"column":null}},"13":{"start":{"line":44,"column":2},"end":{"line":44,"column":null}},"14":{"start":{"line":44,"column":14},"end":{"line":44,"column":null}},"15":{"start":{"line":45,"column":2},"end":{"line":45,"column":null}},"16":{"start":{"line":45,"column":25},"end":{"line":45,"column":null}},"17":{"start":{"line":46,"column":2},"end":{"line":46,"column":null}}},"fnMap":{"0":{"name":"(anonymous_0)","decl":{"start":{"line":20,"column":2},"end":{"line":20,"column":3}},"loc":{"start":{"line":20,"column":8},"end":{"line":32,"column":null}},"line":20},"1":{"name":"ikPath","decl":{"start":{"line":36,"column":16},"end":{"line":36,"column":23}},"loc":{"start":{"line":36,"column":75},"end":{"line":47,"column":null}},"line":36}},"branchMap":{"0":{"loc":{"start":{"line":22,"column":4},"end":{"line":30,"column":null}},"type":"if","locations":[{"start":{"line":22,"column":4},"end":{"line":30,"column":null}},{"start":{},"end":{}}],"line":22},"1":{"loc":{"start":{"line":24,"column":6},"end":{"line":28,"column":null}},"type":"if","locations":[{"start":{"line":24,"column":6},"end":{"line":28,"column":null}},{"start":{},"end":{}}],"line":24},"2":{"loc":{"start":{"line":38,"column":4},"end":{"line":38,"column":null}},"type":"cond-expr","locations":[{"start":{"line":38,"column":27},"end":{"line":38,"column":60}},{"start":{"line":38,"column":64},"end":{"line":38,"column":null}}],"line":38},"3":{"loc":{"start":{"line":41,"column":27},"end":{"line":41,"column":null}},"type":"cond-expr","locations":[{"start":{"line":41,"column":40},"end":{"line":41,"column":56}},{"start":{"line":41,"column":59},"end":{"line":41,"column":null}}],"line":41},"4":{"loc":{"start":{"line":44,"column":2},"end":{"line":44,"column":null}},"type":"if","locations":[{"start":{"line":44,"column":2},"end":{"line":44,"column":null}},{"start":{},"end":{}}],"line":44},"5":{"loc":{"start":{"line":44,"column":21},"end":{"line":44,"column":null}},"type":"binary-expr","locations":[{"start":{"line":44,"column":21},"end":{"line":44,"column":41}},{"start":{"line":44,"column":41},"end":{"line":44,"column":null}}],"line":44},"6":{"loc":{"start":{"line":45,"column":2},"end":{"line":45,"column":null}},"type":"if","locations":[{"start":{"line":45,"column":2},"end":{"line":45,"column":null}},{"start":{},"end":{}}],"line":45}},"s":{"0":2,"1":2,"2":4,"3":4,"4":4,"5":4,"6":0,"7":4,"8":4,"9":8,"10":8,"11":8,"12":8,"13":8,"14":1,"15":7,"16":1,"17":6},"f":{"0":4,"1":8},"b":{"0":[4,0],"1":[0,4],"2":[0,8],"3":[7,1],"4":[1,7],"5":[1,0],"6":[1,6]},"meta":{"lastBranch":7,"lastFunction":2,"lastStatement":18,"seen":{"s:1:26:4:Infinity":0,"s:19:61:33:Infinity":1,"f:20:2:20:3":0,"s:21:22:21:Infinity":2,"b:22:4:30:Infinity:undefined:undefined:undefined:undefined":0,"s:22:4:30:Infinity":3,"s:23:19:23:31":4,"b:24:6:28:Infinity:undefined:undefined:undefined:undefined":1,"s:24:6:28:Infinity":5,"s:25:8:26:Infinity":6,"s:29:6:29:Infinity":7,"s:31:4:31:Infinity":8,"f:36:16:36:23":1,"s:38:4:38:Infinity":9,"b:38:27:38:60:38:64:38:Infinity":2,"s:40:21:40:Infinity":10,"s:41:27:41:Infinity":11,"b:41:40:41:56:41:59:41:Infinity":3,"s:42:16:42:Infinity":12,"b:44:2:44:Infinity:undefined:undefined:undefined:undefined":4,"s:44:2:44:Infinity":13,"s:44:14:44:Infinity":14,"b:44:21:44:41:44:41:44:Infinity":5,"b:45:2:45:Infinity:undefined:undefined:undefined:undefined":6,"s:45:2:45:Infinity":15,"s:45:25:45:Infinity":16,"s:46:2:46:Infinity":17}}}
,"C:\\Users\\jlc254\\Music\\devopssummit.africa-v3\\src\\utils\\getInitials.ts": {"path":"C:\\Users\\jlc254\\Music\\devopssummit.africa-v3\\src\\utils\\getInitials.ts","statementMap":{"0":{"start":{"line":8,"column":2},"end":{"line":8,"column":null}},"1":{"start":{"line":8,"column":13},"end":{"line":8,"column":null}},"2":{"start":{"line":9,"column":2},"end":{"line":16,"column":null}},"3":{"start":{"line":12,"column":22},"end":{"line":12,"column":null}},"4":{"start":{"line":13,"column":16},"end":{"line":13,"column":20}}},"fnMap":{"0":{"name":"getInitials","decl":{"start":{"line":7,"column":16},"end":{"line":7,"column":28}},"loc":{"start":{"line":7,"column":40},"end":{"line":17,"column":null}},"line":7},"1":{"name":"(anonymous_1)","decl":{"start":{"line":12,"column":12},"end":{"line":12,"column":13}},"loc":{"start":{"line":12,"column":22},"end":{"line":12,"column":null}},"line":12},"2":{"name":"(anonymous_2)","decl":{"start":{"line":13,"column":9},"end":{"line":13,"column":10}},"loc":{"start":{"line":13,"column":16},"end":{"line":13,"column":20}},"line":13}},"branchMap":{"0":{"loc":{"start":{"line":8,"column":2},"end":{"line":8,"column":null}},"type":"if","locations":[{"start":{"line":8,"column":2},"end":{"line":8,"column":null}},{"start":{},"end":{}}],"line":8}},"s":{"0":7,"1":2,"2":5,"3":9,"4":9},"f":{"0":7,"1":9,"2":9},"b":{"0":[2,5]},"meta":{"lastBranch":1,"lastFunction":3,"lastStatement":5,"seen":{"f:7:16:7:28":0,"b:8:2:8:Infinity:undefined:undefined:undefined:undefined":0,"s:8:2:8:Infinity":0,"s:8:13:8:Infinity":1,"s:9:2:16:Infinity":2,"f:12:12:12:13":1,"s:12:22:12:Infinity":3,"f:13:9:13:10":2,"s:13:16:13:20":4}}}
,"C:\\Users\\jlc254\\Music\\devopssummit.africa-v3\\src\\utils\\imagekit.utils.ts": {"path":"C:\\Users\\jlc254\\Music\\devopssummit.africa-v3\\src\\utils\\imagekit.utils.ts","statementMap":{"0":{"start":{"line":7,"column":33},"end":{"line":7,"column":59}},"1":{"start":{"line":9,"column":42},"end":{"line":34,"column":null}},"2":{"start":{"line":37,"column":2},"end":{"line":37,"column":null}},"3":{"start":{"line":37,"column":13},"end":{"line":37,"column":null}},"4":{"start":{"line":38,"column":26},"end":{"line":38,"column":28}},"5":{"start":{"line":39,"column":2},"end":{"line":53,"column":null}},"6":{"start":{"line":40,"column":4},"end":{"line":40,"column":null}},"7":{"start":{"line":40,"column":40},"end":{"line":40,"column":null}},"8":{"start":{"line":41,"column":18},"end":{"line":41,"column":32}},"9":{"start":{"line":42,"column":4},"end":{"line":47,"column":null}},"10":{"start":{"line":43,"column":6},"end":{"line":45,"column":null}},"11":{"start":{"line":44,"column":8},"end":{"line":44,"column":null}},"12":{"start":{"line":46,"column":6},"end":{"line":46,"column":null}},"13":{"start":{"line":48,"column":4},"end":{"line":52,"column":null}},"14":{"start":{"line":49,"column":6},"end":{"line":49,"column":null}},"15":{"start":{"line":49,"column":17},"end":{"line":49,"column":null}},"16":{"start":{"line":51,"column":6},"end":{"line":51,"column":null}},"17":{"start":{"line":54,"column":2},"end":{"line":54,"column":null}},"18":{"start":{"line":61,"column":19},"end":{"line":61,"column":59}},"19":{"start":{"line":62,"column":2},"end":{"line":62,"column":null}},"20":{"start":{"line":62,"column":23},"end":{"line":62,"column":null}},"21":{"start":{"line":63,"column":26},"end":{"line":63,"column":null}},"22":{"start":{"line":64,"column":19},"end":{"line":64,"column":null}},"23":{"start":{"line":65,"column":2},"end":{"line":65,"column":null}},"24":{"start":{"line":65,"column":17},"end":{"line":65,"column":null}},"25":{"start":{"line":66,"column":2},"end":{"line":66,"column":null}},"26":{"start":{"line":74,"column":2},"end":{"line":82,"column":null}},"27":{"start":{"line":76,"column":18},"end":{"line":79,"column":null}},"28":{"start":{"line":80,"column":6},"end":{"line":80,"column":null}},"29":{"start":{"line":90,"column":2},"end":{"line":95,"column":null}},"30":{"start":{"line":99,"column":2},"end":{"line":107,"column":null}},"31":{"start":{"line":111,"column":2},"end":{"line":118,"column":null}},"32":{"start":{"line":139,"column":2},"end":{"line":148,"column":null}},"33":{"start":{"line":141,"column":11},"end":{"line":141,"column":null}},"34":{"start":{"line":142,"column":39},"end":{"line":142,"column":null}},"35":{"start":{"line":144,"column":6},"end":{"line":144,"column":null}},"36":{"start":{"line":145,"column":39},"end":{"line":145,"column":null}},"37":{"start":{"line":146,"column":32},"end":{"line":146,"column":null}},"38":{"start":{"line":147,"column":22},"end":{"line":147,"column":null}}},"fnMap":{"0":{"name":"serialise","decl":{"start":{"line":36,"column":9},"end":{"line":36,"column":19}},"loc":{"start":{"line":36,"column":44},"end":{"line":55,"column":null}},"line":36},"1":{"name":"buildImageKitUrl","decl":{"start":{"line":57,"column":16},"end":{"line":57,"column":null}},"loc":{"start":{"line":59,"column":68},"end":{"line":67,"column":null}},"line":59},"2":{"name":"buildSrcSet","decl":{"start":{"line":69,"column":16},"end":{"line":69,"column":null}},"loc":{"start":{"line":72,"column":45},"end":{"line":83,"column":null}},"line":72},"3":{"name":"(anonymous_3)","decl":{"start":{"line":75,"column":9},"end":{"line":75,"column":10}},"loc":{"start":{"line":75,"column":10},"end":{"line":81,"column":null}},"line":75},"4":{"name":"buildLqipUrl","decl":{"start":{"line":85,"column":16},"end":{"line":85,"column":null}},"loc":{"start":{"line":88,"column":44},"end":{"line":96,"column":null}},"line":88},"5":{"name":"buildAvatarUrl","decl":{"start":{"line":98,"column":16},"end":{"line":98,"column":31}},"loc":{"start":{"line":98,"column":62},"end":{"line":108,"column":null}},"line":98},"6":{"name":"buildOgImageUrl","decl":{"start":{"line":110,"column":16},"end":{"line":110,"column":32}},"loc":{"start":{"line":110,"column":44},"end":{"line":119,"column":null}},"line":110},"7":{"name":"createFolderScope","decl":{"start":{"line":138,"column":16},"end":{"line":138,"column":34}},"loc":{"start":{"line":138,"column":54},"end":{"line":149,"column":null}},"line":138},"8":{"name":"(anonymous_8)","decl":{"start":{"line":141,"column":10},"end":{"line":141,"column":11}},"loc":{"start":{"line":141,"column":11},"end":{"line":141,"column":null}},"line":141},"9":{"name":"(anonymous_9)","decl":{"start":{"line":142,"column":9},"end":{"line":142,"column":10}},"loc":{"start":{"line":142,"column":39},"end":{"line":142,"column":null}},"line":142},"10":{"name":"(anonymous_10)","decl":{"start":{"line":143,"column":12},"end":{"line":143,"column":13}},"loc":{"start":{"line":144,"column":6},"end":{"line":144,"column":null}},"line":144},"11":{"name":"(anonymous_11)","decl":{"start":{"line":145,"column":10},"end":{"line":145,"column":11}},"loc":{"start":{"line":145,"column":39},"end":{"line":145,"column":null}},"line":145},"12":{"name":"(anonymous_12)","decl":{"start":{"line":146,"column":12},"end":{"line":146,"column":13}},"loc":{"start":{"line":146,"column":32},"end":{"line":146,"column":null}},"line":146},"13":{"name":"(anonymous_13)","decl":{"start":{"line":147,"column":8},"end":{"line":147,"column":9}},"loc":{"start":{"line":147,"column":22},"end":{"line":147,"column":null}},"line":147}},"branchMap":{"0":{"loc":{"start":{"line":37,"column":2},"end":{"line":37,"column":null}},"type":"if","locations":[{"start":{"line":37,"column":2},"end":{"line":37,"column":null}},{"start":{},"end":{}}],"line":37},"1":{"loc":{"start":{"line":40,"column":4},"end":{"line":40,"column":null}},"type":"if","locations":[{"start":{"line":40,"column":4},"end":{"line":40,"column":null}},{"start":{},"end":{}}],"line":40},"2":{"loc":{"start":{"line":40,"column":8},"end":{"line":40,"column":40}},"type":"binary-expr","locations":[{"start":{"line":40,"column":8},"end":{"line":40,"column":25}},{"start":{"line":40,"column":25},"end":{"line":40,"column":40}}],"line":40},"3":{"loc":{"start":{"line":42,"column":4},"end":{"line":47,"column":null}},"type":"if","locations":[{"start":{"line":42,"column":4},"end":{"line":47,"column":null}},{"start":{},"end":{}}],"line":42},"4":{"loc":{"start":{"line":43,"column":6},"end":{"line":45,"column":null}},"type":"if","locations":[{"start":{"line":43,"column":6},"end":{"line":45,"column":null}},{"start":{},"end":{}}],"line":43},"5":{"loc":{"start":{"line":48,"column":4},"end":{"line":52,"column":null}},"type":"if","locations":[{"start":{"line":48,"column":4},"end":{"line":52,"column":null}},{"start":{"line":50,"column":11},"end":{"line":52,"column":null}}],"line":48},"6":{"loc":{"start":{"line":49,"column":6},"end":{"line":49,"column":null}},"type":"if","locations":[{"start":{"line":49,"column":6},"end":{"line":49,"column":null}},{"start":{},"end":{}}],"line":49},"7":{"loc":{"start":{"line":61,"column":19},"end":{"line":61,"column":59}},"type":"cond-expr","locations":[{"start":{"line":61,"column":42},"end":{"line":61,"column":49}},{"start":{"line":61,"column":49},"end":{"line":61,"column":59}}],"line":61},"8":{"loc":{"start":{"line":62,"column":2},"end":{"line":62,"column":null}},"type":"if","locations":[{"start":{"line":62,"column":2},"end":{"line":62,"column":null}},{"start":{},"end":{}}],"line":62},"9":{"loc":{"start":{"line":63,"column":26},"end":{"line":63,"column":null}},"type":"cond-expr","locations":[{"start":{"line":63,"column":58},"end":{"line":63,"column":75}},{"start":{"line":63,"column":75},"end":{"line":63,"column":null}}],"line":63},"10":{"loc":{"start":{"line":65,"column":2},"end":{"line":65,"column":null}},"type":"if","locations":[{"start":{"line":65,"column":2},"end":{"line":65,"column":null}},{"start":{},"end":{}}],"line":65},"11":{"loc":{"start":{"line":71,"column":2},"end":{"line":71,"column":null}},"type":"default-arg","locations":[{"start":{"line":71,"column":30},"end":{"line":71,"column":null}}],"line":71},"12":{"loc":{"start":{"line":87,"column":2},"end":{"line":87,"column":50}},"type":"default-arg","locations":[{"start":{"line":87,"column":20},"end":{"line":87,"column":50}}],"line":87},"13":{"loc":{"start":{"line":88,"column":2},"end":{"line":88,"column":44}},"type":"default-arg","locations":[{"start":{"line":88,"column":17},"end":{"line":88,"column":44}}],"line":88},"14":{"loc":{"start":{"line":98,"column":45},"end":{"line":98,"column":62}},"type":"default-arg","locations":[{"start":{"line":98,"column":60},"end":{"line":98,"column":62}}],"line":98}},"s":{"0":1,"1":1,"2":18,"3":0,"4":18,"5":18,"6":30,"7":0,"8":30,"9":30,"10":0,"11":0,"12":0,"13":30,"14":0,"15":0,"16":30,"17":18,"18":24,"19":24,"20":2,"21":18,"22":24,"23":24,"24":2,"25":16,"26":5,"27":8,"28":8,"29":6,"30":0,"31":0,"32":0,"33":0,"34":0,"35":0,"36":0,"37":0,"38":0},"f":{"0":18,"1":24,"2":5,"3":8,"4":6,"5":0,"6":0,"7":0,"8":0,"9":0,"10":0,"11":0,"12":0,"13":0},"b":{"0":[0,18],"1":[0,30],"2":[30,30],"3":[0,30],"4":[0,0],"5":[0,30],"6":[0,0],"7":[18,2],"8":[2,22],"9":[2,16],"10":[2,22],"11":[5],"12":[6],"13":[6],"14":[0]},"meta":{"lastBranch":15,"lastFunction":14,"lastStatement":39,"seen":{"s:7:33:7:59":0,"s:9:42:34:Infinity":1,"f:36:9:36:19":0,"b:37:2:37:Infinity:undefined:undefined:undefined:undefined":0,"s:37:2:37:Infinity":2,"s:37:13:37:Infinity":3,"s:38:26:38:28":4,"s:39:2:53:Infinity":5,"b:40:4:40:Infinity:undefined:undefined:undefined:undefined":1,"s:40:4:40:Infinity":6,"b:40:8:40:25:40:25:40:40":2,"s:40:40:40:Infinity":7,"s:41:18:41:32":8,"b:42:4:47:Infinity:undefined:undefined:undefined:undefined":3,"s:42:4:47:Infinity":9,"b:43:6:45:Infinity:undefined:undefined:undefined:undefined":4,"s:43:6:45:Infinity":10,"s:44:8:44:Infinity":11,"s:46:6:46:Infinity":12,"b:48:4:52:Infinity:50:11:52:Infinity":5,"s:48:4:52:Infinity":13,"b:49:6:49:Infinity:undefined:undefined:undefined:undefined":6,"s:49:6:49:Infinity":14,"s:49:17:49:Infinity":15,"s:51:6:51:Infinity":16,"s:54:2:54:Infinity":17,"f:57:16:57:Infinity":1,"s:61:19:61:59":18,"b:61:42:61:49:61:49:61:59":7,"b:62:2:62:Infinity:undefined:undefined:undefined:undefined":8,"s:62:2:62:Infinity":19,"s:62:23:62:Infinity":20,"s:63:26:63:Infinity":21,"b:63:58:63:75:63:75:63:Infinity":9,"s:64:19:64:Infinity":22,"b:65:2:65:Infinity:undefined:undefined:undefined:undefined":10,"s:65:2:65:Infinity":23,"s:65:17:65:Infinity":24,"s:66:2:66:Infinity":25,"f:69:16:69:Infinity":2,"b:71:30:71:Infinity":11,"s:74:2:82:Infinity":26,"f:75:9:75:10":3,"s:76:18:79:Infinity":27,"s:80:6:80:Infinity":28,"f:85:16:85:Infinity":4,"b:87:20:87:50":12,"b:88:17:88:44":13,"s:90:2:95:Infinity":29,"f:98:16:98:31":5,"b:98:60:98:62":14,"s:99:2:107:Infinity":30,"f:110:16:110:32":6,"s:111:2:118:Infinity":31,"f:138:16:138:34":7,"s:139:2:148:Infinity":32,"f:141:10:141:11":8,"s:141:11:141:Infinity":33,"f:142:9:142:10":9,"s:142:39:142:Infinity":34,"f:143:12:143:13":10,"s:144:6:144:Infinity":35,"f:145:10:145:11":11,"s:145:39:145:Infinity":36,"f:146:12:146:13":12,"s:146:32:146:Infinity":37,"f:147:8:147:9":13,"s:147:22:147:Infinity":38}}}
,"C:\\Users\\jlc254\\Music\\devopssummit.africa-v3\\src\\utils\\sanitize.ts": {"path":"C:\\Users\\jlc254\\Music\\devopssummit.africa-v3\\src\\utils\\sanitize.ts","statementMap":{"0":{"start":{"line":8,"column":28},"end":{"line":15,"column":null}},"1":{"start":{"line":9,"column":2},"end":{"line":14,"column":null}},"2":{"start":{"line":21,"column":28},"end":{"line":23,"column":null}},"3":{"start":{"line":22,"column":2},"end":{"line":22,"column":null}},"4":{"start":{"line":29,"column":25},"end":{"line":50,"column":null}},"5":{"start":{"line":30,"column":2},"end":{"line":30,"column":null}},"6":{"start":{"line":30,"column":12},"end":{"line":30,"column":null}},"7":{"start":{"line":33,"column":21},"end":{"line":33,"column":null}},"8":{"start":{"line":34,"column":2},"end":{"line":36,"column":null}},"9":{"start":{"line":35,"column":4},"end":{"line":35,"column":null}},"10":{"start":{"line":39,"column":2},"end":{"line":41,"column":null}},"11":{"start":{"line":40,"column":4},"end":{"line":40,"column":null}},"12":{"start":{"line":43,"column":2},"end":{"line":49,"column":null}},"13":{"start":{"line":44,"column":19},"end":{"line":44,"column":null}},"14":{"start":{"line":45,"column":4},"end":{"line":45,"column":null}},"15":{"start":{"line":48,"column":4},"end":{"line":48,"column":null}},"16":{"start":{"line":55,"column":27},"end":{"line":57,"column":null}},"17":{"start":{"line":56,"column":2},"end":{"line":56,"column":null}}},"fnMap":{"0":{"name":"(anonymous_0)","decl":{"start":{"line":8,"column":28},"end":{"line":8,"column":29}},"loc":{"start":{"line":8,"column":29},"end":{"line":15,"column":null}},"line":8},"1":{"name":"(anonymous_1)","decl":{"start":{"line":21,"column":28},"end":{"line":21,"column":29}},"loc":{"start":{"line":21,"column":29},"end":{"line":23,"column":null}},"line":21},"2":{"name":"(anonymous_2)","decl":{"start":{"line":29,"column":25},"end":{"line":29,"column":26}},"loc":{"start":{"line":29,"column":26},"end":{"line":50,"column":null}},"line":29},"3":{"name":"(anonymous_3)","decl":{"start":{"line":55,"column":27},"end":{"line":55,"column":28}},"loc":{"start":{"line":55,"column":55},"end":{"line":57,"column":null}},"line":55}},"branchMap":{"0":{"loc":{"start":{"line":30,"column":2},"end":{"line":30,"column":null}},"type":"if","locations":[{"start":{"line":30,"column":2},"end":{"line":30,"column":null}},{"start":{},"end":{}}],"line":30},"1":{"loc":{"start":{"line":34,"column":2},"end":{"line":36,"column":null}},"type":"if","locations":[{"start":{"line":34,"column":2},"end":{"line":36,"column":null}},{"start":{},"end":{}}],"line":34},"2":{"loc":{"start":{"line":34,"column":6},"end":{"line":34,"column":73}},"type":"binary-expr","locations":[{"start":{"line":34,"column":6},"end":{"line":34,"column":42}},{"start":{"line":34,"column":42},"end":{"line":34,"column":73}}],"line":34},"3":{"loc":{"start":{"line":39,"column":2},"end":{"line":41,"column":null}},"type":"if","locations":[{"start":{"line":39,"column":2},"end":{"line":41,"column":null}},{"start":{},"end":{}}],"line":39},"4":{"loc":{"start":{"line":48,"column":11},"end":{"line":48,"column":null}},"type":"binary-expr","locations":[{"start":{"line":48,"column":11},"end":{"line":48,"column":34}},{"start":{"line":48,"column":34},"end":{"line":48,"column":null}}],"line":48},"5":{"loc":{"start":{"line":55,"column":41},"end":{"line":55,"column":55}},"type":"default-arg","locations":[{"start":{"line":55,"column":52},"end":{"line":55,"column":55}}],"line":55},"6":{"loc":{"start":{"line":56,"column":9},"end":{"line":56,"column":null}},"type":"cond-expr","locations":[{"start":{"line":56,"column":26},"end":{"line":56,"column":32}},{"start":{"line":56,"column":32},"end":{"line":56,"column":null}}],"line":56}},"s":{"0":1,"1":0,"2":1,"3":0,"4":1,"5":4,"6":0,"7":4,"8":4,"9":0,"10":4,"11":0,"12":4,"13":4,"14":4,"15":0,"16":1,"17":4},"f":{"0":0,"1":0,"2":4,"3":4},"b":{"0":[0,4],"1":[0,4],"2":[4,4],"3":[0,4],"4":[0,0],"5":[4],"6":[4,0]},"meta":{"lastBranch":7,"lastFunction":4,"lastStatement":18,"seen":{"s:8:28:15:Infinity":0,"f:8:28:8:29":0,"s:9:2:14:Infinity":1,"s:21:28:23:Infinity":2,"f:21:28:21:29":1,"s:22:2:22:Infinity":3,"s:29:25:50:Infinity":4,"f:29:25:29:26":2,"b:30:2:30:Infinity:undefined:undefined:undefined:undefined":0,"s:30:2:30:Infinity":5,"s:30:12:30:Infinity":6,"s:33:21:33:Infinity":7,"b:34:2:36:Infinity:undefined:undefined:undefined:undefined":1,"s:34:2:36:Infinity":8,"b:34:6:34:42:34:42:34:73":2,"s:35:4:35:Infinity":9,"b:39:2:41:Infinity:undefined:undefined:undefined:undefined":3,"s:39:2:41:Infinity":10,"s:40:4:40:Infinity":11,"s:43:2:49:Infinity":12,"s:44:19:44:Infinity":13,"s:45:4:45:Infinity":14,"s:48:4:48:Infinity":15,"b:48:11:48:34:48:34:48:Infinity":4,"s:55:27:57:Infinity":16,"f:55:27:55:28":3,"b:55:52:55:55":5,"s:56:2:56:Infinity":17,"b:56:26:56:32:56:32:56:Infinity":6}}}
}
