TN:
SF:src\components\SafeLink.tsx
FN:13,(anonymous_0)
FN:16,(anonymous_1)
FNF:2
FNH:2
FNDA:7,(anonymous_0)
FNDA:6,(anonymous_1)
DA:13,1
DA:14,7
DA:16,7
DA:17,6
DA:18,6
DA:19,6
DA:20,6
DA:22,0
DA:26,7
LF:9
LH:8
BRDA:18,0,0,0
BRDA:18,0,1,6
BRDA:30,1,0,7
BRDA:30,1,1,7
BRDA:36,2,0,7
BRDA:36,2,1,7
BRF:6
BRH:5
end_of_record
TN:
SF:src\components\landing\Hero.tsx
FN:10,useCountdown
FN:12,(anonymous_1)
FN:14,(anonymous_2)
FN:25,(anonymous_3)
FN:30,(anonymous_4)
FN:34,(anonymous_5)
FN:43,(anonymous_6)
FN:46,(anonymous_7)
FN:51,(anonymous_8)
FN:56,(anonymous_9)
FN:66,(anonymous_10)
FN:93,(anonymous_11)
FN:127,(anonymous_12)
FN:139,(anonymous_13)
FN:150,(anonymous_14)
FNF:15
FNH:15
FNDA:11,useCountdown
FNDA:5,(anonymous_1)
FNDA:6,(anonymous_2)
FNDA:5,(anonymous_3)
FNDA:5,(anonymous_4)
FNDA:5,(anonymous_5)
FNDA:792,(anonymous_6)
FNDA:6,(anonymous_7)
FNDA:6,(anonymous_8)
FNDA:132,(anonymous_9)
FNDA:4158,(anonymous_10)
FNDA:67,(anonymous_11)
FNDA:5,(anonymous_12)
FNDA:40,(anonymous_13)
FNDA:11,(anonymous_14)
DA:6,1
DA:8,1
DA:11,11
DA:12,11
DA:13,5
DA:14,5
DA:15,6
DA:16,6
DA:23,5
DA:24,5
DA:25,5
DA:27,11
DA:30,1
DA:31,5
DA:32,5
DA:34,5
DA:35,5
DA:37,5
DA:38,5
DA:40,5
DA:43,5
DA:44,792
DA:46,5
DA:47,6
DA:48,6
DA:51,5
DA:52,6
DA:54,6
DA:55,6
DA:56,132
DA:66,5
DA:72,4158
DA:73,135135
DA:74,135135
DA:75,135135
DA:78,135135
DA:80,130845
DA:81,130845
DA:82,130845
DA:83,130845
DA:84,130845
DA:85,130845
DA:86,130845
DA:87,130845
DA:88,130845
DA:93,5
DA:96,67
DA:98,67
DA:99,67
DA:101,67
DA:102,4158
DA:105,4158
DA:106,4158
DA:109,4158
DA:110,4158
DA:111,4158
DA:112,4158
DA:114,4158
DA:115,4158
DA:116,4158
DA:117,4158
DA:119,4158
DA:121,67
DA:124,5
DA:125,5
DA:126,5
DA:127,5
DA:128,5
DA:129,5
DA:133,5
DA:135,5
DA:137,1
DA:139,40
DA:150,1
DA:151,11
DA:152,11
DA:154,11
LF:77
LH:77
BRDA:8,0,0,0
BRDA:8,0,1,1
BRDA:13,1,0,0
BRDA:13,1,1,5
BRDA:35,2,0,0
BRDA:35,2,1,5
BRDA:38,3,0,5
BRDA:38,3,1,0
BRDA:54,4,0,0
BRDA:54,4,1,6
BRDA:78,5,0,4290
BRDA:78,5,1,130845
BRDA:78,6,0,135135
BRDA:78,6,1,130845
BRDA:81,7,0,130845
BRDA:81,7,1,0
BRDA:109,8,0,132
BRDA:109,8,1,4026
BRDA:110,9,0,0
BRDA:110,9,1,4158
BRDA:111,10,0,132
BRDA:111,10,1,4026
BRDA:112,11,0,0
BRDA:112,11,1,4158
BRDA:133,12,0,0
BRDA:133,12,1,5
BRDA:232,13,0,0
BRDA:232,13,1,10
BRF:28
BRH:18
end_of_record
TN:
SF:src\components\landing\UpcomingEvent.tsx
FN:16,(anonymous_0)
FN:20,(anonymous_1)
FN:21,(anonymous_2)
FN:26,(anonymous_3)
FN:33,(anonymous_4)
FN:34,(anonymous_5)
FN:37,(anonymous_6)
FN:40,(anonymous_7)
FN:50,(anonymous_8)
FN:73,(anonymous_9)
FNF:10
FNH:10
FNDA:7,(anonymous_0)
FNDA:6,(anonymous_1)
FNDA:18,(anonymous_2)
FNDA:6,(anonymous_3)
FNDA:1,(anonymous_4)
FNDA:1,(anonymous_5)
FNDA:6,(anonymous_6)
FNDA:7,(anonymous_7)
FNDA:6,(anonymous_8)
FNDA:1,(anonymous_9)
DA:8,1
DA:14,1
DA:16,1
DA:17,7
DA:18,7
DA:20,7
DA:21,6
DA:22,18
DA:23,18
DA:24,18
DA:26,6
DA:27,6
DA:28,18
DA:33,7
DA:34,1
DA:37,7
DA:38,6
DA:40,6
DA:41,7
DA:42,7
DA:43,7
DA:47,6
DA:48,6
DA:50,6
DA:51,6
DA:52,6
DA:56,7
DA:74,1
DA:75,1
DA:76,1
DA:77,1
DA:78,1
LF:32
LH:32
BRDA:41,0,0,1
BRDA:41,0,1,6
BRDA:42,1,0,7
BRDA:42,1,1,0
BRDA:51,2,0,6
BRDA:51,2,1,0
BRDA:63,3,0,0
BRDA:63,3,1,7
BRDA:65,4,0,0
BRDA:65,4,1,7
BRDA:66,5,0,0
BRDA:66,5,1,7
BRDA:75,6,0,0
BRDA:75,6,1,1
BRDA:99,7,0,0
BRDA:99,7,1,7
BRDA:102,8,0,0
BRDA:102,8,1,7
BRF:18
BRH:10
end_of_record
TN:
SF:src\components\layout\Navbar.tsx
FN:13,(anonymous_0)
FN:15,(anonymous_1)
FN:16,(anonymous_2)
FN:26,(anonymous_3)
FN:42,(anonymous_4)
FN:45,(anonymous_5)
FN:46,(anonymous_6)
FN:52,(anonymous_7)
FN:79,(anonymous_8)
FN:98,(anonymous_9)
FN:117,(anonymous_10)
FN:123,(anonymous_11)
FN:139,(anonymous_12)
FN:154,(anonymous_13)
FN:170,(anonymous_14)
FN:177,(anonymous_15)
FN:186,(anonymous_16)
FNF:17
FNH:13
FNDA:5,(anonymous_0)
FNDA:12,(anonymous_1)
FNDA:7,(anonymous_2)
FNDA:1,(anonymous_3)
FNDA:9,(anonymous_4)
FNDA:0,(anonymous_5)
FNDA:9,(anonymous_6)
FNDA:1,(anonymous_7)
FNDA:65,(anonymous_8)
FNDA:0,(anonymous_9)
FNDA:60,(anonymous_10)
FNDA:1,(anonymous_11)
FNDA:1,(anonymous_12)
FNDA:1,(anonymous_13)
FNDA:5,(anonymous_14)
FNDA:0,(anonymous_15)
FNDA:0,(anonymous_16)
DA:5,1
DA:13,5
DA:15,1
DA:16,12
DA:17,7
DA:19,12
DA:20,12
DA:21,12
DA:22,12
DA:24,12
DA:26,12
DA:27,1
DA:29,1
DA:31,1
DA:32,1
DA:33,5
DA:34,5
DA:35,0
DA:36,0
DA:39,1
DA:42,12
DA:43,9
DA:45,9
DA:46,9
DA:47,9
DA:48,9
DA:52,12
DA:53,1
DA:56,1
DA:62,1
DA:63,1
DA:64,1
DA:68,0
DA:69,0
DA:70,0
DA:71,0
DA:74,0
DA:76,0
DA:79,12
DA:80,65
DA:81,52
DA:82,39
DA:83,26
DA:84,13
DA:85,10
DA:88,12
DA:99,0
DA:100,0
DA:101,0
DA:118,60
DA:119,60
DA:123,1
DA:140,1
DA:141,1
DA:142,0
DA:144,1
DA:154,1
DA:171,5
DA:172,5
DA:177,0
DA:187,0
DA:188,0
DA:189,0
DA:191,0
DA:193,0
LF:65
LH:47
BRDA:17,0,0,7
BRDA:17,0,1,0
BRDA:29,1,0,0
BRDA:29,1,1,1
BRDA:34,2,0,0
BRDA:34,2,1,5
BRDA:34,3,0,5
BRDA:34,3,1,0
BRDA:56,4,0,1
BRDA:56,4,1,0
BRDA:57,5,0,1
BRDA:57,5,1,0
BRDA:57,5,2,0
BRDA:57,5,3,0
BRDA:68,6,0,0
BRDA:68,6,1,0
BRDA:71,7,0,0
BRDA:71,7,1,0
BRDA:80,8,0,13
BRDA:80,8,1,52
BRDA:81,9,0,13
BRDA:81,9,1,39
BRDA:82,10,0,13
BRDA:82,10,1,26
BRDA:83,11,0,13
BRDA:83,11,1,13
BRDA:84,12,0,3
BRDA:84,12,1,10
BRDA:91,13,0,6
BRDA:91,13,1,6
BRDA:110,14,0,6
BRDA:110,14,1,6
BRDA:125,15,0,12
BRDA:125,15,1,48
BRDA:127,16,0,24
BRDA:127,16,1,24
BRDA:141,17,0,0
BRDA:141,17,1,1
BRDA:155,18,0,1
BRDA:155,18,1,11
BRDA:157,19,0,1
BRDA:157,19,1,11
BRDA:158,20,0,0
BRDA:158,20,1,1
BRDA:160,21,0,6
BRDA:160,21,1,5
BRDA:167,22,0,12
BRDA:167,22,1,1
BRDA:176,23,0,1
BRDA:176,23,1,4
BRDA:188,24,0,0
BRDA:188,24,1,0
BRF:52
BRH:36
end_of_record
TN:
SF:src\config\env.ts
FN:7,(anonymous_0)
FN:19,(anonymous_1)
FN:25,(anonymous_2)
FNF:3
FNH:3
FNDA:2,(anonymous_0)
FNDA:104,(anonymous_1)
FNDA:13,(anonymous_2)
DA:7,13
DA:8,2
DA:9,2
DA:10,1
DA:16,1
DA:19,13
DA:20,104
DA:25,13
DA:26,13
DA:28,0
DA:31,13
DA:32,0
DA:36,0
DA:40,0
DA:44,0
DA:45,0
DA:49,0
DA:50,0
DA:51,0
DA:54,0
DA:57,13
DA:58,13
DA:59,13
DA:60,13
DA:61,13
DA:62,13
DA:65,13
DA:68,13
DA:69,13
DA:73,13
DA:74,13
DA:77,13
DA:78,13
DA:81,13
DA:84,13
DA:85,13
DA:89,13
DA:91,13
LF:38
LH:28
BRDA:9,0,0,1
BRDA:9,0,1,1
BRDA:9,1,0,2
BRDA:9,1,1,2
BRDA:9,1,2,2
BRDA:9,1,3,2
BRDA:19,2,0,104
BRDA:20,3,0,104
BRDA:20,3,1,59
BRDA:26,4,0,13
BRDA:26,4,1,0
BRDA:28,5,0,0
BRDA:28,5,1,0
BRDA:31,6,0,0
BRDA:31,6,1,13
BRDA:31,7,0,13
BRDA:31,7,1,0
BRDA:36,8,0,0
BRDA:36,8,1,0
BRDA:37,9,0,0
BRDA:37,9,1,0
BRDA:44,10,0,0
BRDA:44,10,1,0
BRDA:50,11,0,0
BRDA:50,11,1,0
BRDA:54,12,0,0
BRDA:54,12,1,0
BRDA:73,13,0,13
BRDA:73,13,1,3
BRDA:73,13,2,3
BRDA:89,14,0,13
BRDA:89,14,1,0
BRDA:91,15,0,13
BRDA:91,15,1,0
BRF:34
BRH:17
end_of_record
TN:
SF:src\config\validateEnv.ts
FN:14,(anonymous_0)
FN:30,(anonymous_1)
FN:46,(anonymous_2)
FN:79,(anonymous_3)
FN:83,(anonymous_4)
FN:94,(anonymous_5)
FN:95,(anonymous_6)
FN:100,(anonymous_7)
FN:102,(anonymous_8)
FN:107,(anonymous_9)
FN:110,(anonymous_10)
FN:113,(anonymous_11)
FN:126,(anonymous_12)
FNF:13
FNH:12
FNDA:8,(anonymous_0)
FNDA:8,(anonymous_1)
FNDA:8,(anonymous_2)
FNDA:812,(anonymous_3)
FNDA:350,(anonymous_4)
FNDA:8,(anonymous_5)
FNDA:812,(anonymous_6)
FNDA:8,(anonymous_7)
FNDA:0,(anonymous_8)
FNDA:8,(anonymous_9)
FNDA:7,(anonymous_10)
FNDA:6,(anonymous_11)
FNDA:8,(anonymous_12)
DA:14,8
DA:15,8
DA:16,1
DA:18,7
DA:19,7
DA:21,1
DA:25,8
DA:26,1
DA:30,8
DA:31,8
DA:32,8
DA:33,8
DA:39,0
DA:46,8
DA:47,8
DA:49,0
DA:50,0
DA:56,0
DA:57,0
DA:64,8
DA:77,8
DA:79,8
DA:80,812
DA:81,36
DA:83,35
DA:84,350
DA:85,4
DA:94,8
DA:95,8
DA:96,812
DA:100,8
DA:101,8
DA:102,0
DA:103,0
DA:104,0
DA:107,8
DA:108,8
DA:110,7
DA:111,6
DA:113,6
DA:115,6
DA:116,3
DA:119,3
DA:120,3
DA:122,0
DA:126,8
DA:127,8
DA:128,8
DA:130,8
DA:131,8
DA:132,8
DA:133,8
DA:135,8
DA:136,8
LF:54
LH:45
BRDA:15,0,0,1
BRDA:15,0,1,7
BRDA:25,1,0,1
BRDA:25,1,1,7
BRDA:33,2,0,0
BRDA:33,2,1,8
BRDA:34,3,0,8
BRDA:34,3,1,0
BRDA:34,3,2,0
BRDA:34,3,3,0
BRDA:47,4,0,8
BRDA:47,4,1,0
BRDA:49,5,0,0
BRDA:49,5,1,0
BRDA:56,6,0,0
BRDA:56,6,1,0
BRDA:56,7,0,0
BRDA:56,7,1,0
BRDA:80,8,0,776
BRDA:80,8,1,36
BRDA:81,9,0,1
BRDA:81,9,1,35
BRDA:84,10,0,4
BRDA:84,10,1,346
BRDA:101,11,0,8
BRDA:101,11,1,0
BRDA:108,12,0,2
BRDA:108,12,1,6
BRDA:115,13,0,3
BRDA:115,13,1,3
BRDA:119,14,0,3
BRDA:119,14,1,0
BRF:32
BRH:19
end_of_record
TN:
SF:src\data\summitData.ts
FNF:0
FNH:0
DA:17,2
DA:66,2
DA:77,2
DA:112,2
LF:4
LH:4
BRF:0
BRH:0
end_of_record
TN:
SF:src\hooks\useImageKit.ts
FN:15,useImageKit
FN:17,(anonymous_1)
FN:22,(anonymous_2)
FN:27,(anonymous_3)
FN:31,(anonymous_4)
FN:34,(anonymous_5)
FN:37,(anonymous_6)
FN:49,useIKFolder
FN:50,(anonymous_8)
FNF:9
FNH:8
FNDA:9,useImageKit
FNDA:3,(anonymous_1)
FNDA:0,(anonymous_2)
FNDA:1,(anonymous_3)
FNDA:1,(anonymous_4)
FNDA:1,(anonymous_5)
FNDA:8,(anonymous_6)
FNDA:3,useIKFolder
FNDA:2,(anonymous_8)
DA:16,9
DA:17,3
DA:21,9
DA:22,0
DA:26,9
DA:27,1
DA:30,9
DA:31,1
DA:34,9
DA:36,9
DA:37,8
DA:50,3
LF:12
LH:11
BRF:0
BRH:0
end_of_record
TN:
SF:src\hooks\useSafeInput.ts
FN:9,(anonymous_0)
FN:10,(anonymous_1)
FN:12,(anonymous_2)
FN:13,(anonymous_3)
FNF:4
FNH:4
FNDA:12,(anonymous_0)
FNDA:9,(anonymous_1)
FNDA:6,(anonymous_2)
FNDA:6,(anonymous_3)
DA:9,1
DA:10,12
DA:12,12
DA:13,6
DA:14,6
DA:15,6
DA:19,12
LF:7
LH:7
BRDA:9,0,0,12
BRDA:14,1,0,2
BRDA:14,1,1,4
BRF:3
BRH:3
end_of_record
TN:
SF:src\lib\imagekit.config.ts
FN:16,getImageKitConfig
FNF:1
FNH:0
FNDA:0,getImageKitConfig
DA:8,2
DA:17,0
DA:20,2
LF:3
LH:2
BRF:0
BRH:0
end_of_record
TN:
SF:src\lib\imagekit.paths.ts
FN:20,(anonymous_0)
FN:36,ikPath
FNF:2
FNH:2
FNDA:6,(anonymous_0)
FNDA:8,ikPath
DA:1,3
DA:19,3
DA:21,6
DA:22,6
DA:23,6
DA:24,6
DA:25,0
DA:29,6
DA:31,6
DA:38,8
DA:40,8
DA:41,8
DA:42,8
DA:44,8
DA:45,7
DA:46,6
LF:16
LH:15
BRDA:22,0,0,6
BRDA:22,0,1,0
BRDA:24,1,0,0
BRDA:24,1,1,6
BRDA:38,2,0,0
BRDA:38,2,1,8
BRDA:41,3,0,7
BRDA:41,3,1,1
BRDA:44,4,0,1
BRDA:44,4,1,7
BRDA:44,5,0,1
BRDA:44,5,1,0
BRDA:45,6,0,1
BRDA:45,6,1,6
BRF:14
BRH:10
end_of_record
TN:
SF:src\utils\getInitials.ts
FN:7,getInitials
FN:12,(anonymous_1)
FN:13,(anonymous_2)
FNF:3
FNH:3
FNDA:7,getInitials
FNDA:9,(anonymous_1)
FNDA:9,(anonymous_2)
DA:8,7
DA:9,5
DA:12,9
DA:13,9
LF:4
LH:4
BRDA:8,0,0,2
BRDA:8,0,1,5
BRF:2
BRH:2
end_of_record
TN:
SF:src\utils\imagekit.utils.ts
FN:36,serialise
FN:57,buildImageKitUrl
FN:69,buildSrcSet
FN:75,(anonymous_3)
FN:85,buildLqipUrl
FN:98,buildAvatarUrl
FN:110,buildOgImageUrl
FN:138,createFolderScope
FN:141,(anonymous_8)
FN:142,(anonymous_9)
FN:143,(anonymous_10)
FN:145,(anonymous_11)
FN:146,(anonymous_12)
FN:147,(anonymous_13)
FNF:14
FNH:8
FNDA:22,serialise
FNDA:30,buildImageKitUrl
FNDA:5,buildSrcSet
FNDA:8,(anonymous_3)
FNDA:7,buildLqipUrl
FNDA:1,buildAvatarUrl
FNDA:1,buildOgImageUrl
FNDA:2,createFolderScope
FNDA:0,(anonymous_8)
FNDA:0,(anonymous_9)
FNDA:0,(anonymous_10)
FNDA:0,(anonymous_11)
FNDA:0,(anonymous_12)
FNDA:0,(anonymous_13)
DA:7,2
DA:9,2
DA:37,22
DA:38,22
DA:39,22
DA:40,49
DA:41,49
DA:42,49
DA:43,0
DA:44,0
DA:46,0
DA:48,49
DA:49,0
DA:51,49
DA:54,22
DA:61,30
DA:62,30
DA:63,22
DA:64,30
DA:65,30
DA:66,20
DA:74,5
DA:76,8
DA:80,8
DA:90,7
DA:99,1
DA:111,1
DA:139,2
DA:141,0
DA:142,0
DA:144,0
DA:145,0
DA:146,0
DA:147,0
LF:34
LH:24
BRDA:37,0,0,0
BRDA:37,0,1,22
BRDA:40,1,0,0
BRDA:40,1,1,49
BRDA:40,2,0,49
BRDA:40,2,1,49
BRDA:42,3,0,0
BRDA:42,3,1,49
BRDA:43,4,0,0
BRDA:43,4,1,0
BRDA:48,5,0,0
BRDA:48,5,1,49
BRDA:49,6,0,0
BRDA:49,6,1,0
BRDA:61,7,0,24
BRDA:61,7,1,2
BRDA:62,8,0,4
BRDA:62,8,1,26
BRDA:63,9,0,2
BRDA:63,9,1,20
BRDA:65,10,0,2
BRDA:65,10,1,28
BRDA:71,11,0,5
BRDA:87,12,0,7
BRDA:88,13,0,7
BRDA:98,14,0,1
BRF:26
BRH:18
end_of_record
TN:
SF:src\utils\sanitize.ts
FN:8,(anonymous_0)
FN:21,(anonymous_1)
FN:29,(anonymous_2)
FN:55,(anonymous_3)
FNF:4
FNH:3
FNDA:0,(anonymous_0)
FNDA:15,(anonymous_1)
FNDA:7,(anonymous_2)
FNDA:7,(anonymous_3)
DA:8,2
DA:9,0
DA:21,2
DA:22,15
DA:29,2
DA:30,7
DA:33,7
DA:34,7
DA:35,0
DA:39,7
DA:40,0
DA:43,7
DA:44,7
DA:45,7
DA:48,0
DA:55,2
DA:56,7
LF:17
LH:13
BRDA:30,0,0,0
BRDA:30,0,1,7
BRDA:34,1,0,0
BRDA:34,1,1,7
BRDA:34,2,0,7
BRDA:34,2,1,7
BRDA:39,3,0,0
BRDA:39,3,1,7
BRDA:48,4,0,0
BRDA:48,4,1,0
BRDA:55,5,0,7
BRDA:56,6,0,7
BRDA:56,6,1,0
BRF:13
BRH:7
end_of_record
